HighwayLayerLogX,"M:\Application\Model One\Networks\TM1_2015_Base_Network\hwy\freeflow.net",5,81,6/5/2024 10:27:08 AM
Node,N,X,Y,GGFARE,PROJ[1]
Link,A,B,DISTANCE,SPDCLASS,CAPCLASS,LANES,TSIN,GL,USE,OT,CAP,AT,FT,SIGCOR,TOS,AUX,YEAR,FFS,FFT,FT2000,ROUTENUM,HOT,TOLLCLASS,STATE,CITYID,CITYNAME[33],REGFREIGHT,BRT,TOLLEA_DA,TOLLEA_S2,TOLLEA_S3,TOLLEA_VSM,TOLLEA_SML,TOLLEA_MED,TOLLEA_LRG,TOLLAM_DA,TOLLAM_S2,TOLLAM_S3,TOLLAM_VSM,TOLLAM_SML,TOLLAM_MED,TOLLAM_LRG,TOLLMD_DA,TOLLMD_S2,TOLLMD_S3,TOLLMD_VSM,TOLLMD_SML,TOLLMD_MED,TOLLMD_LRG,TOLLPM_DA,TOLLPM_S2,TOLLPM_S3,TOLLPM_VSM,TOLLPM_SML,TOLLPM_MED,TOLLPM_LRG,TOLLEV_DA,TOLLEV_S2,TOLLEV_S3,TOLLEV_VSM,TOLLEV_SML,TOLLEV_MED,TOLLEV_LRG,ROUTEDIR[1],PROJ[1],AUTOOPC,SMTROPC,LRTROPC,BUSOPC,VOT,TRUCKVOT,SR2COSTSHARE,SR3COSTSHARE,TRKPCE,FIRSTVALUE,OWNEDAV_ZPV_FAC,TNC_ZPV_FACTOR,MEANS_BASED_TOL,TOLL_FLAT,AV_PCE,HOVXPEN
L,C,0;11659;11657;0.2;42;42;2;0;6;1;0;2150;4;2;0;0;0;0;65,0.1846;2,780;0;0;1;163;"Vallejo";0;0;0;0;0;0;0;0;0;0;0;0;0;0;0;0;0;0;0;0;0;0;0;0;0;0;0;0;0;0;0;0;0;0;0;0;0,"W";"";13.73;27.46;41.19;41.19;15;30;1.75;2.5;2;31;0;0;1;0;1;0
L,C,1;11614;11659;0.98;42;42;2;0;6;1;0;2150;4;2;0;0;0;0;65,0.9046;2,780;0;0;1;163;"Vallejo";0;0;0;0;0;0;0;0;0;0;0;0;0;0;0;0;0;0;0;0;0;0;0;0;0;0;0;0;0;0;0;0;0;0;0;0;0,"W";"";13.73;27.46;41.19;41.19;15;30;1.75;2.5;2;31;0;0;1;0;1;0
L,C,2;11613;11614;0.34;42;42;2;0;6;1;0;2150;4;2;0;0;0;0;65,0.3138;2,780;0;0;1;14;"Benicia";0;0;0;0;0;0;0;0;0;0;0;0;0;0;0;0;0;0;0;0;0;0;0;0;0;0;0;0;0;0;0;0;0;0;0;0;0,"W";"";13.73;27.46;41.19;41.19;15;30;1.75;2.5;2;31;0;0;1;0;1;0
L,C,0;11612;11613;0.45;42;42;2;0;6;1;0;2150;4;2;0;0;0;0;65,0.4154;2,780;0;0;1;14;"Benicia";0;0;0;0;0;0;0;0;0;0;0;0;0;0;0;0;0;0;0;0;0;0;0;0;0;0;0;0;0;0;0;0;0;0;0;0;0,"W";"";13.73;27.46;41.19;41.19;15;30;1.75;2.5;2;31;0;0;1;0;1;0
L,C,1;11609;11612;0.57;42;42;2;0;6;1;0;2150;4;2;0;0;0;0;65,0.5262;2,780;0;0;1;14;"Benicia";0;0;0;0;0;0;0;0;0;0;0;0;0;0;0;0;0;0;0;0;0;0;0;0;0;0;0;0;0;0;0;0;0;0;0;0;0,"W";"";13.73;27.46;41.19;41.19;15;30;1.75;2.5;2;31;0;0;1;0;1;0
L,C,2;11114;11609;0.54;42;42;2;0;6;1;0;2150;4;2;0;0;0;0;65,0.4985;2,780;0;0;1;14;"Benicia";0;0;0;0;0;0;0;0;0;0;0;0;0;0;0;0;0;0;0;0;0;0;0;0;0;0;0;0;0;0;0;0;0;0;0;0;0,"W";"";13.73;27.46;41.19;41.19;15;30;1.75;2.5;2;31;0;0;1;0;1;0
L,C,0;11082;11114;0.41;42;42;2;0;6;1;0;2150;4;2;0;0;0;0;65,0.3785;2,780;0;0;1;14;"Benicia";0;0;0;0;0;0;0;0;0;0;0;0;0;0;0;0;0;0;0;0;0;0;0;0;0;0;0;0;0;0;0;0;0;0;0;0;0,"W";"";13.73;27.46;41.19;41.19;15;30;1.75;2.5;2;31;0;0;1;0;1;0
L,C,1;11608;11082;0.65;42;42;2;0;6;1;0;2150;4;2;0;0;0;0;65;0.6;2,780;0;0;1;14;"Benicia";0;0;0;0;0;0;0;0;0;0;0;0;0;0;0;0;0;0;0;0;0;0;0;0;0;0;0;0;0;0;0;0;0;0;0;0;0,"W";"";13.73;27.46;41.19;41.19;15;30;1.75;2.5;2;31;0;0;1;0;1;0
L,C,2;11604;11608;0.22;42;42;2;0;6;1;0;2150;4;2;0;0;0;0;65,0.2031;2,780;0;0;1;14;"Benicia";0;0;0;0;0;0;0;0;0;0;0;0;0;0;0;0;0;0;0;0;0;0;0;0;0;0;0;0;0;0;0;0;0;0;0;0;0,"W";"";13.73;27.46;41.19;41.19;15;30;1.75;2.5;2;31;0;0;1;0;1;0
L,C,0;11601;11604;0.25;42;42;2;0;6;1;0;2150;4;2;0;0;0;0;65,0.2308;2,780;0;0;1;14;"Benicia";0;0;0;0;0;0;0;0;0;0;0;0;0;0;0;0;0;0;0;0;0;0;0;0;0;0;0;0;0;0;0;0;0;0;0;0;0,"W";"";13.73;27.46;41.19;41.19;15;30;1.75;2.5;2;31;0;0;1;0;1;0
L,C,1;11599;11601;0.22;42;42;2;0;6;1;0;2150;4;2;0;0;0;0;65,0.2031;2,780;0;0;1;14;"Benicia";0;0;0;0;0;0;0;0;0;0;0;0;0;0;0;0;0;0;0;0;0;0;0;0;0;0;0;0;0;0;0;0;0;0;0;0;0,"W";"";13.73;27.46;41.19;41.19;15;30;1.75;2.5;2;31;0;0;1;0;1;0
L,C,2;11624;11599;0.57;42;42;2;0;6;1;0;2150;4;2;0;0;0;0;65,0.5262;2,780;0;0;1;14;"Benicia";0;0;0;0;0;0;0;0;0;0;0;0;0;0;0;0;0;0;0;0;0;0;0;0;0;0;0;0;0;0;0;0;0;0;0;0;0,"W";"";13.73;27.46;41.19;41.19;15;30;1.75;2.5;2;31;0;0;1;0;1;0
L,C,0;11598;11623;0.6;42;42;2;0;6;1;0;2150;4;2;0;0;0;0;65,0.5538;2,780;0;0;1;14;"Benicia";0;0;0;0;0;0;0;0;0;0;0;0;0;0;0;0;0;0;0;0;0;0;0;0;0;0;0;0;0;0;0;0;0;0;0;0;0,"E";"";13.73;27.46;41.19;41.19;15;30;1.75;2.5;2;31;0;0;1;0;1;0
L,C,1;11602;11598;0.22;42;42;2;0;6;1;0;2150;4;2;0;0;0;0;65,0.2031;2,780;0;0;1;14;"Benicia";0;0;0;0;0;0;0;0;0;0;0;0;0;0;0;0;0;0;0;0;0;0;0;0;0;0;0;0;0;0;0;0;0;0;0;0;0,"E";"";13.73;27.46;41.19;41.19;15;30;1.75;2.5;2;31;0;0;1;0;1;0
L,C,2;11603;11602;0.24;42;42;2;0;6;1;0;2150;4;2;0;0;0;0;65,0.2215;2,780;0;0;1;14;"Benicia";0;0;0;0;0;0;0;0;0;0;0;0;0;0;0;0;0;0;0;0;0;0;0;0;0;0;0;0;0;0;0;0;0;0;0;0;0;"";"";13.73;27.46;41.19;41.19;15;30;1.75;2.5;2;31;0;0;1;0;1;0
L,C,0;11603;11602;0.24;42;42;2;0;6;1;0;2150;4;2;0;0;0;0;65;0.2215;2;780;0;0;1;14;"Benicia";0;0;0;0;0;0;0;0;0;0;0;0;0;0;0;0;0;0;0;0;0;0;0;0;0;0;0;0;0;0;0;0;0;0;0;0;0,"E";"";13.73;27.46;41.19;41.19;15;30;1.75;2.5;2;31;0;0;1;0;1;0
L,C,1;11607;11603;0.22;42;42;2;0;6;1;0;2150;4;2;0;0;0;0;65,0.2031;2,780;0;0;1;14;"Benicia";0;0;0;0;0;0;0;0;0;0;0;0;0;0;0;0;0;0;0;0;0;0;0;0;0;0;0;0;0;0;0;0;0;0;0;0;0,"E";"";13.73;27.46;41.19;41.19;15;30;1.75;2.5;2;31;0;0;1;0;1;0
L,C,2;11117;11607;1.07;42;42;2;0;6;1;0;2150;4;2;0;0;0;0;65,0.9877;2,780;0;0;1;14;"Benicia";0;0;0;0;0;0;0;0;0;0;0;0;0;0;0;0;0;0;0;0;0;0;0;0;0;0;0;0;0;0;0;0;0;0;0;0;0,"E";"";13.73;27.46;41.19;41.19;15;30;1.75;2.5;2;31;0;0;1;0;1;0
L,C,0;11116;11117;0.19;42;42;2;0;6;1;0;2150;4;2;0;0;0;0;65,0.1754;2,780;0;0;1;14;"Benicia";0;0;0;0;0;0;0;0;0;0;0;0;0;0;0;0;0;0;0;0;0;0;0;0;0;0;0;0;0;0;0;0;0;0;0;0;0,"E";"";13.73;27.46;41.19;41.19;15;30;1.75;2.5;2;31;0;0;1;0;1;0
L,C,1;11610;11116;0.35;42;42;2;0;6;1;0;2150;4;2;0;0;0;0;65,0.3231;2,780;0;0;1;14;"Benicia";0;0;0;0;0;0;0;0;0;0;0;0;0;0;0;0;0;0;0;0;0;0;0;0;0;0;0;0;0;0;0;0;0;0;0;0;0,"E";"";13.73;27.46;41.19;41.19;15;30;1.75;2.5;2;31;0;0;1;0;1;0
L,C,2;11639;11610;0.64;42;42;2;0;6;1;0;2150;4;2;0;0;0;0;65,0.5908;2,780;0;0;1;14;"Benicia";0;0;0;0;0;0;0;0;0;0;0;0;0;0;0;0;0;0;0;0;0;0;0;0;0;0;0;0;0;0;0;0;0;0;0;0;0,"E";"";13.73;27.46;41.19;41.19;15;30;1.75;2.5;2;31;0;0;1;0;1;0
L,C,0;11640;11639;0.42;42;42;2;0;6;1;0;2150;4;2;0;0;0;0;65,0.3877;2,780;0;0;1;14;"Benicia";0;0;0;0;0;0;0;0;0;0;0;0;0;0;0;0;0;0;0;0;0;0;0;0;0;0;0;0;0;0;0;0;0;0;0;0;0,"E";"";13.73;27.46;41.19;41.19;15;30;1.75;2.5;2;31;0;0;1;0;1;0
L,C,1;11641;11640;0.27;42;42;2;0;6;1;0;2150;4;2;0;0;0;0;65,0.2492;2,780;0;0;1;14;"Benicia";0;0;0;0;0;0;0;0;0;0;0;0;0;0;0;0;0;0;0;0;0;0;0;0;0;0;0;0;0;0;0;0;0;0;0;0;0,"E";"";13.73;27.46;41.19;41.19;15;30;1.75;2.5;2;31;0;0;1;0;1;0
L,C,2;11661;11641;0.98;42;42;2;0;6;1;0;2150;4;2;0;0;0;0;65,0.9046;2,780;0;0;1;163;"Vallejo";0;0;0;0;0;0;0;0;0;0;0;0;0;0;0;0;0;0;0;0;0;0;0;0;0;0;0;0;0;0;0;0;0;0;0;0;0;"";"";13.73;27.46;41.19;41.19;15;30;1.75;2.5;2;31;0;0;1;0;1;0
L,C,0;11661;11641;0.98;42;42;2;0;6;1;0;2150;4;2;0;0;0;0;65;0.9046;2;780;0;0;1;163;"Vallejo";0;0;0;0;0;0;0;0;0;0;0;0;0;0;0;0;0;0;0;0;0;0;0;0;0;0;0;0;0;0;0;0;0;0;0;0;0,"E";"";13.73;27.46;41.19;41.19;15;30;1.75;2.5;2;31;0;0;1;0;1;0
L,C,1;11658;11661;0.34;42;42;2;0;6;1;0;2150;4;2;0;0;0;0;65,0.3138;2,780;0;0;1;163;"Vallejo";0;0;0;0;0;0;0;0;0;0;0;0;0;0;0;0;0;0;0;0;0;0;0;0;0;0;0;0;0;0;0;0;0;0;0;0;0,"E";"";13.73;27.46;41.19;41.19;15;30;1.75;2.5;2;31;0;0;1;0;1;0
