HighwayLayerLogX,"M:\Application\Model One\Networks\TM1_2015_Base_Network\hwy\freeflow.net",4,64,1/3/2019 3:54:18 PM
Node,N,X,Y,GGFARE
Link,A,B,DISTANCE,SPDCLASS,CAPCLASS,LANES,TSIN,GL,USE,OT,CAP,AT,FT,SIGCOR,TOS,AUX,YEAR,FFS,FFT,FT2000,ROUTENUM,HOT,TOLLCLASS,STATE,CITYID,CITYNAME[33],REGFREIGHT,BRT,TOLLEA_DA,TOLLEA_S2,TOLLEA_S3,TOLLEA_VSM,TOLLEA_SML,TOLLEA_MED,TOLLEA_LRG,TOLLAM_DA,TOLLAM_S2,TOLLAM_S3,TOLLAM_VSM,TOLLAM_SML,TOLLAM_MED,TOLLAM_LRG,TOLLMD_DA,TOLLMD_S2,TOLLMD_S3,TOLLMD_VSM,TOLLMD_SML,TOLLMD_MED,TOLLMD_LRG,TOLLPM_DA,TOLLPM_S2,TOLLPM_S3,TOLLPM_VSM,TOLLPM_SML,TOLLPM_MED,TOLLPM_LRG,TOLLEV_DA,TOLLEV_S2,TOLLEV_S3,TOLLEV_VSM,TOLLEV_SML,TOLLEV_MED,TOLLEV_LRG,ROUTEDIR[1]
L,A,0,2708,20489,0.04205,36,36,7,1,4,1,0,0,3,6,0,0,0,0,18,0,6,0,0,0,0,110,"Oakland",0,0,0,0,0,0,0,0,0,0,0,0,0,0,0,0,0,0,0,0,0,0,0,0,0,0,0,0,0,0,0,0,0,0,0,0,0,""
L,A,0,20489,2708,0.04205,36,36,7,1,4,1,0,0,3,6,0,0,0,0,18,0,6,0,0,0,0,110,"Oakland",0,0,0,0,0,0,0,0,0,0,0,0,0,0,0,0,0,0,0,0,0,0,0,0,0,0,0,0,0,0,0,0,0,0,0,0,0,""
L,A,1,2702,20494,0.05381,36,36,7,1,4,1,0,0,3,6,0,0,0,0,18,0,6,0,0,0,0,110,"Oakland",0,0,0,0,0,0,0,0,0,0,0,0,0,0,0,0,0,0,0,0,0,0,0,0,0,0,0,0,0,0,0,0,0,0,0,0,0,""
L,A,1,20494,2702,0.05381,36,36,7,1,4,1,0,0,3,6,0,0,0,0,18,0,6,0,0,0,0,110,"Oakland",0,0,0,0,0,0,0,0,0,0,0,0,0,0,0,0,0,0,0,0,0,0,0,0,0,0,0,0,0,0,0,0,0,0,0,0,0,""
L,A,2,2905,20495,0.05637,36,36,7,1,4,1,0,0,3,6,0,0,0,0,18,0,6,0,0,0,0,110,"Oakland",0,0,0,0,0,0,0,0,0,0,0,0,0,0,0,0,0,0,0,0,0,0,0,0,0,0,0,0,0,0,0,0,0,0,0,0,0,""
L,A,2,20495,2905,0.05637,36,36,7,1,4,1,0,0,3,6,0,0,0,0,18,0,6,0,0,0,0,110,"Oakland",0,0,0,0,0,0,0,0,0,0,0,0,0,0,0,0,0,0,0,0,0,0,0,0,0,0,0,0,0,0,0,0,0,0,0,0,0,""
L,A,0,2906,20488,0.03985,36,36,7,1,4,1,0,0,3,6,0,0,0,0,18,0,6,0,0,0,0,110,"Oakland",0,0,0,0,0,0,0,0,0,0,0,0,0,0,0,0,0,0,0,0,0,0,0,0,0,0,0,0,0,0,0,0,0,0,0,0,0,""
L,A,0,20488,2906,0.03985,36,36,7,1,4,1,0,0,3,6,0,0,0,0,18,0,6,0,0,0,0,110,"Oakland",0,0,0,0,0,0,0,0,0,0,0,0,0,0,0,0,0,0,0,0,0,0,0,0,0,0,0,0,0,0,0,0,0,0,0,0,0,""
L,A,1,2911,20487,0.04782,36,36,7,1,4,1,0,0,3,6,0,0,0,0,18,0,6,0,0,0,0,110,"Oakland",0,0,0,0,0,0,0,0,0,0,0,0,0,0,0,0,0,0,0,0,0,0,0,0,0,0,0,0,0,0,0,0,0,0,0,0,0,""
L,A,1,20487,2911,0.04782,36,36,7,1,4,1,0,0,3,6,0,0,0,0,18,0,6,0,0,0,0,110,"Oakland",0,0,0,0,0,0,0,0,0,0,0,0,0,0,0,0,0,0,0,0,0,0,0,0,0,0,0,0,0,0,0,0,0,0,0,0,0,""
L,A,2,2912,20496,0.03653,36,36,7,1,4,1,0,0,3,6,0,0,0,0,18,0,6,0,0,0,0,110,"Oakland",0,0,0,0,0,0,0,0,0,0,0,0,0,0,0,0,0,0,0,0,0,0,0,0,0,0,0,0,0,0,0,0,0,0,0,0,0,""
L,A,2,20496,2912,0.03653,36,36,7,1,4,1,0,0,3,6,0,0,0,0,18,0,6,0,0,0,0,110,"Oakland",0,0,0,0,0,0,0,0,0,0,0,0,0,0,0,0,0,0,0,0,0,0,0,0,0,0,0,0,0,0,0,0,0,0,0,0,0,""
L,A,0,2904,20497,0.04265,36,36,7,1,4,1,0,0,3,6,0,0,0,0,18,0,6,0,0,0,0,110,"Oakland",0,0,0,0,0,0,0,0,0,0,0,0,0,0,0,0,0,0,0,0,0,0,0,0,0,0,0,0,0,0,0,0,0,0,0,0,0,""
L,A,0,20497,2904,0.04265,36,36,7,1,4,1,0,0,3,6,0,0,0,0,18,0,6,0,0,0,0,110,"Oakland",0,0,0,0,0,0,0,0,0,0,0,0,0,0,0,0,0,0,0,0,0,0,0,0,0,0,0,0,0,0,0,0,0,0,0,0,0,""
L,A,1,2902,20486,0.04363,36,36,7,1,4,1,0,0,3,6,0,0,0,0,18,0,6,0,0,0,0,110,"Oakland",0,0,0,0,0,0,0,0,0,0,0,0,0,0,0,0,0,0,0,0,0,0,0,0,0,0,0,0,0,0,0,0,0,0,0,0,0,""
L,A,1,20486,2902,0.04363,36,36,7,1,4,1,0,0,3,6,0,0,0,0,18,0,6,0,0,0,0,110,"Oakland",0,0,0,0,0,0,0,0,0,0,0,0,0,0,0,0,0,0,0,0,0,0,0,0,0,0,0,0,0,0,0,0,0,0,0,0,0,""
L,A,2,2903,20485,0.03731,36,36,7,1,4,1,0,0,3,6,0,0,0,0,18,0,6,0,0,0,0,110,"Oakland",0,0,0,0,0,0,0,0,0,0,0,0,0,0,0,0,0,0,0,0,0,0,0,0,0,0,0,0,0,0,0,0,0,0,0,0,0,""
L,A,2,20485,2903,0.03731,36,36,7,1,4,1,0,0,3,6,0,0,0,0,18,0,6,0,0,0,0,110,"Oakland",0,0,0,0,0,0,0,0,0,0,0,0,0,0,0,0,0,0,0,0,0,0,0,0,0,0,0,0,0,0,0,0,0,0,0,0,0,""
L,A,0,2964,20484,0.02963,36,36,7,1,4,1,0,0,3,6,0,0,0,0,18,0,6,0,0,0,0,110,"Oakland",0,0,0,0,0,0,0,0,0,0,0,0,0,0,0,0,0,0,0,0,0,0,0,0,0,0,0,0,0,0,0,0,0,0,0,0,0,""
L,A,0,20484,2964,0.02963,36,36,7,1,4,1,0,0,3,6,0,0,0,0,18,0,6,0,0,0,0,110,"Oakland",0,0,0,0,0,0,0,0,0,0,0,0,0,0,0,0,0,0,0,0,0,0,0,0,0,0,0,0,0,0,0,0,0,0,0,0,0,""
L,A,1,2941,20498,0.03318,36,36,7,1,4,1,0,0,3,6,0,0,0,0,18,0,6,0,0,0,0,110,"Oakland",0,0,0,0,0,0,0,0,0,0,0,0,0,0,0,0,0,0,0,0,0,0,0,0,0,0,0,0,0,0,0,0,0,0,0,0,0,""
L,A,1,20498,2941,0.03318,36,36,7,1,4,1,0,0,3,6,0,0,0,0,18,0,6,0,0,0,0,110,"Oakland",0,0,0,0,0,0,0,0,0,0,0,0,0,0,0,0,0,0,0,0,0,0,0,0,0,0,0,0,0,0,0,0,0,0,0,0,0,""
L,A,2,2939,20499,0.03354,36,36,7,1,4,1,0,0,3,6,0,0,0,0,18,0,6,0,0,0,0,110,"Oakland",0,0,0,0,0,0,0,0,0,0,0,0,0,0,0,0,0,0,0,0,0,0,0,0,0,0,0,0,0,0,0,0,0,0,0,0,0,""
L,A,2,20499,2939,0.03354,36,36,7,1,4,1,0,0,3,6,0,0,0,0,18,0,6,0,0,0,0,110,"Oakland",0,0,0,0,0,0,0,0,0,0,0,0,0,0,0,0,0,0,0,0,0,0,0,0,0,0,0,0,0,0,0,0,0,0,0,0,0,""
L,A,0,2963,20483,0.02735,36,36,7,1,4,1,0,0,3,6,0,0,0,0,18,0,6,0,0,0,0,110,"Oakland",0,0,0,0,0,0,0,0,0,0,0,0,0,0,0,0,0,0,0,0,0,0,0,0,0,0,0,0,0,0,0,0,0,0,0,0,0,""
L,A,0,20483,2963,0.02735,36,36,7,1,4,1,0,0,3,6,0,0,0,0,18,0,6,0,0,0,0,110,"Oakland",0,0,0,0,0,0,0,0,0,0,0,0,0,0,0,0,0,0,0,0,0,0,0,0,0,0,0,0,0,0,0,0,0,0,0,0,0,""
N,A,1,20577,568151.10683,4184137.25934,0
L,A,1,2959,20577,0.04359,36,36,7,1,4,1,0,0,3,6,0,0,0,0,18,0,6,0,0,0,0,110,"Oakland",0,0,0,0,0,0,0,0,0,0,0,0,0,0,0,0,0,0,0,0,0,0,0,0,0,0,0,0,0,0,0,0,0,0,0,0,0,""
L,A,1,20577,2959,0.04359,36,36,7,1,4,1,0,0,3,6,0,0,0,0,18,0,6,0,0,0,0,110,"Oakland",0,0,0,0,0,0,0,0,0,0,0,0,0,0,0,0,0,0,0,0,0,0,0,0,0,0,0,0,0,0,0,0,0,0,0,0,0,""
N,A,2,20578,568220.57812,4183840.59813,0
L,A,2,3166,20578,0.03758,36,36,7,1,4,1,0,0,3,6,0,0,0,0,18,0,6,0,0,0,0,110,"Oakland",0,0,0,0,0,0,0,0,0,0,0,0,0,0,0,0,0,0,0,0,0,0,0,0,0,0,0,0,0,0,0,0,0,0,0,0,0,""
L,A,2,20578,3166,0.03758,36,36,7,1,4,1,0,0,3,6,0,0,0,0,18,0,6,0,0,0,0,110,"Oakland",0,0,0,0,0,0,0,0,0,0,0,0,0,0,0,0,0,0,0,0,0,0,0,0,0,0,0,0,0,0,0,0,0,0,0,0,0,""
N,A,0,20579,568470.29926,4183761.73883,0
L,A,0,3165,20579,0.0331,36,36,7,1,4,1,0,0,3,6,0,0,0,0,18,0,6,0,0,0,0,110,"Oakland",0,0,0,0,0,0,0,0,0,0,0,0,0,0,0,0,0,0,0,0,0,0,0,0,0,0,0,0,0,0,0,0,0,0,0,0,0,""
L,A,0,20579,3165,0.0331,36,36,7,1,4,1,0,0,3,6,0,0,0,0,18,0,6,0,0,0,0,110,"Oakland",0,0,0,0,0,0,0,0,0,0,0,0,0,0,0,0,0,0,0,0,0,0,0,0,0,0,0,0,0,0,0,0,0,0,0,0,0,""
N,A,1,20580,568558.54658,4183911.94703,0
L,A,1,2958,20580,0.04871,36,36,7,1,4,1,0,0,3,6,0,0,0,0,18,0,6,0,0,0,0,110,"Oakland",0,0,0,0,0,0,0,0,0,0,0,0,0,0,0,0,0,0,0,0,0,0,0,0,0,0,0,0,0,0,0,0,0,0,0,0,0,""
L,A,1,20580,2958,0.04871,36,36,7,1,4,1,0,0,3,6,0,0,0,0,18,0,6,0,0,0,0,110,"Oakland",0,0,0,0,0,0,0,0,0,0,0,0,0,0,0,0,0,0,0,0,0,0,0,0,0,0,0,0,0,0,0,0,0,0,0,0,0,""
N,A,2,20581,570009.93335,4183316.74702,0
L,A,2,3144,20581,0.03769,36,36,7,1,4,1,0,0,3,6,0,0,0,0,18,0,6,0,0,0,0,110,"Oakland",0,0,0,0,0,0,0,0,0,0,0,0,0,0,0,0,0,0,0,0,0,0,0,0,0,0,0,0,0,0,0,0,0,0,0,0,0,""
L,A,2,20581,3144,0.03769,36,36,7,1,4,1,0,0,3,6,0,0,0,0,18,0,6,0,0,0,0,110,"Oakland",0,0,0,0,0,0,0,0,0,0,0,0,0,0,0,0,0,0,0,0,0,0,0,0,0,0,0,0,0,0,0,0,0,0,0,0,0,""
N,A,0,20582,569910.42041,4183196.58046,0
L,A,0,3143,20582,0.0326,36,36,7,1,4,1,0,0,3,6,0,0,0,0,18,0,6,0,0,0,0,110,"Oakland",0,0,0,0,0,0,0,0,0,0,0,0,0,0,0,0,0,0,0,0,0,0,0,0,0,0,0,0,0,0,0,0,0,0,0,0,0,""
L,A,0,20582,3143,0.0326,36,36,7,1,4,1,0,0,3,6,0,0,0,0,18,0,6,0,0,0,0,110,"Oakland",0,0,0,0,0,0,0,0,0,0,0,0,0,0,0,0,0,0,0,0,0,0,0,0,0,0,0,0,0,0,0,0,0,0,0,0,0,""
N,A,1,20583,570511.25323,4182556.31799,0
L,A,1,3117,20583,0.02453,36,36,7,1,4,1,0,0,3,6,0,0,0,0,18,0,6,0,0,0,0,110,"Oakland",0,0,0,0,0,0,0,0,0,0,0,0,0,0,0,0,0,0,0,0,0,0,0,0,0,0,0,0,0,0,0,0,0,0,0,0,0,""
L,A,1,20583,3117,0.02453,36,36,7,1,4,1,0,0,3,6,0,0,0,0,18,0,6,0,0,0,0,110,"Oakland",0,0,0,0,0,0,0,0,0,0,0,0,0,0,0,0,0,0,0,0,0,0,0,0,0,0,0,0,0,0,0,0,0,0,0,0,0,""
N,A,2,20584,570608.88856,4182659.58613,0
L,A,2,3116,20584,0.03745,36,36,7,1,4,1,0,0,3,6,0,0,0,0,18,0,6,0,0,0,0,110,"Oakland",0,0,0,0,0,0,0,0,0,0,0,0,0,0,0,0,0,0,0,0,0,0,0,0,0,0,0,0,0,0,0,0,0,0,0,0,0,""
L,A,2,20584,3116,0.03745,36,36,7,1,4,1,0,0,3,6,0,0,0,0,18,0,6,0,0,0,0,110,"Oakland",0,0,0,0,0,0,0,0,0,0,0,0,0,0,0,0,0,0,0,0,0,0,0,0,0,0,0,0,0,0,0,0,0,0,0,0,0,""
N,A,0,20585,571190.94535,4182122.5918,0
L,A,0,3131,20585,0.03782,36,36,7,1,4,1,0,0,3,6,0,0,0,0,18,0,6,0,0,0,0,110,"Oakland",0,0,0,0,0,0,0,0,0,0,0,0,0,0,0,0,0,0,0,0,0,0,0,0,0,0,0,0,0,0,0,0,0,0,0,0,0,""
L,A,0,20585,3131,0.03782,36,36,7,1,4,1,0,0,3,6,0,0,0,0,18,0,6,0,0,0,0,110,"Oakland",0,0,0,0,0,0,0,0,0,0,0,0,0,0,0,0,0,0,0,0,0,0,0,0,0,0,0,0,0,0,0,0,0,0,0,0,0,""
N,A,1,20586,571303.6015,4182310.35206,0
L,A,1,3132,20586,0.03066,36,36,7,1,4,1,0,0,3,6,0,0,0,0,18,0,6,0,0,0,0,110,"Oakland",0,0,0,0,0,0,0,0,0,0,0,0,0,0,0,0,0,0,0,0,0,0,0,0,0,0,0,0,0,0,0,0,0,0,0,0,0,""
L,A,1,20586,3132,0.03066,36,36,7,1,4,1,0,0,3,6,0,0,0,0,18,0,6,0,0,0,0,110,"Oakland",0,0,0,0,0,0,0,0,0,0,0,0,0,0,0,0,0,0,0,0,0,0,0,0,0,0,0,0,0,0,0,0,0,0,0,0,0,""
N,A,2,20587,571677.24441,4182229.61515,0
L,A,2,3126,20587,0.04656,36,36,7,1,4,1,0,0,3,6,0,0,0,0,18,0,6,0,0,0,0,110,"Oakland",0,0,0,0,0,0,0,0,0,0,0,0,0,0,0,0,0,0,0,0,0,0,0,0,0,0,0,0,0,0,0,0,0,0,0,0,0,""
L,A,2,20587,3126,0.04656,36,36,7,1,4,1,0,0,3,6,0,0,0,0,18,0,6,0,0,0,0,110,"Oakland",0,0,0,0,0,0,0,0,0,0,0,0,0,0,0,0,0,0,0,0,0,0,0,0,0,0,0,0,0,0,0,0,0,0,0,0,0,""
N,A,0,20588,571799.28857,4181957.36278,0
L,A,0,3133,20588,0.0393,36,36,7,1,4,1,0,0,3,6,0,0,0,0,18,0,6,0,0,0,0,110,"Oakland",0,0,0,0,0,0,0,0,0,0,0,0,0,0,0,0,0,0,0,0,0,0,0,0,0,0,0,0,0,0,0,0,0,0,0,0,0,""
L,A,0,20588,3133,0.0393,36,36,7,1,4,1,0,0,3,6,0,0,0,0,18,0,6,0,0,0,0,110,"Oakland",0,0,0,0,0,0,0,0,0,0,0,0,0,0,0,0,0,0,0,0,0,0,0,0,0,0,0,0,0,0,0,0,0,0,0,0,0,""
N,A,1,20589,572873.27723,4181570.57666,0
L,A,1,3083,20589,0.04373,36,36,7,1,4,1,0,0,3,6,0,0,0,0,18,0,6,0,0,0,0,110,"Oakland",0,0,0,0,0,0,0,0,0,0,0,0,0,0,0,0,0,0,0,0,0,0,0,0,0,0,0,0,0,0,0,0,0,0,0,0,0,""
L,A,1,20589,3083,0.04373,36,36,7,1,4,1,0,0,3,6,0,0,0,0,18,0,6,0,0,0,0,110,"Oakland",0,0,0,0,0,0,0,0,0,0,0,0,0,0,0,0,0,0,0,0,0,0,0,0,0,0,0,0,0,0,0,0,0,0,0,0,0,""
N,A,2,20590,573061.03748,4181715.15205,0
L,A,2,3054,20590,0.04505,36,36,7,1,4,1,0,0,3,6,0,0,0,0,18,0,6,0,0,0,0,110,"Oakland",0,0,0,0,0,0,0,0,0,0,0,0,0,0,0,0,0,0,0,0,0,0,0,0,0,0,0,0,0,0,0,0,0,0,0,0,0,""
L,A,2,20590,3054,0.04505,36,36,7,1,4,1,0,0,3,6,0,0,0,0,18,0,6,0,0,0,0,110,"Oakland",0,0,0,0,0,0,0,0,0,0,0,0,0,0,0,0,0,0,0,0,0,0,0,0,0,0,0,0,0,0,0,0,0,0,0,0,0,""
N,A,0,20591,573335.16745,4181307.7123,0
L,A,0,3084,20591,0.05143,36,36,7,1,4,1,0,0,3,6,0,0,0,0,18,0,6,0,0,0,0,110,"Oakland",0,0,0,0,0,0,0,0,0,0,0,0,0,0,0,0,0,0,0,0,0,0,0,0,0,0,0,0,0,0,0,0,0,0,0,0,0,""
L,A,0,20591,3084,0.05143,36,36,7,1,4,1,0,0,3,6,0,0,0,0,18,0,6,0,0,0,0,110,"Oakland",0,0,0,0,0,0,0,0,0,0,0,0,0,0,0,0,0,0,0,0,0,0,0,0,0,0,0,0,0,0,0,0,0,0,0,0,0,""
N,A,1,20592,573485.37566,4181516.12618,0
L,A,1,3055,20592,0.0561,36,36,7,1,4,1,0,0,3,6,0,0,0,0,18,0,6,0,0,0,0,110,"Oakland",0,0,0,0,0,0,0,0,0,0,0,0,0,0,0,0,0,0,0,0,0,0,0,0,0,0,0,0,0,0,0,0,0,0,0,0,0,""
L,A,1,20592,3055,0.0561,36,36,7,1,4,1,0,0,3,6,0,0,0,0,18,0,6,0,0,0,0,110,"Oakland",0,0,0,0,0,0,0,0,0,0,0,0,0,0,0,0,0,0,0,0,0,0,0,0,0,0,0,0,0,0,0,0,0,0,0,0,0,""
N,A,2,20593,574123.76052,4181042.97034,0
L,A,2,3086,20593,0.03446,36,36,7,1,4,1,0,0,3,6,0,0,0,0,18,0,6,0,0,0,0,110,"Oakland",0,0,0,0,0,0,0,0,0,0,0,0,0,0,0,0,0,0,0,0,0,0,0,0,0,0,0,0,0,0,0,0,0,0,0,0,0,""
L,A,2,20593,3086,0.03446,36,36,7,1,4,1,0,0,3,6,0,0,0,0,18,0,6,0,0,0,0,110,"Oakland",0,0,0,0,0,0,0,0,0,0,0,0,0,0,0,0,0,0,0,0,0,0,0,0,0,0,0,0,0,0,0,0,0,0,0,0,0,""
N,A,0,20594,574007.34916,4180930.31419,0
L,A,0,3085,20594,0.04018,36,36,7,1,4,1,0,0,3,6,0,0,0,0,18,0,6,0,0,0,0,110,"Oakland",0,0,0,0,0,0,0,0,0,0,0,0,0,0,0,0,0,0,0,0,0,0,0,0,0,0,0,0,0,0,0,0,0,0,0,0,0,""
L,A,0,20594,3085,0.04018,36,36,7,1,4,1,0,0,3,6,0,0,0,0,18,0,6,0,0,0,0,110,"Oakland",0,0,0,0,0,0,0,0,0,0,0,0,0,0,0,0,0,0,0,0,0,0,0,0,0,0,0,0,0,0,0,0,0,0,0,0,0,""
N,A,1,20595,574367.84885,4180556.67128,0
L,A,1,3065,20595,0.04423,36,36,7,1,4,1,0,0,3,6,0,0,0,0,18,0,6,0,0,0,0,110,"Oakland",0,0,0,0,0,0,0,0,0,0,0,0,0,0,0,0,0,0,0,0,0,0,0,0,0,0,0,0,0,0,0,0,0,0,0,0,0,""
L,A,1,20595,3065,0.04423,36,36,7,1,4,1,0,0,3,6,0,0,0,0,18,0,6,0,0,0,0,110,"Oakland",0,0,0,0,0,0,0,0,0,0,0,0,0,0,0,0,0,0,0,0,0,0,0,0,0,0,0,0,0,0,0,0,0,0,0,0,0,""
N,A,2,20596,574574.38513,4180656.18422,0
L,A,2,3066,20596,0.05654,36,36,7,1,4,1,0,0,3,6,0,0,0,0,18,0,6,0,0,0,0,110,"Oakland",0,0,0,0,0,0,0,0,0,0,0,0,0,0,0,0,0,0,0,0,0,0,0,0,0,0,0,0,0,0,0,0,0,0,0,0,0,""
L,A,2,20596,3066,0.05654,36,36,7,1,4,1,0,0,3,6,0,0,0,0,18,0,6,0,0,0,0,110,"Oakland",0,0,0,0,0,0,0,0,0,0,0,0,0,0,0,0,0,0,0,0,0,0,0,0,0,0,0,0,0,0,0,0,0,0,0,0,0,""
N,A,0,20597,574812.84066,4179037.69082,0
L,A,0,3067,20597,0.05525,36,36,7,1,4,1,0,0,3,6,0,0,0,0,18,0,6,0,0,0,0,110,"Oakland",0,0,0,0,0,0,0,0,0,0,0,0,0,0,0,0,0,0,0,0,0,0,0,0,0,0,0,0,0,0,0,0,0,0,0,0,0,""
L,A,0,20597,3067,0.05525,36,36,7,1,4,1,0,0,3,6,0,0,0,0,18,0,6,0,0,0,0,110,"Oakland",0,0,0,0,0,0,0,0,0,0,0,0,0,0,0,0,0,0,0,0,0,0,0,0,0,0,0,0,0,0,0,0,0,0,0,0,0,""
N,A,1,20598,575070.07221,4179077.12048,0
L,A,1,3068,20598,0.05227,36,36,7,1,4,1,0,0,3,6,0,0,0,0,18,0,6,0,0,0,0,110,"Oakland",0,0,0,0,0,0,0,0,0,0,0,0,0,0,0,0,0,0,0,0,0,0,0,0,0,0,0,0,0,0,0,0,0,0,0,0,0,""
L,A,1,20598,3068,0.05227,36,36,7,1,4,1,0,0,3,6,0,0,0,0,18,0,6,0,0,0,0,110,"Oakland",0,0,0,0,0,0,0,0,0,0,0,0,0,0,0,0,0,0,0,0,0,0,0,0,0,0,0,0,0,0,0,0,0,0,0,0,0,""
N,A,2,20599,574651.36684,4178055.70469,0
L,A,2,3350,20599,0.06251,36,36,7,1,4,1,0,0,3,6,0,0,0,0,18,0,6,0,0,0,0,110,"Oakland",0,0,0,0,0,0,0,0,0,0,0,0,0,0,0,0,0,0,0,0,0,0,0,0,0,0,0,0,0,0,0,0,0,0,0,0,0,""
L,A,2,20599,3350,0.06251,36,36,7,1,4,1,0,0,3,6,0,0,0,0,18,0,6,0,0,0,0,110,"Oakland",0,0,0,0,0,0,0,0,0,0,0,0,0,0,0,0,0,0,0,0,0,0,0,0,0,0,0,0,0,0,0,0,0,0,0,0,0,""
N,A,0,20600,574978.06968,4178151.46242,0
L,A,0,3351,20600,0.05403,36,36,7,1,4,1,0,0,3,6,0,0,0,0,18,0,6,0,0,0,0,110,"Oakland",0,0,0,0,0,0,0,0,0,0,0,0,0,0,0,0,0,0,0,0,0,0,0,0,0,0,0,0,0,0,0,0,0,0,0,0,0,""
L,A,0,20600,3351,0.05403,36,36,7,1,4,1,0,0,3,6,0,0,0,0,18,0,6,0,0,0,0,110,"Oakland",0,0,0,0,0,0,0,0,0,0,0,0,0,0,0,0,0,0,0,0,0,0,0,0,0,0,0,0,0,0,0,0,0,0,0,0,0,""
N,A,1,20601,575832.37884,4177060.57534,0
L,A,1,3354,20601,0.05782,36,36,7,1,4,1,0,0,3,6,0,0,0,0,18,0,6,0,0,0,0,110,"Oakland",0,0,0,0,0,0,0,0,0,0,0,0,0,0,0,0,0,0,0,0,0,0,0,0,0,0,0,0,0,0,0,0,0,0,0,0,0,""
L,A,1,20601,3354,0.05782,36,36,7,1,4,1,0,0,3,6,0,0,0,0,18,0,6,0,0,0,0,110,"Oakland",0,0,0,0,0,0,0,0,0,0,0,0,0,0,0,0,0,0,0,0,0,0,0,0,0,0,0,0,0,0,0,0,0,0,0,0,0,""
N,A,2,20602,575663.39461,4176962.94001,0
L,A,2,3353,20602,0.02289,36,36,7,1,4,1,0,0,3,6,0,0,0,0,18,0,6,0,0,0,0,110,"Oakland",0,0,0,0,0,0,0,0,0,0,0,0,0,0,0,0,0,0,0,0,0,0,0,0,0,0,0,0,0,0,0,0,0,0,0,0,0,""
L,A,2,20602,3353,0.02289,36,36,7,1,4,1,0,0,3,6,0,0,0,0,18,0,6,0,0,0,0,110,"Oakland",0,0,0,0,0,0,0,0,0,0,0,0,0,0,0,0,0,0,0,0,0,0,0,0,0,0,0,0,0,0,0,0,0,0,0,0,0,""
N,A,0,20603,575911.23815,4176795.83339,0
L,A,0,3061,20603,0.04188,36,36,7,1,4,1,0,0,3,6,0,0,0,0,18,0,6,0,0,0,0,110,"Oakland",0,0,0,0,0,0,0,0,0,0,0,0,0,0,0,0,0,0,0,0,0,0,0,0,0,0,0,0,0,0,0,0,0,0,0,0,0,""
L,A,0,20603,3061,0.04188,36,36,7,1,4,1,0,0,3,6,0,0,0,0,18,0,6,0,0,0,0,110,"Oakland",0,0,0,0,0,0,0,0,0,0,0,0,0,0,0,0,0,0,0,0,0,0,0,0,0,0,0,0,0,0,0,0,0,0,0,0,0,""
N,A,1,20604,575684.04824,4176718.85168,0
L,A,1,3338,20604,0.06655,36,36,7,1,4,1,0,0,3,6,0,0,0,0,18,0,6,0,0,0,0,110,"Oakland",0,0,0,0,0,0,0,0,0,0,0,0,0,0,0,0,0,0,0,0,0,0,0,0,0,0,0,0,0,0,0,0,0,0,0,0,0,""
L,A,1,20604,3338,0.06655,36,36,7,1,4,1,0,0,3,6,0,0,0,0,18,0,6,0,0,0,0,110,"Oakland",0,0,0,0,0,0,0,0,0,0,0,0,0,0,0,0,0,0,0,0,0,0,0,0,0,0,0,0,0,0,0,0,0,0,0,0,0,""
N,A,2,20605,576222.92017,4175571.63653,0
L,A,2,3453,20605,0.04804,36,36,7,1,4,1,0,0,3,6,0,0,0,0,18,0,6,0,0,0,0,110,"Oakland",0,0,0,0,0,0,0,0,0,0,0,0,0,0,0,0,0,0,0,0,0,0,0,0,0,0,0,0,0,0,0,0,0,0,0,0,0,""
L,A,2,20605,3453,0.04804,36,36,7,1,4,1,0,0,3,6,0,0,0,0,18,0,6,0,0,0,0,110,"Oakland",0,0,0,0,0,0,0,0,0,0,0,0,0,0,0,0,0,0,0,0,0,0,0,0,0,0,0,0,0,0,0,0,0,0,0,0,0,""
N,A,0,20606,576003.24067,4175487.14441,0
L,A,0,3335,20606,0.03942,36,36,7,1,4,1,0,0,3,6,0,0,0,0,18,0,6,0,0,0,0,110,"Oakland",0,0,0,0,0,0,0,0,0,0,0,0,0,0,0,0,0,0,0,0,0,0,0,0,0,0,0,0,0,0,0,0,0,0,0,0,0,""
L,A,0,20606,3335,0.03942,36,36,7,1,4,1,0,0,3,6,0,0,0,0,18,0,6,0,0,0,0,110,"Oakland",0,0,0,0,0,0,0,0,0,0,0,0,0,0,0,0,0,0,0,0,0,0,0,0,0,0,0,0,0,0,0,0,0,0,0,0,0,""
N,A,1,20607,577067.84131,4174244.17153,0
L,A,1,3447,20607,0.04827,36,36,7,1,4,1,0,0,3,6,0,0,0,0,18,0,6,0,0,0,0,110,"Oakland",0,0,0,0,0,0,0,0,0,0,0,0,0,0,0,0,0,0,0,0,0,0,0,0,0,0,0,0,0,0,0,0,0,0,0,0,0,""
L,A,1,20607,3447,0.04827,36,36,7,1,4,1,0,0,3,6,0,0,0,0,18,0,6,0,0,0,0,110,"Oakland",0,0,0,0,0,0,0,0,0,0,0,0,0,0,0,0,0,0,0,0,0,0,0,0,0,0,0,0,0,0,0,0,0,0,0,0,0,""
N,A,2,20608,576958.94037,4174015.10402,0
L,A,2,3443,20608,0.04913,36,36,7,1,4,1,0,0,3,6,0,0,0,0,18,0,6,0,0,0,0,110,"Oakland",0,0,0,0,0,0,0,0,0,0,0,0,0,0,0,0,0,0,0,0,0,0,0,0,0,0,0,0,0,0,0,0,0,0,0,0,0,""
L,A,2,20608,3443,0.04913,36,36,7,1,4,1,0,0,3,6,0,0,0,0,18,0,6,0,0,0,0,110,"Oakland",0,0,0,0,0,0,0,0,0,0,0,0,0,0,0,0,0,0,0,0,0,0,0,0,0,0,0,0,0,0,0,0,0,0,0,0,0,""
N,A,0,20609,578359.63186,4173215.24533,0
L,A,0,3481,20609,0.05643,36,36,7,1,4,1,0,0,3,6,0,0,0,0,18,0,6,0,0,0,0,110,"Oakland",0,0,0,0,0,0,0,0,0,0,0,0,0,0,0,0,0,0,0,0,0,0,0,0,0,0,0,0,0,0,0,0,0,0,0,0,0,""
L,A,0,20609,3481,0.05643,36,36,7,1,4,1,0,0,3,6,0,0,0,0,18,0,6,0,0,0,0,110,"Oakland",0,0,0,0,0,0,0,0,0,0,0,0,0,0,0,0,0,0,0,0,0,0,0,0,0,0,0,0,0,0,0,0,0,0,0,0,0,""
N,A,1,20610,578213.17886,4173040.6283,0
L,A,1,3444,20610,0.0458,36,36,7,1,4,1,0,0,3,6,0,0,0,0,18,0,6,0,0,0,0,110,"Oakland",0,0,0,0,0,0,0,0,0,0,0,0,0,0,0,0,0,0,0,0,0,0,0,0,0,0,0,0,0,0,0,0,0,0,0,0,0,""
L,A,1,20610,3444,0.0458,36,36,7,1,4,1,0,0,3,6,0,0,0,0,18,0,6,0,0,0,0,110,"Oakland",0,0,0,0,0,0,0,0,0,0,0,0,0,0,0,0,0,0,0,0,0,0,0,0,0,0,0,0,0,0,0,0,0,0,0,0,0,""
N,A,2,20611,578611.2306,4172682.00621,0
L,A,2,3445,20611,0.05082,36,36,7,1,4,1,0,0,3,6,0,0,0,0,18,0,6,0,0,0,0,110,"Oakland",0,0,0,0,0,0,0,0,0,0,0,0,0,0,0,0,0,0,0,0,0,0,0,0,0,0,0,0,0,0,0,0,0,0,0,0,0,""
L,A,2,20611,3445,0.05082,36,36,7,1,4,1,0,0,3,6,0,0,0,0,18,0,6,0,0,0,0,110,"Oakland",0,0,0,0,0,0,0,0,0,0,0,0,0,0,0,0,0,0,0,0,0,0,0,0,0,0,0,0,0,0,0,0,0,0,0,0,0,""
N,A,0,20612,578755.806,4172854.74564,0
L,A,0,3482,20612,0.04998,36,36,7,1,4,1,0,0,3,6,0,0,0,0,18,0,6,0,0,0,0,110,"Oakland",0,0,0,0,0,0,0,0,0,0,0,0,0,0,0,0,0,0,0,0,0,0,0,0,0,0,0,0,0,0,0,0,0,0,0,0,0,""
L,A,0,20612,3482,0.04998,36,36,7,1,4,1,0,0,3,6,0,0,0,0,18,0,6,0,0,0,0,110,"Oakland",0,0,0,0,0,0,0,0,0,0,0,0,0,0,0,0,0,0,0,0,0,0,0,0,0,0,0,0,0,0,0,0,0,0,0,0,0,""
N,A,1,20613,579255.24828,4172355.30337,0
L,A,1,3479,20613,0.07733,36,36,7,1,4,1,0,0,3,6,0,0,0,0,18,0,6,0,0,0,0,110,"Oakland",0,0,0,0,0,0,0,0,0,0,0,0,0,0,0,0,0,0,0,0,0,0,0,0,0,0,0,0,0,0,0,0,0,0,0,0,0,""
L,A,1,20613,3479,0.07733,36,36,7,1,4,1,0,0,3,6,0,0,0,0,18,0,6,0,0,0,0,110,"Oakland",0,0,0,0,0,0,0,0,0,0,0,0,0,0,0,0,0,0,0,0,0,0,0,0,0,0,0,0,0,0,0,0,0,0,0,0,0,""
N,A,2,20614,579150.10253,4172118.72545,0
L,A,2,3434,20614,0.03615,36,36,7,1,4,1,0,0,3,6,0,0,0,0,18,0,6,0,0,0,0,110,"Oakland",0,0,0,0,0,0,0,0,0,0,0,0,0,0,0,0,0,0,0,0,0,0,0,0,0,0,0,0,0,0,0,0,0,0,0,0,0,""
L,A,2,20614,3434,0.03615,36,36,7,1,4,1,0,0,3,6,0,0,0,0,18,0,6,0,0,0,0,110,"Oakland",0,0,0,0,0,0,0,0,0,0,0,0,0,0,0,0,0,0,0,0,0,0,0,0,0,0,0,0,0,0,0,0,0,0,0,0,0,""
