HighwayLayerLogX,"E:\GitHub\TM1_2015_Base_Network\hwy\freeflow.net",5,81,3/5/2025 2:43:29 PM
Node,N,X,Y,GGFARE,PROJ[1]
Link,A,B,DISTANCE,SPDCLASS,CAPCLASS,LANES,TSIN,GL,USE,OT,CAP,AT,FT,SIGCOR,TOS,AUX,YEAR,FFS,FFT,FT2000,ROUTENUM,HOT,TOLLCLASS,STATE,CITYID,CITYNAME[33],REGFREIGHT,BRT,TOLLEA_DA,TOLLEA_S2,TOLLEA_S3,TOLLEA_VSM,TOLLEA_SML,TOLLEA_MED,TOLLEA_LRG,TOLLAM_DA,TOLLAM_S2,TOLLAM_S3,TOLLAM_VSM,TOLLAM_SML,TOLLAM_MED,TOLLAM_LRG,TOLLMD_DA,TOLLMD_S2,TOLLMD_S3,TOLLMD_VSM,TOLLMD_SML,TOLLMD_MED,TOLLMD_LRG,TOLLPM_DA,TOLLPM_S2,TOLLPM_S3,TOLLPM_VSM,TOLLPM_SML,TOLLPM_MED,TOLLPM_LRG,TOLLEV_DA,TOLLEV_S2,TOLLEV_S3,TOLLEV_VSM,TOLLEV_SML,TOLLEV_MED,TOLLEV_LRG,ROUTEDIR[1],PROJ[1],AUTOOPC,SMTROPC,LRTROPC,BUSOPC,VOT,TRUCKVOT,SR2COSTSHARE,SR3COSTSHARE,TRKPCE,FIRSTVALUE,OWNEDAV_ZPV_FAC,TNC_ZPV_FACTOR,MEANS_BASED_TOL,TOLL_FLAT,AV_PCE,HOVXPEN
L,A,0,20363,20367,0.16769,0,0,0,0,0,0,0,0,0,0,0,0,0,0,0,0,0,0,0,0,0,0,"",0,0,0,0,0,0,0,0,0,0,0,0,0,0,0,0,0,0,0,0,0,0,0,0,0,0,0,0,0,0,0,0,0,0,0,0,0,"","",0,0,0,0,0,0,0,0,0,0,0,0,0,0,0,0
L,A,1,20367,20364,0.21896,0,0,0,0,0,0,0,0,0,0,0,0,0,0,0,0,0,0,0,0,0,0,"",0,0,0,0,0,0,0,0,0,0,0,0,0,0,0,0,0,0,0,0,0,0,0,0,0,0,0,0,0,0,0,0,0,0,0,0,0,"","",0,0,0,0,0,0,0,0,0,0,0,0,0,0,0,0
L,A,2,20364,20365,0.16384,0,0,0,0,0,0,0,0,0,0,0,0,0,0,0,0,0,0,0,0,0,0,"",0,0,0,0,0,0,0,0,0,0,0,0,0,0,0,0,0,0,0,0,0,0,0,0,0,0,0,0,0,0,0,0,0,0,0,0,0,"","",0,0,0,0,0,0,0,0,0,0,0,0,0,0,0,0
L,A,0,20365,20363,0.21484,0,0,0,0,0,0,0,0,0,0,0,0,0,0,0,0,0,0,0,0,0,0,"",0,0,0,0,0,0,0,0,0,0,0,0,0,0,0,0,0,0,0,0,0,0,0,0,0,0,0,0,0,0,0,0,0,0,0,0,0,"","",0,0,0,0,0,0,0,0,0,0,0,0,0,0,0,0
L,C,1;20363;20367,0.1677,55,55,1;0,3,1;0,1550,5,5;0;0;0;0;0;0;0;0;0;0;0,67,"Gilroy";0;0;0;0;0;0;0;0;0;0;0;0;0;0;0;0;0;0;0;0;0;0;0;0;0;0;0;0;0;0;0;0;0;0;0;0;0;"";"";0;0;0;0;0;0;0;0;0;0;0;0;0;0;0;0
L,C,2;20367;20364,0.219,55,55,1;0,3,1;0,1550,5,5;0;0;0;0,40,0.69,5;0;0;0;0,67,"Gilroy";0;0;0;0;0;0;0;0;0;0;0;0;0;0;0;0;0;0;0;0;0;0;0;0;0;0;0;0;0;0;0;0;0;0;0;0;0;"";"";0;0;0;0;0;0;0;0;0;0;0;0;0;0;0;0
L,C,0;20363;20367;0.1677;55;55;1;0;3;1;0;1550;5;5;0;0;0;0,40,0.69,5;0;0;0;0;67;"Gilroy";0;0;0;0;0;0;0;0;0;0;0;0;0;0;0;0;0;0;0;0;0;0;0;0;0;0;0;0;0;0;0;0;0;0;0;0;0;"";"";0;0;0;0;0;0;0;0;0;0;0;0;0;0;0;0
L,C,1;20365;20363,0.2148,55,55,1;0,3,1;0,1550,5,5;0;0;0;0,40,0.69,5;0;0;0;0,67,"Gilroy";0;0;0;0;0;0;0;0;0;0;0;0;0;0;0;0;0;0;0;0;0;0;0;0;0;0;0;0;0;0;0;0;0;0;0;0;0;"";"";0;0;0;0;0;0;0;0;0;0;0;0;0;0;0;0
L,C,2;20364;20365,0.1638,55,55,1;0,3,1;0,1550,5,5;0;0;0;0,40,0.69,5;0;0;0;0,67,"Gilroy";0;0;0;0;0;0;0;0;0;0;0;0;0;0;0;0;0;0;0;0;0;0;0;0;0;0;0;0;0;0;0;0;0;0;0;0;0;"";"";0;0;0;0;0;0;0;0;0;0;0;0;0;0;0;0
L,C,0;20364;20365;0.1638;55;55;1;0;3;1;0;1550;5;5;0;0;0;0;40;0.69;5;0;0;0;0;67;"Gilroy";0;0;0;0;0;0;0;0;0;0;0;0;0;0;0;0;0;0;0;0;0;0;0;0;0;0;0;0;0;0;0;0;0;0;0;0;0;"";"",13.73,27.46,41.19,41.19,15,30,1.75,2.5,2,31;0;0,1;0,1;0
L,C,1;20367;20364;0.219;55;55;1;0;3;1;0;1550;5;5;0;0;0;0;40;0.69;5;0;0;0;0;67;"Gilroy";0;0;0;0;0;0;0;0;0;0;0;0;0;0;0;0;0;0;0;0;0;0;0;0;0;0;0;0;0;0;0;0;0;0;0;0;0;"";"",13.73,27.46,41.19,41.19,15,30,1.75,2.5,2,31;0;0,1;0,1;0
L,C,2;20365;20363;0.2148;55;55;1;0;3;1;0;1550;5;5;0;0;0;0;40;0.69;5;0;0;0;0;67;"Gilroy";0;0;0;0;0;0;0;0;0;0;0;0;0;0;0;0;0;0;0;0;0;0;0;0;0;0;0;0;0;0;0;0;0;0;0;0;0;"";"",13.73,27.46,41.19,41.19,15,30,1.75,2.5,2,31;0;0,1;0,1;0
L,C,0;20363;20367;0.1677;55;55;1;0;3;1;0;1550;5;5;0;0;0;0;40;0.69;5;0;0;0;0;67;"Gilroy";0;0;0;0;0;0;0;0;0;0;0;0;0;0;0;0;0;0;0;0;0;0;0;0;0;0;0;0;0;0;0;0;0;0;0;0;0;"";"",13.73,27.46,41.19,41.19,15,30,1.75,2.5,2,31;0;0,1;0,1;0
N,A,1,38805,628681.02548,4092370.503,0,""
L,A,1,4718,38805,0.43738,0,0,0,0,0,0,0,0,0,0,0,0,0,0,0,0,0,0,0,0,0,0,"",0,0,0,0,0,0,0,0,0,0,0,0,0,0,0,0,0,0,0,0,0,0,0,0,0,0,0,0,0,0,0,0,0,0,0,0,0,"","",0,0,0,0,0,0,0,0,0,0,0,0,0,0,0,0
L,A,1,38805,4718,0.43738,0,0,0,0,0,0,0,0,0,0,0,0,0,0,0,0,0,0,0,0,0,0,"",0,0,0,0,0,0,0,0,0,0,0,0,0,0,0,0,0,0,0,0,0,0,0,0,0,0,0,0,0,0,0,0,0,0,0,0,0,"","",0,0,0,0,0,0,0,0,0,0,0,0,0,0,0,0
N,C,2;38805,628728.04919,4092396.23532;0;""
L,C,2;4718;38805,0.47;0;0;0;0;0;0;0;0;0;0;0;0;0;0;0;0;0;0;0;0;0;0;"";0;0;0;0;0;0;0;0;0;0;0;0;0;0;0;0;0;0;0;0;0;0;0;0;0;0;0;0;0;0;0;0;0;0;0;0;0;"";"";0;0;0;0;0;0;0;0;0;0;0;0;0;0;0;0
L,C,2;38805;4718,0.47;0;0;0;0;0;0;0;0;0;0;0;0;0;0;0;0;0;0;0;0;0;0;"";0;0;0;0;0;0;0;0;0;0;0;0;0;0;0;0;0;0;0;0;0;0;0;0;0;0;0;0;0;0;0;0;0;0;0;0;0;"";"";0;0;0;0;0;0;0;0;0;0;0;0;0;0;0;0
N,A,0,38806,628748.39024,4092435.56134,0,""
L,A,0,38806,38805,0.02726,0,0,0,0,0,0,0,0,0,0,0,0,0,0,0,0,0,0,0,0,0,0,"",0,0,0,0,0,0,0,0,0,0,0,0,0,0,0,0,0,0,0,0,0,0,0,0,0,0,0,0,0,0,0,0,0,0,0,0,0,"","",0,0,0,0,0,0,0,0,0,0,0,0,0,0,0,0
N,A,1,38807,628767.37521,4092377.25035,0,""
L,A,1,38805,38807,0.02689,0,0,0,0,0,0,0,0,0,0,0,0,0,0,0,0,0,0,0,0,0,0,"",0,0,0,0,0,0,0,0,0,0,0,0,0,0,0,0,0,0,0,0,0,0,0,0,0,0,0,0,0,0,0,0,0,0,0,0,0,"","",0,0,0,0,0,0,0,0,0,0,0,0,0,0,0,0
L,C,2;4718;38805,0.47;0;0,1;0,3,1;0;0;0;0;0;0;0;0;0;0;0;0;0;0;0;0;"";0;0;0;0;0;0;0;0;0;0;0;0;0;0;0;0;0;0;0;0;0;0;0;0;0;0;0;0;0;0;0;0;0;0;0;0;0;"";"";0;0;0;0;0;0;0;0;0;0;0;0;0;0;0;0
L,C,2;38805;4718,0.47;0;0,1;0,3,1;0;0;0;0;0;0;0;0;0;0;0;0;0;0;0;0;"";0;0;0;0;0;0;0;0;0;0;0;0;0;0;0;0;0;0;0;0;0;0;0;0;0;0;0;0;0;0;0;0;0;0;0;0;0;"";"";0;0;0;0;0;0;0;0;0;0;0;0;0;0;0;0
L,C,0;4718;38805;0.47,57,57;1;0;3;1;0;0;0;0;0;0;0;0;0;0;0;0;0;0;0;0;"";0;0;0;0;0;0;0;0;0;0;0;0;0;0;0;0;0;0;0;0;0;0;0;0;0;0;0;0;0;0;0;0;0;0;0;0;0;"";"";0;0;0;0;0;0;0;0;0;0;0;0;0;0;0;0
L,C,0;38805;4718;0.47,57,57;1;0;3;1;0;0;0;0;0;0;0;0;0;0;0;0;0;0;0;0;"";0;0;0;0;0;0;0;0;0;0;0;0;0;0;0;0;0;0;0;0;0;0;0;0;0;0;0;0;0;0;0;0;0;0;0;0;0;"";"";0;0;0;0;0;0;0;0;0;0;0;0;0;0;0;0
L,C,1;4718;38805;0.47;57;57;1;0;3;1;0,1050;0;0;0;0;0;0;0;0;0;0;0;0;0;0;"";0;0;0;0;0;0;0;0;0;0;0;0;0;0;0;0;0;0;0;0;0;0;0;0;0;0;0;0;0;0;0;0;0;0;0;0;0;"";"";0;0;0;0;0;0;0;0;0;0;0;0;0;0;0;0
L,C,1;38805;4718;0.47;57;57;1;0;3;1;0,1050;0;0;0;0;0;0;0;0;0;0;0;0;0;0;"";0;0;0;0;0;0;0;0;0;0;0;0;0;0;0;0;0;0;0;0;0;0;0;0;0;0;0;0;0;0;0;0;0;0;0;0;0;"";"";0;0;0;0;0;0;0;0;0;0;0;0;0;0;0;0
L,C,2;4718;38805;0.47;57;57;1;0;3;1;0;1050,5,7;0;0;0;0;0;0;0;0;0;0;0;0;"";0;0;0;0;0;0;0;0;0;0;0;0;0;0;0;0;0;0;0;0;0;0;0;0;0;0;0;0;0;0;0;0;0;0;0;0;0;"";"";0;0;0;0;0;0;0;0;0;0;0;0;0;0;0;0
L,C,2;38805;4718;0.47;57;57;1;0;3;1;0;1050,5,7;0;0;0;0;0;0;0;0;0;0;0;0;"";0;0;0;0;0;0;0;0;0;0;0;0;0;0;0;0;0;0;0;0;0;0;0;0;0;0;0;0;0;0;0;0;0;0;0;0;0;"";"";0;0;0;0;0;0;0;0;0;0;0;0;0;0;0;0
L,C,0;4718;38805;0.47;57;57;1;0;3;1;0;1050;5;7;0;0;0;0,40;0;0;0;0;0;0;0;"";0;0;0;0;0;0;0;0;0;0;0;0;0;0;0;0;0;0;0;0;0;0;0;0;0;0;0;0;0;0;0;0;0;0;0;0;0;"";"";0;0;0;0;0;0;0;0;0;0;0;0;0;0;0;0
L,C,0;38805;4718;0.47;57;57;1;0;3;1;0;1050;5;7;0;0;0;0,40;0;0;0;0;0;0;0;"";0;0;0;0;0;0;0;0;0;0;0;0;0;0;0;0;0;0;0;0;0;0;0;0;0;0;0;0;0;0;0;0;0;0;0;0;0;"";"";0;0;0;0;0;0;0;0;0;0;0;0;0;0;0;0
L,C,1;4718;38805;0.47;57;57;1;0;3;1;0;1050;5;7;0;0;0;0;40,1.605;0;0;0;0;0;0;"";0;0;0;0;0;0;0;0;0;0;0;0;0;0;0;0;0;0;0;0;0;0;0;0;0;0;0;0;0;0;0;0;0;0;0;0;0;"";"";0;0;0;0;0;0;0;0;0;0;0;0;0;0;0;0
L,C,1;38805;4718;0.47;57;57;1;0;3;1;0;1050;5;7;0;0;0;0;40,1.605;0;0;0;0;0;0;"";0;0;0;0;0;0;0;0;0;0;0;0;0;0;0;0;0;0;0;0;0;0;0;0;0;0;0;0;0;0;0;0;0;0;0;0;0;"";"";0;0;0;0;0;0;0;0;0;0;0;0;0;0;0;0
L,C,2;4718;38805;0.47;57;57;1;0;3;1;0;1050;5;7;0;0;0;0;40;1.605,7;0;0;0;0,67,"Gilroy";0;0;0;0;0;0;0;0;0;0;0;0;0;0;0;0;0;0;0;0;0;0;0;0;0;0;0;0;0;0;0;0;0;0;0;0;0;"";"";0;0;0;0;0;0;0;0;0;0;0;0;0;0;0;0
L,C,2;38805;4718;0.47;57;57;1;0;3;1;0;1050;5;7;0;0;0;0;40;1.605,7;0;0;0;0,67,"Gilroy";0;0;0;0;0;0;0;0;0;0;0;0;0;0;0;0;0;0;0;0;0;0;0;0;0;0;0;0;0;0;0;0;0;0;0;0;0;"";"";0;0;0;0;0;0;0;0;0;0;0;0;0;0;0;0
L,C,0;38806;38805,0.0273;0;0,1;0;0;0;0;0;0;0;0;0;0;0;0;0;0;0;0;0;0;0;"";0;0;0;0;0;0;0;0;0;0;0;0;0;0;0;0;0;0;0;0;0;0;0;0;0;0;0;0;0;0;0;0;0;0;0;0;0;"";"";0;0;0;0;0;0;0;0;0;0;0;0;0;0;0;0
L,C,1;38806;38805;0.0273;0;0;1;0,3,1;0;0,5,5;0;0;0;0;0;0;0;0;0;0;0,67,"Gilroy";0;0;0;0;0;0;0;0;0;0;0;0;0;0;0;0;0;0;0;0;0;0;0;0;0;0;0;0;0;0;0;0;0;0;0;0;0;"";"";0;0;0;0;0;0;0;0;0;0;0;0;0;0;0;0
L,C,2;38806;38805;0.0273,55,55;1;0;3;1;0,1550;5;5;0;0;0;0,40,16.48;0;0;0;0;0;67;"Gilroy";0;0;0;0;0;0;0;0;0;0;0;0;0;0;0;0;0;0;0;0;0;0;0;0;0;0;0;0;0;0;0;0;0;0;0;0;0;"";"";0;0;0;0;0;0;0;0;0;0;0;0;0;0;0;0
L,C,0;38806;38805;0.0273;55;55;1;0;3;1;0;1550;5;5;0;0;0;0;40,0.69,5;0;0;0;0;67;"Gilroy";0;0;0;0;0;0;0;0;0;0;0;0;0;0;0;0;0;0;0;0;0;0;0;0;0;0;0;0;0;0;0;0;0;0;0;0;0;"";"";0;0;0;0;0;0;0;0;0;0;0;0;0;0;0;0
L,C,1;38805;38807,0.0269,55,55,1;0,3,1;0,1550,5,5;0;0;0;0,40,0.69,5;0;0;0;0,67,"Gilroy";0;0;0;0;0;0;0;0;0;0;0;0;0;0;0;0;0;0;0;0;0;0;0;0;0;0;0;0;0;0;0;0;0;0;0;0;0;"";"";0;0;0;0;0;0;0;0;0;0;0;0;0;0;0;0
L,C,2;38805;38807;0.0269;55;55;1;0;3;1;0;1550;5;5;0;0;0;0;40;0.69;5;0;0;0;0;67;"Gilroy";0;0;0;0;0;0;0;0;0;0;0;0;0;0;0;0;0;0;0;0;0;0;0;0;0;0;0;0;0;0;0;0;0;0;0;0;0;"";"",13.73,27.46,41.19,41.19,15,30,1.75,2.5,2,31;0;0,1;0,1;0
L,C,0;38806;38805;0.0273;55;55;1;0;3;1;0;1550;5;5;0;0;0;0;40;0.69;5;0;0;0;0;67;"Gilroy";0;0;0;0;0;0;0;0;0;0;0;0;0;0;0;0;0;0;0;0;0;0;0;0;0;0;0;0;0;0;0;0;0;0;0;0;0;"";"",13.73,27.46,41.19,41.19,15,30,1.75,2.5,2,31;0;0,1;0,1;0
L,D,1,4718,20366,0.2983,53,53,1,0,3,1,0,1650,5,3,0,0,0,0,55,0.32542,3,0,0,0,0,178,"S.C. County Remainder",0,0,0,0,0,0,0,0,0,0,0,0,0,0,0,0,0,0,0,0,0,0,0,0,0,0,0,0,0,0,0,0,0,0,0,0,0,"","",13.73,27.46,41.19,41.19,15,30,1.75,2.5,2,31,0,0,1,0,1,0
L,D,1,20366,4718,0.2983,53,53,1,0,3,1,0,1650,5,3,0,0,0,0,55,0.32542,3,0,0,0,0,178,"S.C. County Remainder",0,0,0,0,0,0,0,0,0,0,0,0,0,0,0,0,0,0,0,0,0,0,0,0,0,0,0,0,0,0,0,0,0,0,0,0,0,"","",13.73,27.46,41.19,41.19,15,30,1.75,2.5,2,31,0,0,1,0,1,0
L,D,2,20366,20367,0.2665,53,53,1,0,3,1,0,1650,5,3,0,0,0,0,55,0.29073,3,0,0,0,0,178,"S.C. County Remainder",0,0,0,0,0,0,0,0,0,0,0,0,0,0,0,0,0,0,0,0,0,0,0,0,0,0,0,0,0,0,0,0,0,0,0,0,0,"","",13.73,27.46,41.19,41.19,15,30,1.75,2.5,2,31,0,0,1,0,1,0
L,D,2,20367,20366,0.2665,53,53,1,0,3,1,0,1650,5,3,0,0,0,0,55,0.29073,3,0,0,0,0,178,"S.C. County Remainder",0,0,0,0,0,0,0,0,0,0,0,0,0,0,0,0,0,0,0,0,0,0,0,0,0,0,0,0,0,0,0,0,0,0,0,0,0,"","",13.73,27.46,41.19,41.19,15,30,1.75,2.5,2,31,0,0,1,0,1,0
