HighwayLayerLogX,"E:\GitHub\TM1_2015_Base_Network\hwy\freeflow.net",5,81,3/4/2025 5:14:58 PM
Node,N,X,Y,GGFARE,PROJ[1]
Link,A,B,DISTANCE,SPDCLASS,CAPCLASS,LANES,TSIN,GL,USE,OT,CAP,AT,FT,SIGCOR,TOS,AUX,YEAR,FFS,FFT,FT2000,ROUTENUM,HOT,TOLLCLASS,STATE,CITYID,CITYNAME[33],REGFREIGHT,BRT,TOLLEA_DA,TOLLEA_S2,TOLLEA_S3,TOLLEA_VSM,TOLLEA_SML,TOLLEA_MED,TOLLEA_LRG,TOLLAM_DA,TOLLAM_S2,TOLLAM_S3,TOLLAM_VSM,TOLLAM_SML,TOLLAM_MED,TOLLAM_LRG,TOLLMD_DA,TOLLMD_S2,TOLLMD_S3,TOLLMD_VSM,TOLLMD_SML,TOLLMD_MED,TOLLMD_LRG,TOLLPM_DA,TOLLPM_S2,TOLLPM_S3,TOLLPM_VSM,TOLLPM_SML,TOLLPM_MED,TOLLPM_LRG,TOLLEV_DA,TOLLEV_S2,TOLLEV_S3,TOLLEV_VSM,TOLLEV_SML,TOLLEV_MED,TOLLEV_LRG,ROUTEDIR[1],PROJ[1],AUTOOPC,SMTROPC,LRTROPC,BUSOPC,VOT,TRUCKVOT,SR2COSTSHARE,SR3COSTSHARE,TRKPCE,FIRSTVALUE,OWNEDAV_ZPV_FAC,TNC_ZPV_FACTOR,MEANS_BASED_TOL,TOLL_FLAT,AV_PCE,HOVXPEN
N,A,0,38803,627587.89876,4095859.98831,0,""
L,A,0,4165,38803,0.10649,0,0,0,0,0,0,0,0,0,0,0,0,0,0,0,0,0,0,0,0,0,0,"",0,0,0,0,0,0,0,0,0,0,0,0,0,0,0,0,0,0,0,0,0,0,0,0,0,0,0,0,0,0,0,0,0,0,0,0,0,"","",0,0,0,0,0,0,0,0,0,0,0,0,0,0,0,0
L,A,0,38803,4165,0.10649,0,0,0,0,0,0,0,0,0,0,0,0,0,0,0,0,0,0,0,0,0,0,"",0,0,0,0,0,0,0,0,0,0,0,0,0,0,0,0,0,0,0,0,0,0,0,0,0,0,0,0,0,0,0,0,0,0,0,0,0,"","",0,0,0,0,0,0,0,0,0,0,0,0,0,0,0,0
N,A,1,38804,626871.11396,4095581.23867,0,""
L,A,1,38803,38804,0.47354,0,0,0,0,0,0,0,0,0,0,0,0,0,0,0,0,0,0,0,0,0,0,"",0,0,0,0,0,0,0,0,0,0,0,0,0,0,0,0,0,0,0,0,0,0,0,0,0,0,0,0,0,0,0,0,0,0,0,0,0,"","",0,0,0,0,0,0,0,0,0,0,0,0,0,0,0,0
L,A,1,38804,38803,0.47354,0,0,0,0,0,0,0,0,0,0,0,0,0,0,0,0,0,0,0,0,0,0,"",0,0,0,0,0,0,0,0,0,0,0,0,0,0,0,0,0,0,0,0,0,0,0,0,0,0,0,0,0,0,0,0,0,0,0,0,0,"","",0,0,0,0,0,0,0,0,0,0,0,0,0,0,0,0
L,A,2,4186,38804,0.22711,0,0,0,0,0,0,0,0,0,0,0,0,0,0,0,0,0,0,0,0,0,0,"",0,0,0,0,0,0,0,0,0,0,0,0,0,0,0,0,0,0,0,0,0,0,0,0,0,0,0,0,0,0,0,0,0,0,0,0,0,"","",0,0,0,0,0,0,0,0,0,0,0,0,0,0,0,0
L,A,2,38804,4186,0.22711,0,0,0,0,0,0,0,0,0,0,0,0,0,0,0,0,0,0,0,0,0,0,"",0,0,0,0,0,0,0,0,0,0,0,0,0,0,0,0,0,0,0,0,0,0,0,0,0,0,0,0,0,0,0,0,0,0,0,0,0,"","",0,0,0,0,0,0,0,0,0,0,0,0,0,0,0,0
L,C,0;4186;38804,0.2271;0;0,1;0;0;0;0;0;0;0;0;0;0;0;0;0;0;0;0;0;0;0;"";0;0;0;0;0;0;0;0;0;0;0;0;0;0;0;0;0;0;0;0;0;0;0;0;0;0;0;0;0;0;0;0;0;0;0;0;0;"";"";0;0;0;0;0;0;0;0;0;0;0;0;0;0;0;0
L,C,0;38804;4186,0.2271;0;0,1;0;0;0;0;0;0;0;0;0;0;0;0;0;0;0;0;0;0;0;"";0;0;0;0;0;0;0;0;0;0;0;0;0;0;0;0;0;0;0;0;0;0;0;0;0;0;0;0;0;0;0;0;0;0;0;0;0;"";"";0;0;0;0;0;0;0;0;0;0;0;0;0;0;0;0
L,C,1;38803;38804,0.4735;0;0,1;0;0;0;0;0;0;0;0;0;0;0;0;0;0;0;0;0;0;0;"";0;0;0;0;0;0;0;0;0;0;0;0;0;0;0;0;0;0;0;0;0;0;0;0;0;0;0;0;0;0;0;0;0;0;0;0;0;"";"";0;0;0;0;0;0;0;0;0;0;0;0;0;0;0;0
L,C,1;38804;38803,0.4735;0;0,1;0;0;0;0;0;0;0;0;0;0;0;0;0;0;0;0;0;0;0;"";0;0;0;0;0;0;0;0;0;0;0;0;0;0;0;0;0;0;0;0;0;0;0;0;0;0;0;0;0;0;0;0;0;0;0;0;0;"";"";0;0;0;0;0;0;0;0;0;0;0;0;0;0;0;0
L,C,2;4165;38803,0.1065;0;0,1;0;0;0;0;0;0;0;0;0;0;0;0;0;0;0;0;0;0;0;"";0;0;0;0;0;0;0;0;0;0;0;0;0;0;0;0;0;0;0;0;0;0;0;0;0;0;0;0;0;0;0;0;0;0;0;0;0;"";"";0;0;0;0;0;0;0;0;0;0;0;0;0;0;0;0
L,C,2;38803;4165,0.1065;0;0,1;0;0;0;0;0;0;0;0;0;0;0;0;0;0;0;0;0;0;0;"";0;0;0;0;0;0;0;0;0;0;0;0;0;0;0;0;0;0;0;0;0;0;0;0;0;0;0;0;0;0;0;0;0;0;0;0;0;"";"";0;0;0;0;0;0;0;0;0;0;0;0;0;0;0;0
L,C,0;4165;38803;0.1065,47,47;1;0,3,1;0,1050,4,7;0;0;0;0,35;0,7;0;0;0;0,67,"Gilroy";0;0;0;0;0;0;0;0;0;0;0;0;0;0;0;0;0;0;0;0;0;0;0;0;0;0;0;0;0;0;0;0;0;0;0;0;0;"";"";0;0;0;0;0;0;0;0;0;0;0;0;0;0;0;0
L,C,0;38803;4165;0.1065,47,47;1;0,3,1;0,1050,4,7;0;0;0;0,35;0,7;0;0;0;0,67,"Gilroy";0;0;0;0;0;0;0;0;0;0;0;0;0;0;0;0;0;0;0;0;0;0;0;0;0;0;0;0;0;0;0;0;0;0;0;0;0;"";"";0;0;0;0;0;0;0;0;0;0;0;0;0;0;0;0
L,C,1;4165;38803;0.1065;47;47;1;0;3;1;0;1050;4;7;0;0;0;0;35,0.8229;7;0;0;0;0;67;"Gilroy";0;0;0;0;0;0;0;0;0;0;0;0;0;0;0;0;0;0;0;0;0;0;0;0;0;0;0;0;0;0;0;0;0;0;0;0;0;"";"";0;0;0;0;0;0;0;0;0;0;0;0;0;0;0;0
L,C,1;38803;4165;0.1065;47;47;1;0;3;1;0;1050;4;7;0;0;0;0;35,0.8229;7;0;0;0;0;67;"Gilroy";0;0;0;0;0;0;0;0;0;0;0;0;0;0;0;0;0;0;0;0;0;0;0;0;0;0;0;0;0;0;0;0;0;0;0;0;0;"";"";0;0;0;0;0;0;0;0;0;0;0;0;0;0;0;0
L,C,2;38803;38804;0.4735,47,47;1;0,3,1;0,1050,4,7;0;0;0;0,35,0.8229,7;0;0;0;0,67,"Gilroy";0;0;0;0;0;0;0;0;0;0;0;0;0;0;0;0;0;0;0;0;0;0;0;0;0;0;0;0;0;0;0;0;0;0;0;0;0;"";"";0;0;0;0;0;0;0;0;0;0;0;0;0;0;0;0
L,C,2;38804;38803;0.4735,47,47;1;0,3,1;0,1050,4,7;0;0;0;0,35,0.8229,7;0;0;0;0,67,"Gilroy";0;0;0;0;0;0;0;0;0;0;0;0;0;0;0;0;0;0;0;0;0;0;0;0;0;0;0;0;0;0;0;0;0;0;0;0;0;"";"";0;0;0;0;0;0;0;0;0;0;0;0;0;0;0;0
L,C,0;4186;38804;0.2271,44,44;1;0;0;0;0;0;0;0;0;0;0;0;0;0;0;0;0;0;0;0;"";0;0;0;0;0;0;0;0;0;0;0;0;0;0;0;0;0;0;0;0;0;0;0;0;0;0;0;0;0;0;0;0;0;0;0;0;0;"";"";0;0;0;0;0;0;0;0;0;0;0;0;0;0;0;0
L,C,0;38804;4186;0.2271;0;0;1;0;0;0;0;0;0;0;0;0;0;0;0;0;0;0;0;0;0;0;"";0;0;0;0;0;0;0;0;0;0;0;0;0;0;0;0;0;0;0;0;0;0;0;0;0;0;0;0;0;0;0;0;0;0;0;0;0;"";"";0;0;0;0;0;0;0;0;0;0;0;0;0;0;0;0
L,C,1;4186;38804;0.2271;44;44;1;0;0;0;0;0;0;0;0;0;0;0;0;0;0;0;0;0;0;0;"";0;0;0;0;0;0;0;0;0;0;0;0;0;0;0;0;0;0;0;0;0;0;0;0;0;0;0;0;0;0;0;0;0;0;0;0;0;"";"";0;0;0;0;0;0;0;0;0;0;0;0;0;0;0;0
L,C,1;38804;4186;0.2271,44,44;1;0;0;0;0;0;0;0;0;0;0;0;0;0;0;0;0;0;0;0;"";0;0;0;0;0;0;0;0;0;0;0;0;0;0;0;0;0;0;0;0;0;0;0;0;0;0;0;0;0;0;0;0;0;0;0;0;0;"";"";0;0;0;0;0;0;0;0;0;0;0;0;0;0;0;0
L,C,2;4186;38804;0.2271;44;44;1;0;0;0;0,900;0;0;0;0;0;0;0;0;0;0;0;0;0;0;"";0;0;0;0;0;0;0;0;0;0;0;0;0;0;0;0;0;0;0;0;0;0;0;0;0;0;0;0;0;0;0;0;0;0;0;0;0;"";"";0;0;0;0;0;0;0;0;0;0;0;0;0;0;0;0
L,C,2;38804;4186;0.2271;44;44;1;0;0;0;0,900;0;0;0;0;0;0;0;0;0;0;0;0;0;0;"";0;0;0;0;0;0;0;0;0;0;0;0;0;0;0;0;0;0;0;0;0;0;0;0;0;0;0;0;0;0;0;0;0;0;0;0;0;"";"";0;0;0;0;0;0;0;0;0;0;0;0;0;0;0;0
L,C,0;4186;38804;0.2271;44;44;1;0;0;0;0;900,4,4;0;0;0;0,35;0;0;0;0;0;0;0;"";0;0;0;0;0;0;0;0;0;0;0;0;0;0;0;0;0;0;0;0;0;0;0;0;0;0;0;0;0;0;0;0;0;0;0;0;0;"";"";0;0;0;0;0;0;0;0;0;0;0;0;0;0;0;0
L,C,0;38804;4186;0.2271;44;44;1;0;0;0;0;900,4,4;0;0;0;0,35;0;0;0;0;0;0;0;"";0;0;0;0;0;0;0;0;0;0;0;0;0;0;0;0;0;0;0;0;0;0;0;0;0;0;0;0;0;0;0;0;0;0;0;0;0;"";"";0;0;0;0;0;0;0;0;0;0;0;0;0;0;0;0
L,C,1;4186;38804;0.2271;44;44;1;0;0;0;0;900;4;4;0;0;0;0,30,2.2;0;0;0;0;0;0;"";0;0;0;0;0;0;0;0;0;0;0;0;0;0;0;0;0;0;0;0;0;0;0;0;0;0;0;0;0;0;0;0;0;0;0;0;0;"";"";0;0;0;0;0;0;0;0;0;0;0;0;0;0;0;0
L,C,1;38804;4186;0.2271;44;44;1;0;0;0;0;900;4;4;0;0;0;0,30,2.2;0;0;0;0;0;0;"";0;0;0;0;0;0;0;0;0;0;0;0;0;0;0;0;0;0;0;0;0;0;0;0;0;0;0;0;0;0;0;0;0;0;0;0;0;"";"";0;0;0;0;0;0;0;0;0;0;0;0;0;0;0;0
L,C,2;4186;38804;0.2271;44;44;1;0;0;0;0;900;4;4;0;0;0;0;30;2.2,4;0;0;0;0,67,"Gilroy";0;0;0;0;0;0;0;0;0;0;0;0;0;0;0;0;0;0;0;0;0;0;0;0;0;0;0;0;0;0;0;0;0;0;0;0;0;"";"";0;0;0;0;0;0;0;0;0;0;0;0;0;0;0;0
L,C,2;38804;4186;0.2271;44;44;1;0;0;0;0;900;4;4;0;0;0;0;30;2.2,4;0;0;0;0,67,"Gilroy";0;0;0;0;0;0;0;0;0;0;0;0;0;0;0;0;0;0;0;0;0;0;0;0;0;0;0;0;0;0;0;0;0;0;0;0;0;"";"";0;0;0;0;0;0;0;0;0;0;0;0;0;0;0;0
L,C,0;4186;38804;0.2271;44;44;1;0,3,1;0;900;4;4;0;0;0;0;30;2.2;4;0;0;0;0;67;"Gilroy";0;0;0;0;0;0;0;0;0;0;0;0;0;0;0;0;0;0;0;0;0;0;0;0;0;0;0;0;0;0;0;0;0;0;0;0;0;"";"";0;0;0;0;0;0;0;0;0;0;0;0;0;0;0;0
L,C,0;38804;4186;0.2271;44;44;1;0,3,1;0;900;4;4;0;0;0;0;30;2.2;4;0;0;0;0;67;"Gilroy";0;0;0;0;0;0;0;0;0;0;0;0;0;0;0;0;0;0;0;0;0;0;0;0;0;0;0;0;0;0;0;0;0;0;0;0;0;"";"";0;0;0;0;0;0;0;0;0;0;0;0;0;0;0;0
L,C,1;4165;38803;0.1065;47;47,2;0;3;1;0;1050;4;7;0;0;0;0;35;0.8229;7;0;0;0;0;67;"Gilroy";0;0;0;0;0;0;0;0;0;0;0;0;0;0;0;0;0;0;0;0;0;0;0;0;0;0;0;0;0;0;0;0;0;0;0;0;0;"";"";0;0;0;0;0;0;0;0;0;0;0;0;0;0;0;0
L,C,1;38803;4165;0.1065;47;47,2;0;3;1;0;1050;4;7;0;0;0;0;35;0.8229;7;0;0;0;0;67;"Gilroy";0;0;0;0;0;0;0;0;0;0;0;0;0;0;0;0;0;0;0;0;0;0;0;0;0;0;0;0;0;0;0;0;0;0;0;0;0;"";"";0;0;0;0;0;0;0;0;0;0;0;0;0;0;0;0
L,C,2;4165;38803;0.1065;47;47;2;0;3;1;0;1050;4;7;0;0;0;0;35;0.8229;7;0;0;0;0;67;"Gilroy";0;0;0;0;0;0;0;0;0;0;0;0;0;0;0;0;0;0;0;0;0;0;0;0;0;0;0;0;0;0;0;0;0;0;0;0;0;"";"",13.73;0;0;0;0;0;0;0;0;0;0;0;0;0;0;0
L,C,2;38803;4165;0.1065;47;47;2;0;3;1;0;1050;4;7;0;0;0;0;35;0.8229;7;0;0;0;0;67;"Gilroy";0;0;0;0;0;0;0;0;0;0;0;0;0;0;0;0;0;0;0;0;0;0;0;0;0;0;0;0;0;0;0;0;0;0;0;0;0;"";"",13.73;0;0;0;0;0;0;0;0;0;0;0;0;0;0;0
L,C,0;4165;38803;0.1065;47;47;2;0;3;1;0;1050;4;7;0;0;0;0;35;0.8229;7;0;0;0;0;67;"Gilroy";0;0;0;0;0;0;0;0;0;0;0;0;0;0;0;0;0;0;0;0;0;0;0;0;0;0;0;0;0;0;0;0;0;0;0;0;0;"";"";13.73,27.46,41.19,41.19,15,30,1.75,2.5,2,31;0;0,1;0,1;0
L,C,0;38803;4165;0.1065;47;47;2;0;3;1;0;1050;4;7;0;0;0;0;35;0.8229;7;0;0;0;0;67;"Gilroy";0;0;0;0;0;0;0;0;0;0;0;0;0;0;0;0;0;0;0;0;0;0;0;0;0;0;0;0;0;0;0;0;0;0;0;0;0;"";"";13.73,27.46,41.19,41.19,15,30,1.75,2.5,2,31;0;0,1;0,1;0
L,C,1;4186;38804;0.2271;44;44;1;0;3;1;0;900;4;4;0;0;0;0;30;2.2;4;0;0;0;0;67;"Gilroy";0;0;0;0;0;0;0;0;0;0;0;0;0;0;0;0;0;0;0;0;0;0;0;0;0;0;0;0;0;0;0;0;0;0;0;0;0;"";"",13.73,27.46,41.19,41.19,15,30,1.75,2.5,2,31;0;0,1;0,1;0
L,C,1;38804;4186;0.2271;44;44;1;0;3;1;0;900;4;4;0;0;0;0;30;2.2;4;0;0;0;0;67;"Gilroy";0;0;0;0;0;0;0;0;0;0;0;0;0;0;0;0;0;0;0;0;0;0;0;0;0;0;0;0;0;0;0;0;0;0;0;0;0;"";"",13.73,27.46,41.19,41.19,15,30,1.75,2.5,2,31;0;0,1;0,1;0
L,C,2;38803;38804;0.4735;47;47;1;0;3;1;0;1050;4;7;0;0;0;0;35;0.8229;7;0;0;0;0;67;"Gilroy";0;0;0;0;0;0;0;0;0;0;0;0;0;0;0;0;0;0;0;0;0;0;0;0;0;0;0;0;0;0;0;0;0;0;0;0;0;"";"",13.73,27.46,41.19,41.19,15,30,1.75,2.5,2,31;0;0,1;0,1;0
L,C,2;38804;38803;0.4735;47;47;1;0;3;1;0;1050;4;7;0;0;0;0;35;0.8229;7;0;0;0;0;67;"Gilroy";0;0;0;0;0;0;0;0;0;0;0;0;0;0;0;0;0;0;0;0;0;0;0;0;0;0;0;0;0;0;0;0;0;0;0;0;0;"";"",13.73,27.46,41.19,41.19,15,30,1.75,2.5,2,31;0;0,1;0,1;0
