HighwayLayerLogX,"M:\Application\Model One\Networks\TM1_2015_Base_Network\hwy\freeflow.net",4,64,12/31/2018 10:48:40 AM
Node,N,X,Y,GGFARE
Link,A,B,DISTANCE,SPDCLASS,CAPCLASS,LANES,TSIN,GL,USE,OT,CAP,AT,FT,SIGCOR,TOS,AUX,YEAR,FFS,FFT,FT2000,ROUTENUM,HOT,TOLLCLASS,STATE,CITYID,CITYNAME[33],REGFREIGHT,BRT,TOLLEA_DA,TOLLEA_S2,TOLLEA_S3,TOLLEA_VSM,TOLLEA_SML,TOLLEA_MED,TOLLEA_LRG,TOLLAM_DA,TOLLAM_S2,TOLLAM_S3,TOLLAM_VSM,TOLLAM_SML,TOLLAM_MED,TOLLAM_LRG,TOLLMD_DA,TOLLMD_S2,TOLLMD_S3,TOLLMD_VSM,TOLLMD_SML,TOLLMD_MED,TOLLMD_LRG,TOLLPM_DA,TOLLPM_S2,TOLLPM_S3,TOLLPM_VSM,TOLLPM_SML,TOLLPM_MED,TOLLPM_LRG,TOLLEV_DA,TOLLEV_S2,TOLLEV_S3,TOLLEV_VSM,TOLLEV_SML,TOLLEV_MED,TOLLEV_LRG,ROUTEDIR[1]
L,C,0;9527;9528;0.17;29;29,1;0;4;2;0;2200;4;2;0;1;1;2020;65,0.1569;2;580;0;30;1;190;"Pleasanton";1;0;0;0;0;0;0;0;0,3.7686;0;0;0;0;0;0,3.7686;0;0;0;0;0;0,9.9686;0;0;0;0;0;0;0;0;0;0;0;0;0;"E"
L,C,1;9528;9529;0.91;29;29,1;0;4;2;0;2200;4;2;0;1;1;2020;65;0.84;2;580;0;30;1;190;"Pleasanton";1;0;0;0;0;0;0;0;0,20.1732;0;0;0;0;0;0,20.1732;0;0;0;0;0;0,53.3613;0;0;0;0;0;0;0;0;0;0;0;0;0;"E"
L,C,2;9529;9432;0.47;29;29,1;0;4;2;0;2200;4;2;0;1;1;2020;65,0.4338;2;580;0;30;1;190;"Pleasanton";1;0;0;0;0;0;0;0;0,10.4191;0;0;0;0;0;0,10.4191;0;0;0;0;0;0,27.5603;0;0;0;0;0;0;0;0;0;0;0;0;0;"E"
L,C,0;9432;9407;0.88;29;29,1;0;4;2;0;2200;4;2;0;1;1;2020;65,0.8123;2;580;0;30;1;190;"Pleasanton";1;0;0;0;0;0;0;0;0,19.5081;0;0;0;0;0;0,19.5081;0;0;0;0;0;0,51.6022;0;0;0;0;0;0;0;0;0;0;0;0;0;"E"
L,C,1;9407;9408;0.33;29;29,1;0;4;2;0;2200;4;2;0;1;1;2020;65,0.3046;2;580;0;50;1;172;"Alameda County Remainder";1;0;0;0;0;0;0;0;0;0;0;0;0;0;0;0;0;0;0;0;0;0;0;0;0;0;0;0;0;0;0;0;0;0;0;0;0;"E"
L,C,2;9408;9409;1.31;29;29,1;0;4;2;0;2200;4;2;0;1;1;2020;65,1.2092;2;580;0;50;1;87;"Livermore";1;0;0;0;0;0;0;0;0;0;0;0;0;0;0;0;0;0;0;0;0;0;0;0;0;0;0;0;0;0;0;0;0;0;0;0;0;"E"
L,C,0;9409;9410;0.31;29;29,1;0;4;2;0;2200;4;2;0;1;1;2020;65,0.2862;2;580;0;50;1;87;"Livermore";1;0;0;0;0;0;0;0;0;0;0;0;0;0;0;0;0;0;0;0;0;0;0;0;0;0;0;0;0;0;0;0;0;0;0;0;0;"E"
L,C,1;9410;9411;0.59;29;29,1;0;4;2;0;2200;4;2;0;1;1;2020;65,0.5446;2;580;0;50;1;87;"Livermore";1;0;0;0;0;0;0;0;0;0;0;0;0;0;0;0;0;0;0;0;0;0;0;0;0;0;0;0;0;0;0;0;0;0;0;0;0;"E"
L,C,2;9411;9412;0.18;29;29,1;0;4;2;0;2200;4;2;0;1;1;2020;65,0.1662;2;580;0;50;1;87;"Livermore";1;0;0;0;0;0;0;0;0;0;0;0;0;0;0;0;0;0;0;0;0;0;0;0;0;0;0;0;0;0;0;0;0;0;0;0;0;"E"
L,C,0;9412;9466;0.19;29;29,1;0;4;2;0;2200;4;2;0;1;1;2020;65,0.1754;2;580;0;50;1;87;"Livermore";1;0;0;0;0;0;0;0;0;0;0;0;0;0;0;0;0;0;0;0;0;0;0;0;0;0;0;0;0;0;0;0;0;0;0;0;0;"E"
L,C,1;9466;9413;0.54;29;29,1;0;4;2;0;2200;4;2;0;1;1;2020;65,0.4985;2;580;0;50;1;87;"Livermore";1;0;0;0;0;0;0;0;0;0;0;0;0;0;0;0;0;0;0;0;0;0;0;0;0;0;0;0;0;0;0;0;0;0;0;0;0;"E"
L,C,2;9413;9414;0.68;29;29,1;0;4;2;0;2200;4;2;0;1;1;2020;65,0.6277;2;580;0;50;1;87;"Livermore";1;0;0;0;0;0;0;0;0;0;0;0;0;0;0;0;0;0;0;0;0;0;0;0;0;0;0;0;0;0;0;0;0;0;0;0;0;"E"
L,C,0;9414;9415;0.4;29;29,1;0;4;2;0;2200;4;2;0;1;1;2020;65,0.3692;2;580;0;50;1;172;"Alameda County Remainder";1;0;0;0;0;0;0;0;0;0;0;0;0;0;0;0;0;0;0;0;0;0;0;0;0;0;0;0;0;0;0;0;0;0;0;0;0;"E"
L,C,1;9415;9416;1.24;29;29,1;0;4;2;0;2200;4;2;0;1;1;2020;65,1.1446;2;580;0;50;1;87;"Livermore";1;0;0;0;0;0;0;0;0;0;0;0;0;0;0;0;0;0;0;0;0;0;0;0;0;0;0;0;0;0;0;0;0;0;0;0;0;"E"
L,C,2;9416;9417;0.51;29;29,1;0;4;2;0;2200;4;2;0;1;1;2020;65,0.4708;2;580;0;50;1;87;"Livermore";1;0;0;0;0;0;0;0;0;0;0;0;0;0;0;0;0;0;0;0;0;0;0;0;0;0;0;0;0;0;0;0;0;0;0;0;0;"E"
L,C,0;9417;9418;0.9;29;29,1;0;4;2;0;2200;4;2;0;1;1;2020;65,0.8308;2;580;0;30;1;87;"Livermore";1;0;0;0;0;0;0;0;0,19.9515;0;0;0;0;0;0,19.9515;0;0;0;0;0;0,52.775;0;0;0;0;0;0;0;0;0;0;0;0;0;"E"
L,C,1;9418;9463;0.1;29;29,1;0;4;2;0;2200;4;2;0;1;1;2020;65,0.0923;2;580;0;30;1;87;"Livermore";1;0;0;0;0;0;0;0;0,2.2168;0;0;0;0;0;0,2.2168;0;0;0;0;0;0,5.8639;0;0;0;0;0;0;0;0;0;0;0;0;0;"E"
L,C,2;9463;9465;1.1;29;29,1;0;4;2;0;2200;4;2;0;1;1;2020;65,1.0154;2;580;0;30;1;87;"Livermore";1;0;0;0;0;0;0;0;0,24.3852;0;0;0;0;0;0,24.3852;0;0;0;0;0;0,64.5027;0;0;0;0;0;0;0;0;0;0;0;0;0;"E"
L,C,0;9465;9808;0.19;29;29,1;0;4;2;0;2200;4;2;0;1;1;2020;65,0.1754;2;580;0;30;1;87;"Livermore";1;0;0;0;0;0;0;0;0,4.212;0;0;0;0;0;0,4.212;0;0;0;0;0;0,11.1414;0;0;0;0;0;0;0;0;0;0;0;0;0;"E"
