HighwayLayerLogX,"E:\GitHub\TM1_2015_Base_Network\hwy\freeflow.net",5,81,3/6/2025 5:02:57 PM
Node,N,X,Y,GGFARE,PROJ[1]
Link,A,B,DISTANCE,SPDCLASS,CAPCLASS,LANES,TSIN,GL,USE,OT,CAP,AT,FT,SIGCOR,TOS,AUX,YEAR,FFS,FFT,FT2000,ROUTENUM,HOT,TOLLCLASS,STATE,CITYID,CITYNAME[33],REGFREIGHT,BRT,TOLLEA_DA,TOLLEA_S2,TOLLEA_S3,TOLLEA_VSM,TOLLEA_SML,TOLLEA_MED,TOLLEA_LRG,TOLLAM_DA,TOLLAM_S2,TOLLAM_S3,TOLLAM_VSM,TOLLAM_SML,TOLLAM_MED,TOLLAM_LRG,TOLLMD_DA,TOLLMD_S2,TOLLMD_S3,TOLLMD_VSM,TOLLMD_SML,TOLLMD_MED,TOLLMD_LRG,TOLLPM_DA,TOLLPM_S2,TOLLPM_S3,TOLLPM_VSM,TOLLPM_SML,TOLLPM_MED,TOLLPM_LRG,TOLLEV_DA,TOLLEV_S2,TOLLEV_S3,TOLLEV_VSM,TOLLEV_SML,TOLLEV_MED,TOLLEV_LRG,ROUTEDIR[1],PROJ[1],AUTOOPC,SMTROPC,LRTROPC,BUSOPC,VOT,TRUCKVOT,SR2COSTSHARE,SR3COSTSHARE,TRKPCE,FIRSTVALUE,OWNEDAV_ZPV_FAC,TNC_ZPV_FACTOR,MEANS_BASED_TOL,TOLL_FLAT,AV_PCE,HOVXPEN
N,A,0,13626,548629.2,4175030.4,0,""
L,D,0,6871,6881,0.35,22,22,2,0,1,1,0,2100,2,2,0,0,0,0,60,0.35,2,0,0,0,1,129,"San Francisco",0,0,0,0,0,0,0,0,0,0,0,0,0,0,0,0,0,0,0,0,0,0,0,0,0,0,0,0,0,0,0,0,0,0,0,0,0,"","",13.73,27.46,41.19,41.19,15,30,1.75,2.5,2,31,0,0,1,0,1,0
L,A,0,6871,13626,0.21,22,22,2,0,1,1,0,2100,2,2,0,0,0,0,60,0.35,2,0,0,0,1,129,"San Francisco",0,0,0,0,0,0,0,0,0,0,0,0,0,0,0,0,0,0,0,0,0,0,0,0,0,0,0,0,0,0,0,0,0,0,0,0,0,"","",13.73,27.46,41.19,41.19,15,30,1.75,2.5,2,31,0,0,1,0,1,0
L,A,0,13626,6881,0.14,22,22,2,0,1,1,0,2100,2,2,0,0,0,0,60,0.35,2,0,0,0,1,129,"San Francisco",0,0,0,0,0,0,0,0,0,0,0,0,0,0,0,0,0,0,0,0,0,0,0,0,0,0,0,0,0,0,0,0,0,0,0,0,0,"","",13.73,27.46,41.19,41.19,15,30,1.75,2.5,2,31,0,0,1,0,1,0
L,D,1,6847,13618,0.23,27,27,2,0,1,1,0,1000,2,7,0,0,0,0,30,0.46,7,0,0,0,0,129,"San Francisco",0,0,0,0,0,0,0,0,0,0,0,0,0,0,0,0,0,0,0,0,0,0,0,0,0,0,0,0,0,0,0,0,0,0,0,0,0,"","",13.73,27.46,41.19,41.19,15,30,1.75,2.5,2,31,0,0,1,0,1,0
L,D,1,13618,6847,0.23,27,27,2,0,1,1,0,1000,2,7,0,0,0,0,30,0.46,7,0,0,0,0,129,"San Francisco",0,0,0,0,0,0,0,0,0,0,0,0,0,0,0,0,0,0,0,0,0,0,0,0,0,0,0,0,0,0,0,0,0,0,0,0,0,"","",13.73,27.46,41.19,41.19,15,30,1.75,2.5,2,31,0,0,1,0,1,0
L,A,1,6847,13626,0.07875,27,27,2,0,1,1,0,1000,2,7,0,0,0,0,30,0.46,7,0,0,0,0,129,"San Francisco",0,0,0,0,0,0,0,0,0,0,0,0,0,0,0,0,0,0,0,0,0,0,0,0,0,0,0,0,0,0,0,0,0,0,0,0,0,"","",13.73,27.46,41.19,41.19,15,30,1.75,2.5,2,31,0,0,1,0,1,0
L,A,1,13626,13618,0.10933,27,27,2,0,1,1,0,1000,2,7,0,0,0,0,30,0.46,7,0,0,0,0,129,"San Francisco",0,0,0,0,0,0,0,0,0,0,0,0,0,0,0,0,0,0,0,0,0,0,0,0,0,0,0,0,0,0,0,0,0,0,0,0,0,"","",13.73,27.46,41.19,41.19,15,30,1.75,2.5,2,31,0,0,1,0,1,0
L,A,1,13618,13626,0.10933,27,27,2,0,1,1,0,1000,2,7,0,0,0,0,30,0.46,7,0,0,0,0,129,"San Francisco",0,0,0,0,0,0,0,0,0,0,0,0,0,0,0,0,0,0,0,0,0,0,0,0,0,0,0,0,0,0,0,0,0,0,0,0,0,"","",13.73,27.46,41.19,41.19,15,30,1.75,2.5,2,31,0,0,1,0,1,0
L,A,1,13626,6847,0.07875,27,27,2,0,1,1,0,1000,2,7,0,0,0,0,30,0.46,7,0,0,0,0,129,"San Francisco",0,0,0,0,0,0,0,0,0,0,0,0,0,0,0,0,0,0,0,0,0,0,0,0,0,0,0,0,0,0,0,0,0,0,0,0,0,"","",13.73,27.46,41.19,41.19,15,30,1.75,2.5,2,31,0,0,1,0,1,0
L,D,2,6823,6847,0.14684,27,27,2,0,1,1,0,1000,2,7,0,0,0,0,30,0.29369,7,0,0,0,0,129,"San Francisco",0,0,0,0,0,0,0,0,0,0,0,0,0,0,0,0,0,0,0,0,0,0,0,0,0,0,0,0,0,0,0,0,0,0,0,0,0,"","",13.73,27.46,41.19,41.19,15,30,1.75,2.5,2,31,0,0,1,0,1,0
L,D,2,6847,6823,0.14684,27,27,2,0,1,1,0,1000,2,7,0,0,0,0,30,0.29369,7,0,0,0,0,129,"San Francisco",0,0,0,0,0,0,0,0,0,0,0,0,0,0,0,0,0,0,0,0,0,0,0,0,0,0,0,0,0,0,0,0,0,0,0,0,0,"","",13.73,27.46,41.19,41.19,15,30,1.75,2.5,2,31,0,0,1,0,1,0
N,C,0;6845,548694.51884,4174999.99998;0;""
L,C,0;6844;6845,0.11781;22;22;2;0;1;1;0;2100;2;2;0;0;0;0;60;0.13;2;0;0;0;1;129;"San Francisco";0;0;0;0;0;0;0;0;0;0;0;0;0;0;0;0;0;0;0;0;0;0;0;0;0;0;0;0;0;0;0;0;0;0;0;0;0;"";"";13.73;27.46;41.19;41.19;15;30;1.75;2.5;2;31;0;0;1;0;1;0
L,C,0;6845;6841,0.2349;22;22;2;0;1;1;0;2100;2;2;0;0;0;0;60;0.22;2;0;0;0;1;129;"San Francisco";0;0;0;0;0;0;0;0;0;0;0;0;0;0;0;0;0;0;0;0;0;0;0;0;0;0;0;0;0;0;0;0;0;0;0;0;0;"";"";13.73;27.46;41.19;41.19;15;30;1.75;2.5;2;31;0;0;1;0;1;0
L,C,0;6847;6845,0.03628;25;25;2;0;1;1;0;1550;2;5;0;0;0;0;35;0.06857;5;0;0;0;1;129;"San Francisco";0;0;0;0;0;0;0;0;0;0;0;0;0;0;0;0;0;0;0;0;0;0;0;0;0;0;0;0;0;0;0;0;0;0;0;0;0;"";"";13.73;27.46;41.19;41.19;15;30;1.75;2.5;2;31;0;0;1;0;1;0
L,D,1,6847,6845,0.03628,25,25,2,0,1,1,0,1550,2,5,0,0,0,0,35,0.06857,5,0,0,0,1,129,"San Francisco",0,0,0,0,0,0,0,0,0,0,0,0,0,0,0,0,0,0,0,0,0,0,0,0,0,0,0,0,0,0,0,0,0,0,0,0,0,"","",13.73,27.46,41.19,41.19,15,30,1.75,2.5,2,31,0,0,1,0,1,0
L,D,2,6847,13626,0.07875,27,27,2,0,1,1,0,1000,2,7,0,0,0,0,30,0.46,7,0,0,0,0,129,"San Francisco",0,0,0,0,0,0,0,0,0,0,0,0,0,0,0,0,0,0,0,0,0,0,0,0,0,0,0,0,0,0,0,0,0,0,0,0,0,"","",13.73,27.46,41.19,41.19,15,30,1.75,2.5,2,31,0,0,1,0,1,0
L,D,2,13626,6847,0.07875,27,27,2,0,1,1,0,1000,2,7,0,0,0,0,30,0.46,7,0,0,0,0,129,"San Francisco",0,0,0,0,0,0,0,0,0,0,0,0,0,0,0,0,0,0,0,0,0,0,0,0,0,0,0,0,0,0,0,0,0,0,0,0,0,"","",13.73,27.46,41.19,41.19,15,30,1.75,2.5,2,31,0,0,1,0,1,0
L,A,2,6847,6845,0.03442,27,27,2,0,1,1,0,1000,2,7,0,0,0,0,30,0.46,7,0,0,0,0,129,"San Francisco",0,0,0,0,0,0,0,0,0,0,0,0,0,0,0,0,0,0,0,0,0,0,0,0,0,0,0,0,0,0,0,0,0,0,0,0,0,"","",13.73,27.46,41.19,41.19,15,30,1.75,2.5,2,31,0,0,1,0,1,0
L,A,2,6845,13626,0.04436,27,27,2,0,1,1,0,1000,2,7,0,0,0,0,30,0.46,7,0,0,0,0,129,"San Francisco",0,0,0,0,0,0,0,0,0,0,0,0,0,0,0,0,0,0,0,0,0,0,0,0,0,0,0,0,0,0,0,0,0,0,0,0,0,"","",13.73,27.46,41.19,41.19,15,30,1.75,2.5,2,31,0,0,1,0,1,0
L,A,2,13626,6845,0.04436,27,27,2,0,1,1,0,1000,2,7,0,0,0,0,30,0.46,7,0,0,0,0,129,"San Francisco",0,0,0,0,0,0,0,0,0,0,0,0,0,0,0,0,0,0,0,0,0,0,0,0,0,0,0,0,0,0,0,0,0,0,0,0,0,"","",13.73,27.46,41.19,41.19,15,30,1.75,2.5,2,31,0,0,1,0,1,0
L,A,2,6845,6847,0.03442,27,27,2,0,1,1,0,1000,2,7,0,0,0,0,30,0.46,7,0,0,0,0,129,"San Francisco",0,0,0,0,0,0,0,0,0,0,0,0,0,0,0,0,0,0,0,0,0,0,0,0,0,0,0,0,0,0,0,0,0,0,0,0,0,"","",13.73,27.46,41.19,41.19,15,30,1.75,2.5,2,31,0,0,1,0,1,0
