HighwayLayerLogX,"M:\Application\Model One\Networks\TM1_2015_Base_Network\hwy\freeflow.net",4,64,12/17/2018 12:11:30 PM
Node,N,X,Y,GGFARE
Link,A,B,DISTANCE,SPDCLASS,CAPCLASS,LANES,TSIN,GL,USE,OT,CAP,AT,FT,SIGCOR,TOS,AUX,YEAR,FFS,FFT,FT2000,ROUTENUM,HOT,TOLLCLASS,STATE,CITYID,CITYNAME[33],REGFREIGHT,BRT,TOLLEA_DA,TOLLEA_S2,TOLLEA_S3,TOLLEA_VSM,TOLLEA_SML,TOLLEA_MED,TOLLEA_LRG,TOLLAM_DA,TOLLAM_S2,TOLLAM_S3,TOLLAM_VSM,TOLLAM_SML,TOLLAM_MED,TOLLAM_LRG,TOLLMD_DA,TOLLMD_S2,TOLLMD_S3,TOLLMD_VSM,TOLLMD_SML,TOLLMD_MED,TOLLMD_LRG,TOLLPM_DA,TOLLPM_S2,TOLLPM_S3,TOLLPM_VSM,TOLLPM_SML,TOLLPM_MED,TOLLPM_LRG,TOLLEV_DA,TOLLEV_S2,TOLLEV_S3,TOLLEV_VSM,TOLLEV_SML,TOLLEV_MED,TOLLEV_LRG,ROUTEDIR[1]
L,C,0;5831;20196;0;26;26;7;1;3;1;0;0;2;6;0;0;0;0;18;0;6;0;0;0;0;97;"Milpitas";0;0;0;0;0;0;0;0;0;0;0;0;0;0;0;0;0;0;0;0;0;0;0;0;0;0;0;0;0;0;0;0;0;0;0;0;0;""
L,C,0;20196;5831;0;26;26;7;1;3,4;0;0;2;6;0;0;0;0;18;0;6;0;0;0;0;97;"Milpitas";0;0;0;0;0;0;0;0;0;0;0;0;0;0;0;0;0;0;0;0;0;0;0;0;0;0;0;0;0;0;0;0;0;0;0;0;0;""
L,C,1;9046;20196;2.05;19;19;1;0;3,4;0;2150;3;2;0;1;0;0;60;2.05;2;880;0;0;1;97;"Milpitas";1;0;0;0;0;0;0;0;0;0;0;0;0;0;0;0;0;0;0;0;0;0;0;0;0;0;0;0;0;0;0;0;0;0;0;0;0;"S"
L,C,2;20197;9049;2.01;19;19;1;0;3,4;0;2150;3;2;0;1;0;0;60;2.01;2;880;0;0;1;97;"Milpitas";1;0;0;0;0;0;0;0;0;0;0;0;0;0;0;0;0;0;0;0;0;0;0;0;0;0;0;0;0;0;0;0;0;0;0;0;0;"N"
L,C,0;20200;9051;0.89;19;19;1;0;3,2;0;2150;2;2;0;1;0;0;60;0.89;2;237;0;32;1;139;"Santa Clara";0;0;0;0;0;0;0;0;0;0;0;0;0;0;0;0;0;0;0;0;0;0;0;0;0;0;0;0;0;0;0;0;0;0;0;0;0;"E"
L,C,1;9059;20200;0.17;19;19;1;0;3,2;0;2150;2;2;0;1;0;0;60;0.17;2;237;0;32;1;139;"Santa Clara";0;0;0;0;0;0;0;0;0;0;0;0;0;0;0;0;0;0;0;0;0;0;0;0;0;0;0;0;0;0;0;0;0;0;0;0;0;"E"
L,C,2;20202;9059;0.98;19;19;1;0;3,2;0;2150;2;2;0;1;0;0;60;0.98;2;237;0;32;1;153;"Sunnyvale";0;0;0;0;0;0;0;0;0;0;0;0;0;0;0;0;0;0;0;0;0;0;0;0;0;0;0;0;0;0;0;0;0;0;0;0;0;"E"
L,C,0;10143;20202;0.23;19;19;1;0;3,2;0;2150;2;2;0;1;0;0;60;0.23;2;237;0;32;1;153;"Sunnyvale";0;0;0;0;0;0;0;0;0;0;0;0;0;0;0;0;0;0;0;0;0;0;0;0;0;0;0;0;0;0;0;0;0;0;0;0;0;"E"
L,C,1;10142;10143;0.68;19;19;1;0;3,2;0;2150;2;2;0;1;0;0;60;0.68;2;237;0;32;1;153;"Sunnyvale";0;0;0;0;0;0;0;0;0;0;0;0;0;0;0;0;0;0;0;0;0;0;0;0;0;0;0;0;0;0;0;0;0;0;0;0;0;"E"
L,C,2;10141;10142;0.68;19;19;1;0;3,2;0;2150;2;2;0;1;0;0;60;0.68;2;237;0;32;1;153;"Sunnyvale";0;0;0;0;0;0;0;0;0;0;0;0;0;0;0;0;0;0;0;0;0;0;0;0;0;0;0;0;0;0;0;0;0;0;0;0;0;"E"
L,C,0;10199;10141;0.42;19;19;1;0;3,2;0;2150;2;2;0;1;0;2020;60;0.42;2;237;0;32;1;153;"Sunnyvale";0;0;0;0;0;0;0;0;0;0;0;0;0;0;0;0;0;0;0;0;0;0;0;0;0;0;0;0;0;0;0;0;0;0;0;0;0;"E"
L,C,1;10140;20204;0.45;22;22;1;0;3,2;0;2100;2;2;0;0;0;2020;60;0.45;2;237;0;31;1;153;"Sunnyvale";0;0;0;0;0;0;0;0;0;0;0;0;0;0;0;0;0;0;0;0;0;0;0;0;0;0;0;0;0;0;0;0;0;0;0;0;0;"W"
L,C,2;10139;10140;0.7;19;19;1;0;3,2;0;2150;2;2;0;1;0;0;60;0.7;2;237;0;31;1;153;"Sunnyvale";0;0;0;0;0;0;0;0;0;0;0;0;0;0;0;0;0;0;0;0;0;0;0;0;0;0;0;0;0;0;0;0;0;0;0;0;0;"W"
L,C,0;20203;10139;0.66;19;19;1;0;3,2;0;2150;2;2;0;1;0;0;60;0.66;2;237;0;31;1;153;"Sunnyvale";0;0;0;0;0;0;0;0;0;0;0;0;0;0;0;0;0;0;0;0;0;0;0;0;0;0;0;0;0;0;0;0;0;0;0;0;0;"W"
L,C,1;9060;20203;0.23;19;19;1;0;3,2;0;2150;2;2;0;1;0;0;60;0.23;2;237;0;31;1;153;"Sunnyvale";0;0;0;0;0;0;0;0;0;0;0;0;0;0;0;0;0;0;0;0;0;0;0;0;0;0;0;0;0;0;0;0;0;0;0;0;0;"W"
L,C,2;20201;9060;0.98;19;19;1;0;3,2;0;2150;2;2;0;1;0;0;60;0.98;2;237;0;31;1;153;"Sunnyvale";0;0;0;0;0;0;0;0;0;0;0;0;0;0;0;0;0;0;0;0;0;0;0;0;0;0;0;0;0;0;0;0;0;0;0;0;0;"W"
L,C,0;9056;20201;0.17;19;19;1;0;3,2;0;2150;2;2;0;1;0;0;60;0.17;2;237;0;31;1;131;"San Jose";0;0;0;0;0;0;0;0;0;0;0;0;0;0;0;0;0;0;0;0;0;0;0;0;0;0;0;0;0;0;0;0;0;0;0;0;0;"W"
L,C,1;4744;4752;1.6;19;19;2;0;3,1;0;2150;3;2;0;1;0;0;60;1.6;2;85;0;0;1;39;"Cupertino";0;0;0;0;0;0;0;0;0;0;0;0;0;0;0;0;0;0;0;0;0;0;0;0;0;0;0;0;0;0;0;0;0;0;0;0;0;"N"
L,C,2;4757;4755;1.6;19;19;2;0;3,1;0;2150;3;2;0;1;0;0;60;1.6;2;85;0;0;1;39;"Cupertino";0;0;0;0;0;0;0;0;0;0;0;0;0;0;0;0;0;0;0;0;0;0;0;0;0;0;0;0;0;0;0;0;0;0;0;0;0;"S"
L,C,0;4726;4744;0.3;19;19;2;0;3,1;0;2150;3;2;0;1;0;0;60;0.3;2;85;0;0;1;131;"San Jose";0;0;0;0;0;0;0;0;0;0;0;0;0;0;0;0;0;0;0;0;0;0;0;0;0;0;0;0;0;0;0;0;0;0;0;0;0;"N"
L,C,1;4755;4753;0.3;19;19;2;0;3,1;0;2150;3;2;0;1;0;0;60;0.3;2;85;0;0;1;131;"San Jose";0;0;0;0;0;0;0;0;0;0;0;0;0;0;0;0;0;0;0;0;0;0;0;0;0;0;0;0;0;0;0;0;0;0;0;0;0;"S"
L,C,2;4753;4721;2.35;19;19;2;0;3,1;0;2150;3;2;0;1;0;0;60;2.35;2;85;0;0;1;142;"Saratoga";0;0;0;0;0;0;0;0;0;0;0;0;0;0;0;0;0;0;0;0;0;0;0;0;0;0;0;0;0;0;0;0;0;0;0;0;0;"S"
L,C,0;4720;4726;2.16;19;19;2;0;3,1;0;2150;3;2;0;1;0;0;60;2.16;2;85;0;0;1;142;"Saratoga";0;0;0;0;0;0;0;0;0;0;0;0;0;0;0;0;0;0;0;0;0;0;0;0;0;0;0;0;0;0;0;0;0;0;0;0;0;"N"
L,C,1;4636;4716;2.5;19;19;2;0;3,1;0;2150;3;2;0;1;0;0;60;2.5;2;85;0;0;1;142;"Saratoga";0;0;0;0;0;0;0;0;0;0;0;0;0;0;0;0;0;0;0;0;0;0;0;0;0;0;0;0;0;0;0;0;0;0;0;0;0;"N"
L,C,2;4717;4627;2.52;19;19;2;0;3,1;0;2150;3;2;0;1;0;0;60;2.52;2;85;0;0;1;142;"Saratoga";0;0;0;0;0;0;0;0;0;0;0;0;0;0;0;0;0;0;0;0;0;0;0;0;0;0;0;0;0;0;0;0;0;0;0;0;0;"S"
L,C,0;4716;4720;0.19;19;19;2;0;3,1;0;2150;3;2;0;1;0;0;60;0.19;2;85;0;0;1;142;"Saratoga";0;0;0;0;0;0;0;0;0;0;0;0;0;0;0;0;0;0;0;0;0;0;0;0;0;0;0;0;0;0;0;0;0;0;0;0;0;"N"
L,C,1;4721;4717;0.19;19;19;2;0;3,1;0;2150;3;2;0;1;0;0;60;0.19;2;85;0;0;1;142;"Saratoga";0;0;0;0;0;0;0;0;0;0;0;0;0;0;0;0;0;0;0;0;0;0;0;0;0;0;0;0;0;0;0;0;0;0;0;0;0;"S"
L,C,2;4626;4636;0.52;19;19;2;0;3,1;0;2150;3;2;0;1;0;0;60;0.52;2;85;0;0;1;90;"Los Gatos";0;0;0;0;0;0;0;0;0;0;0;0;0;0;0;0;0;0;0;0;0;0;0;0;0;0;0;0;0;0;0;0;0;0;0;0;0;"N"
L,C,0;4627;4621;0.49;19;19;2;0;3,1;0;2150;3;2;0;1;0;0;60;0.49;2;85;0;0;1;90;"Los Gatos";0;0;0;0;0;0;0;0;0;0;0;0;0;0;0;0;0;0;0;0;0;0;0;0;0;0;0;0;0;0;0;0;0;0;0;0;0;"S"
L,C,1;4724;4616;0.08;19;19;2;0;3,1;0;2150;3;2;0;1;0;0;60;0.08;2;85;0;0;1;178;"S.C. County Remainder";0;0;0;0;0;0;0;0;0;0;0;0;0;0;0;0;0;0;0;0;0;0;0;0;0;0;0;0;0;0;0;0;0;0;0;0;0;"N"
L,C,2;4616;4626;0.23;19;19;2;0;3,1;0;2150;3;2;0;1;0;0;60;0.23;2;85;0;0;1;90;"Los Gatos";0;0;0;0;0;0;0;0;0;0;0;0;0;0;0;0;0;0;0;0;0;0;0;0;0;0;0;0;0;0;0;0;0;0;0;0;0;"N"
L,C,0;4621;4615;0.23;19;19;2;0;3,1;0;2150;3;2;0;1;0;0;60;0.23;2;85;0;0;1;90;"Los Gatos";0;0;0;0;0;0;0;0;0;0;0;0;0;0;0;0;0;0;0;0;0;0;0;0;0;0;0;0;0;0;0;0;0;0;0;0;0;"S"
L,C,1;4998;4724;0.19;19;19;2;0;3,1;0;2150;3;2;0;1;0;0;60;0.19;2;85;0;0;1;131;"San Jose";0;0;0;0;0;0;0;0;0;0;0;0;0;0;0;0;0;0;0;0;0;0;0;0;0;0;0;0;0;0;0;0;0;0;0;0;0;"N"
L,C,2;4615;4745;0.08;19;19;2;0;3,1;0;2150;3;2;0;1;0;0;60;0.08;2;85;0;0;1;90;"Los Gatos";0;0;0;0;0;0;0;0;0;0;0;0;0;0;0;0;0;0;0;0;0;0;0;0;0;0;0;0;0;0;0;0;0;0;0;0;0;"S"
L,C,0;4745;4581;0.17;19;19;2;0;3,1;0;2150;3;2;0;1;0;0;60;0.17;2;85;0;0;1;131;"San Jose";0;0;0;0;0;0;0;0;0;0;0;0;0;0;0;0;0;0;0;0;0;0;0;0;0;0;0;0;0;0;0;0;0;0;0;0;0;"S"
L,C,1;4558;4998;0.93;19;19;3;0;3,1;0;2150;3;2;0;1;1;0;60;0.93;2;85;0;0;1;131;"San Jose";0;0;0;0;0;0;0;0;0;0;0;0;0;0;0;0;0;0;0;0;0;0;0;0;0;0;0;0;0;0;0;0;0;0;0;0;0;"N"
L,C,2;4581;4557;0.98;19;19;3;0;3,1;0;2150;3;2;0;1;1;0;60;0.98;2;85;0;0;1;131;"San Jose";0;0;0;0;0;0;0;0;0;0;0;0;0;0;0;0;0;0;0;0;0;0;0;0;0;0;0;0;0;0;0;0;0;0;0;0;0;"S"
L,C,0;4518;4560;0.87;19;19;3;0;3,1;0;2150;3;2;0;1;1;0;60;0.87;2;85;0;0;1;131;"San Jose";0;0;0;0;0;0;0;0;0;0;0;0;0;0;0;0;0;0;0;0;0;0;0;0;0;0;0;0;0;0;0;0;0;0;0;0;0;"N"
L,C,1;4561;4519;0.87;19;19;3;0;3,1;0;2150;3;2;0;1;1;0;60;0.87;2;85;0;0;1;131;"San Jose";0;0;0;0;0;0;0;0;0;0;0;0;0;0;0;0;0;0;0;0;0;0;0;0;0;0;0;0;0;0;0;0;0;0;0;0;0;"S"
L,C,2;4519;4549;0.35;29;29;2;0;3,1;0;2200;4;2;0;1;0;0;65,0.3231;2;85;0;0;1;131;"San Jose";0;0;0;0;0;0;0;0;0;0;0;0;0;0;0;0;0;0;0;0;0;0;0;0;0;0;0;0;0;0;0;0;0;0;0;0;0;"S"
L,C,0;4505;4518;0.31;29;29;2;0;3,1;0;2200;4;2;0;1;0;0;65,0.2862;2;85;0;0;1;131;"San Jose";0;0;0;0;0;0;0;0;0;0;0;0;0;0;0;0;0;0;0;0;0;0;0;0;0;0;0;0;0;0;0;0;0;0;0;0;0;"N"
L,C,1;4458;4505;2;29;29;2;0;3,1;0;2200;4;2;0;1;0;0;65,1.8462;2;85;0;0;1;131;"San Jose";0;0;0;0;0;0;0;0;0;0;0;0;0;0;0;0;0;0;0;0;0;0;0;0;0;0;0;0;0;0;0;0;0;0;0;0;0;"N"
L,C,2;4549;4459;2.05;29;29;2;0;3,1;0;2200;4;2;0;1;0;0;65,1.8923;2;85;0;0;1;131;"San Jose";0;0;0;0;0;0;0;0;0;0;0;0;0;0;0;0;0;0;0;0;0;0;0;0;0;0;0;0;0;0;0;0;0;0;0;0;0;"S"
L,C,0;4454;4458;0.21;29;29;2;0;3,1;0;2200;4;2;0;1;0;0;65,0.1938;2;85;0;0;1;131;"San Jose";0;0;0;0;0;0;0;0;0;0;0;0;0;0;0;0;0;0;0;0;0;0;0;0;0;0;0;0;0;0;0;0;0;0;0;0;0;"N"
L,C,1;4459;4455;0.21;29;29;2;0;3,1;0;2200;4;2;0;1;0;0;65,0.1938;2;85;0;0;1;131;"San Jose";0;0;0;0;0;0;0;0;0;0;0;0;0;0;0;0;0;0;0;0;0;0;0;0;0;0;0;0;0;0;0;0;0;0;0;0;0;"S"
L,C,2;4436;4454;0.62;29;29;3;0;3,1;0;2200;4;2;0;1;1;0;65,0.5723;2;85;0;0;1;131;"San Jose";0;0;0;0;0;0;0;0;0;0;0;0;0;0;0;0;0;0;0;0;0;0;0;0;0;0;0;0;0;0;0;0;0;0;0;0;0;"N"
L,C,0;4455;4435;0.62;29;29;3;0;3,1;0;2200;4;2;0;1;1;0;65,0.5723;2;85;0;0;1;131;"San Jose";0;0;0;0;0;0;0;0;0;0;0;0;0;0;0;0;0;0;0;0;0;0;0;0;0;0;0;0;0;0;0;0;0;0;0;0;0;"S"
L,C,1;4435;4431;0.41;29;29;2;0;3,1;0;2200;4;2;0;1;0;0;65,0.3785;2;85;0;0;1;131;"San Jose";0;0;0;0;0;0;0;0;0;0;0;0;0;0;0;0;0;0;0;0;0;0;0;0;0;0;0;0;0;0;0;0;0;0;0;0;0;"S"
L,C,2;4432;4436;0.48;29;29;2;0;3,1;0;2200;4;2;0;1;0;0;65,0.4431;2;85;0;0;1;131;"San Jose";0;0;0;0;0;0;0;0;0;0;0;0;0;0;0;0;0;0;0;0;0;0;0;0;0;0;0;0;0;0;0;0;0;0;0;0;0;"N"
L,C,0;4430;4432;1.35;29;29;3;0;3,1;0;2200;4;2;0;1;1;0;65,1.2462;2;85;0;0;1;131;"San Jose";0;0;0;0;0;0;0;0;0;0;0;0;0;0;0;0;0;0;0;0;0;0;0;0;0;0;0;0;0;0;0;0;0;0;0;0;0;"N"
L,C,1;4431;4429;1.33;29;29;3;0;3,1;0;2200;4;2;0;1;1;0;65,1.2277;2;85;0;0;1;131;"San Jose";0;0;0;0;0;0;0;0;0;0;0;0;0;0;0;0;0;0;0;0;0;0;0;0;0;0;0;0;0;0;0;0;0;0;0;0;0;"S"
L,C,2;4429;4403;0.29;29;29;2;0;3,1;0;2200;4;2;0;1;0;0;65,0.2677;2;85;0;0;1;131;"San Jose";0;0;0;0;0;0;0;0;0;0;0;0;0;0;0;0;0;0;0;0;0;0;0;0;0;0;0;0;0;0;0;0;0;0;0;0;0;"S"
L,C,0;4404;4430;0.27;29;29;2;0;3,1;0;2200;4;2;0;1;0;0;65,0.2492;2;85;0;0;1;131;"San Jose";0;0;0;0;0;0;0;0;0;0;0;0;0;0;0;0;0;0;0;0;0;0;0;0;0;0;0;0;0;0;0;0;0;0;0;0;0;"N"
L,C,1;4394;4404;1.55;29;29;2;0;3,1;0;2200;4;2;0;1;0;0;65,1.4308;2;85;0;0;1;131;"San Jose";0;0;0;0;0;0;0;0;0;0;0;0;0;0;0;0;0;0;0;0;0;0;0;0;0;0;0;0;0;0;0;0;0;0;0;0;0;"N"
L,C,2;4403;4393;1.63;29;29;2;0;3,1;0;2200;4;2;0;1;0;0;65,1.5046;2;85;0;0;1;131;"San Jose";0;0;0;0;0;0;0;0;0;0;0;0;0;0;0;0;0;0;0;0;0;0;0;0;0;0;0;0;0;0;0;0;0;0;0;0;0;"S"
L,C,0;4376;4394;0.29;29;29;2;0;3,1;0;2200;4;2;0;1;0;0;65,0.2677;2;85;0;0;1;131;"San Jose";0;0;0;0;0;0;0;0;0;0;0;0;0;0;0;0;0;0;0;0;0;0;0;0;0;0;0;0;0;0;0;0;0;0;0;0;0;"N"
L,C,1;4393;4377;0.29;29;29;2;0;3,1;0;2200;4;2;0;1;0;0;65,0.2677;2;85;0;0;1;131;"San Jose";0;0;0;0;0;0;0;0;0;0;0;0;0;0;0;0;0;0;0;0;0;0;0;0;0;0;0;0;0;0;0;0;0;0;0;0;0;"S"
L,C,2;4335;4376;1.24;29;29;2;0;3,1;0;2200;4;2;0;1;0;0;65,1.1446;2;85;0;0;1;131;"San Jose";0;0;0;0;0;0;0;0;0;0;0;0;0;0;0;0;0;0;0;0;0;0;0;0;0;0;0;0;0;0;0;0;0;0;0;0;0;"N"
L,C,0;4377;4347;1.29;29;29;2;0;3,1;0;2200;4;2;0;1;0;0;65,1.1908;2;85;0;0;1;131;"San Jose";0;0;0;0;0;0;0;0;0;0;0;0;0;0;0;0;0;0;0;0;0;0;0;0;0;0;0;0;0;0;0;0;0;0;0;0;0;"S"
L,C,1;4577;4335;0.49;29;29;2;0;3,1;0;2200;4;2;0;1;0;0;65,0.4523;2;85;0;0;1;131;"San Jose";0;0;0;0;0;0;0;0;0;0;0;0;0;0;0;0;0;0;0;0;0;0;0;0;0;0;0;0;0;0;0;0;0;0;0;0;0;"N"
L,C,2;4347;4594;0.45;29;29;2;0;3,1;0;2200;4;2;0;1;0;0;65,0.4154;2;85;0;0;1;131;"San Jose";0;0;0;0;0;0;0;0;0;0;0;0;0;0;0;0;0;0;0;0;0;0;0;0;0;0;0;0;0;0;0;0;0;0;0;0;0;"S"
L,C,0;4333;4577;0.69;59;59;1;0;3,1;0;2050;4;1;0;1;0;0;50;0.828;1;85;0;0;1;131;"San Jose";0;0;0;0;0;0;0;0;0;0;0;0;0;0;0;0;0;0;0;0;0;0;0;0;0;0;0;0;0;0;0;0;0;0;0;0;0;"N"
L,C,1;4374;4332;0.28;59;59;1;0;3,1;0;2050;4;1;0;1;0;0;50;0.336;1;85;0;0;1;131;"San Jose";0;0;0;0;0;0;0;0;0;0;0;0;0;0;0;0;0;0;0;0;0;0;0;0;0;0;0;0;0;0;0;0;0;0;0;0;0;"S"
L,C,2;4594;4374;0.25;29;29;2;0;3,1;0;2200;4;2;0;1;0;0;65,0.2308;2;85;0;0;1;131;"San Jose";0;0;0;0;0;0;0;0;0;0;0;0;0;0;0;0;0;0;0;0;0;0;0;0;0;0;0;0;0;0;0;0;0;0;0;0;0;"S"
L,C,0;4560;4558;0.19;19;19;2;0;3,1;0;2150;3;2;0;1;0;0;60;0.19;2;85;0;0;1;178;"S.C. County Remainder";0;0;0;0;0;0;0;0;0;0;0;0;0;0;0;0;0;0;0;0;0;0;0;0;0;0;0;0;0;0;0;0;0;0;0;0;0;"N"
L,C,1;4557;4561;0.19;19;19;2;0;3,1;0;2150;3;2;0;1;0;0;60;0.19;2;85;0;0;1;131;"San Jose";0;0;0;0;0;0;0;0;0;0;0;0;0;0;0;0;0;0;0;0;0;0;0;0;0;0;0;0;0;0;0;0;0;0;0;0;0;"S"
L,C,2;9861;9865;0.38;38;38;2;0;4,3;0;2200;3;8;0;2;0;0;60;0.38;2;80;0;0;1;110;"Oakland";1;0;0;0;0;0;0;0;0;0;0;0;0;0;0;0;0;0;0;0;0;0;0;0;0;0;0;0;0;0;0;0;0;0;0;0;0;"W"
L,C,0;9863;9861;0.44;38;38;1;0;4,3;0;2200;3;8;0;2;0;0;60;0.44;2;80;0;0;1;110;"Oakland";1;0;0;0;0;0;0;0;0;0;0;0;0;0;0;0;0;0;0;0;0;0;0;0;0;0;0;0;0;0;0;0;0;0;0;0;0;"W"
L,C,1;2963;2964;0.3;22;22;4;0;4,1;0;2100;2;2;0;0;0;0;60;0.3;2;580;0;0;1;110;"Oakland";1;0;0;0;0;0;0;0;0;0;0;0;0;0;0;0;0;0;0;0;0;0;0;0;0;0;0;0;0;0;0;0;0;0;0;0;0;"W"
L,C,2;2941;2939;0.27;22;22;5;0;4,1;0;2100;2;2;0;0;1;0;60;0.27;2;580;0;0;1;110;"Oakland";1;0;0;0;0;0;0;0;0;0;0;0;0;0;0;0;0;0;0;0;0;0;0;0;0;0;0;0;0;0;0;0;0;0;0;0;0;"E"
L,C,0;2959;2963;0.91;22;22;4;0;4,1;0;2100;2;2;0;0;0;0;60;0.91;2;580;0;0;1;110;"Oakland";1;0;0;0;0;0;0;0;0;0;0;0;0;0;0;0;0;0;0;0;0;0;0;0;0;0;0;0;0;0;0;0;0;0;0;0;0;"W"
L,C,1;2939;3166;0.87;22;22;4;0;4,1;0;2100;2;2;0;0;0;0;60;0.87;2;580;0;0;1;110;"Oakland";1;0;0;0;0;0;0;0;0;0;0;0;0;0;0;0;0;0;0;0;0;0;0;0;0;0;0;0;0;0;0;0;0;0;0;0;0;"E"
L,C,2;2958;2959;0.15;22;22;4;0;4,1;0;2100;2;2;0;0;0;0;60;0.15;2;580;0;0;1;110;"Oakland";1;0;0;0;0;0;0;0;0;0;0;0;0;0;0;0;0;0;0;0;0;0;0;0;0;0;0;0;0;0;0;0;0;0;0;0;0;"W"
L,C,0;3165;3143;1.04;32;32;4;0;4,1;0;2100;3;2;0;0;0;0;60;1.04;2;580;0;0;1;110;"Oakland";1;0;0;0;0;0;0;0;0;0;0;0;0;0;0;0;0;0;0;0;0;0;0;0;0;0;0;0;0;0;0;0;0;0;0;0;0;"E"
L,C,1;3166;3165;0.15;22;22;4;0;4,1;0;2100;2;2;0;0;1;0;60;0.15;2;580;0;0;1;110;"Oakland";1;0;0;0;0;0;0;0;0;0;0;0;0;0;0;0;0;0;0;0;0;0;0;0;0;0;0;0;0;0;0;0;0;0;0;0;0;"E"
L,C,2;3144;2958;1.04;32;32;4;0;4,1;0;2100;3;2;0;0;0;0;60;1.04;2;580;0;0;1;110;"Oakland";1;0;0;0;0;0;0;0;0;0;0;0;0;0;0;0;0;0;0;0;0;0;0;0;0;0;0;0;0;0;0;0;0;0;0;0;0;"W"
L,C,0;3116;3144;0.57;32;32;4;0;4,1;0;2100;3;2;0;0;0;0;60;0.57;2;580;0;0;1;110;"Oakland";1;0;0;0;0;0;0;0;0;0;0;0;0;0;0;0;0;0;0;0;0;0;0;0;0;0;0;0;0;0;0;0;0;0;0;0;0;"W"
L,C,1;3143;3117;0.57;32;32;4;0;4,1;0;2100;3;2;0;0;0;0;60;0.57;2;580;0;0;1;110;"Oakland";1;0;0;0;0;0;0;0;0;0;0;0;0;0;0;0;0;0;0;0;0;0;0;0;0;0;0;0;0;0;0;0;0;0;0;0;0;"E"
L,C,2;3132;3116;0.47;32;32;4;0;4,1;0;2100;3;2;0;0;0;0;60;0.47;2;580;0;0;1;110;"Oakland";1;0;0;0;0;0;0;0;0;0;0;0;0;0;0;0;0;0;0;0;0;0;0;0;0;0;0;0;0;0;0;0;0;0;0;0;0;"W"
L,C,0;3117;3131;0.47;32;32;4;0;4,1;0;2100;3;2;0;0;0;0;60;0.47;2;580;0;0;1;110;"Oakland";1;0;0;0;0;0;0;0;0;0;0;0;0;0;0;0;0;0;0;0;0;0;0;0;0;0;0;0;0;0;0;0;0;0;0;0;0;"E"
L,C,1;3126;3132;0.42;32;32;4;0;4,1;0;2100;3;2;0;0;0;0;60;0.42;2;580;0;0;1;110;"Oakland";1;0;0;0;0;0;0;0;0;0;0;0;0;0;0;0;0;0;0;0;0;0;0;0;0;0;0;0;0;0;0;0;0;0;0;0;0;"W"
L,C,2;3131;3133;0.42;32;32;4;0;4,1;0;2100;3;2;0;0;0;0;60;0.42;2;580;0;0;1;110;"Oakland";1;0;0;0;0;0;0;0;0;0;0;0;0;0;0;0;0;0;0;0;0;0;0;0;0;0;0;0;0;0;0;0;0;0;0;0;0;"E"
L,C,0;3054;3126;0.77;32;32;4;0;4,1;0;2100;3;2;0;0;0;0;60;0.77;2;580;0;0;1;110;"Oakland";1;0;0;0;0;0;0;0;0;0;0;0;0;0;0;0;0;0;0;0;0;0;0;0;0;0;0;0;0;0;0;0;0;0;0;0;0;"W"
L,C,1;3133;3083;0.77;32;32;4;0;4,1;0;2100;3;2;0;0;0;0;60;0.77;2;580;0;0;1;110;"Oakland";1;0;0;0;0;0;0;0;0;0;0;0;0;0;0;0;0;0;0;0;0;0;0;0;0;0;0;0;0;0;0;0;0;0;0;0;0;"E"
L,C,2;3083;3084;0.29;32;32;4;0;4,1;0;2100;3;2;0;0;0;0;60;0.29;2;580;0;0;1;110;"Oakland";1;0;0;0;0;0;0;0;0;0;0;0;0;0;0;0;0;0;0;0;0;0;0;0;0;0;0;0;0;0;0;0;0;0;0;0;0;"E"
L,C,0;3055;3054;0.29;32;32;4;0;4,1;0;2100;3;2;0;0;0;0;60;0.29;2;580;0;0;1;110;"Oakland";1;0;0;0;0;0;0;0;0;0;0;0;0;0;0;0;0;0;0;0;0;0;0;0;0;0;0;0;0;0;0;0;0;0;0;0;0;"W"
L,C,1;3086;3055;0.47;42;42;4;0;4,1;0;2150;4;2;0;0;0;0;65,0.4338;2;580;0;0;1;110;"Oakland";1;0;0;0;0;0;0;0;0;0;0;0;0;0;0;0;0;0;0;0;0;0;0;0;0;0;0;0;0;0;0;0;0;0;0;0;0;"W"
L,C,2;3084;3085;0.47;42;42;4;0;4,1;0;2150;4;2;0;0;0;0;65,0.4338;2;580;0;0;1;110;"Oakland";1;0;0;0;0;0;0;0;0;0;0;0;0;0;0;0;0;0;0;0;0;0;0;0;0;0;0;0;0;0;0;0;0;0;0;0;0;"E"
L,C,0;3066;3086;0.32;42;42;4;0;4,1;0;2150;4;2;0;0;0;0;65,0.2954;2;580;0;0;1;110;"Oakland";1;0;0;0;0;0;0;0;0;0;0;0;0;0;0;0;0;0;0;0;0;0;0;0;0;0;0;0;0;0;0;0;0;0;0;0;0;"W"
L,C,1;3085;3065;0.32;42;42;4;0;4,1;0;2150;4;2;0;0;0;0;65,0.2954;2;580;0;0;1;110;"Oakland";1;0;0;0;0;0;0;0;0;0;0;0;0;0;0;0;0;0;0;0;0;0;0;0;0;0;0;0;0;0;0;0;0;0;0;0;0;"E"
L,C,2;3065;3067;1.06;42;42;4;0;4,1;0;2150;4;2;0;0;0;0;65,0.9785;2;580;0;0;1;110;"Oakland";1;0;0;0;0;0;0;0;0;0;0;0;0;0;0;0;0;0;0;0;0;0;0;0;0;0;0;0;0;0;0;0;0;0;0;0;0;"E"
L,C,0;3068;3066;1.06;42;42;4;0;4,1;0;2150;4;2;0;0;0;0;65,0.9785;2;580;0;0;1;110;"Oakland";1;0;0;0;0;0;0;0;0;0;0;0;0;0;0;0;0;0;0;0;0;0;0;0;0;0;0;0;0;0;0;0;0;0;0;0;0;"W"
L,C,1;3351;3068;0.57;42;42;4;0;4,1;0;2150;4;2;0;0;0;0;65,0.5262;2;580;0;0;1;110;"Oakland";1;0;0;0;0;0;0;0;0;0;0;0;0;0;0;0;0;0;0;0;0;0;0;0;0;0;0;0;0;0;0;0;0;0;0;0;0;"W"
L,C,2;3067;3350;0.57;42;42;4;0;4,1;0;2150;4;2;0;0;0;0;65,0.5262;2;580;0;0;1;110;"Oakland";1;0;0;0;0;0;0;0;0;0;0;0;0;0;0;0;0;0;0;0;0;0;0;0;0;0;0;0;0;0;0;0;0;0;0;0;0;"E"
L,C,0;3354;3351;0.76;42;42;4;0;4,1;0;2150;4;2;0;0;0;0;65,0.7015;2;580;0;0;1;110;"Oakland";1;0;0;0;0;0;0;0;0;0;0;0;0;0;0;0;0;0;0;0;0;0;0;0;0;0;0;0;0;0;0;0;0;0;0;0;0;"W"
L,C,1;3350;3353;0.76;42;42;5;0;4,1;0;2150;4;2;0;0;1;0;65,0.7015;2;580;0;0;1;110;"Oakland";1;0;0;0;0;0;0;0;0;0;0;0;0;0;0;0;0;0;0;0;0;0;0;0;0;0;0;0;0;0;0;0;0;0;0;0;0;"E"
L,C,2;9818;9819;0.27;29;29;1;0;4,2;0;2200;4;2;0;1;1;2020;65,0.2492;2;580;0;29;1;47;"Dublin";1;0;0;0;0;0;0;0;0,12.3571;0;0;0;0;0;0,3.0893;0;0;0;0;0;0,3.0893;0;0;0;0;0;0;0;0;0;0;0;0;0;"W"
L,C,0;9478;9818;0.38;29;29;1;0;4,2;0;2200;4;2;0;1;1;2020;65,0.3508;2;580;0;29;1;190;"Pleasanton";1;0;0;0;0;0;0;0;0,17.3914;0;0;0;0;0;0,4.3479;0;0;0;0;0;0,4.3479;0;0;0;0;0;0;0;0;0;0;0;0;0;"W"
L,C,1;9477;9478;0.45;29;29;1;0;4,2;0;2200;4;2;0;1;1;2020;65,0.4154;2;580;0;29;1;47;"Dublin";1;0;0;0;0;0;0;0;0,20.5951;0;0;0;0;0;0,5.1488;0;0;0;0;0;0,5.1488;0;0;0;0;0;0;0;0;0;0;0;0;0;"W"
L,C,2;9476;9477;0.3;29;29;1;0;4,2;0;2200;4;2;0;1;1;2020;65,0.2769;2;580;0;29;1;47;"Dublin";1;0;0;0;0;0;0;0;0,13.7301;0;0;0;0;0;0,3.4325;0;0;0;0;0;0,3.4325;0;0;0;0;0;0;0;0;0;0;0;0;0;"W"
L,C,0;9475;9476;0.7;29;29;1;0;4,2;0;2200;4;2;0;1;1;2020;65,0.6462;2;580;0;29;1;47;"Dublin";1;0;0;0;0;0;0;0;0,32.0368;0;0;0;0;0;0,8.0092;0;0;0;0;0;0,8.0092;0;0;0;0;0;0;0;0;0;0;0;0;0;"W"
L,C,1;9474;9473;0.76;29;29;1;0;4,2;0;2200;4;2;0;1;1;2020;65,0.7015;2;580;0;29;1;47;"Dublin";1;0;0;0;0;0;0;0;0,34.7828;0;0;0;0;0;0,8.6957;0;0;0;0;0;0,8.6957;0;0;0;0;0;0;0;0;0;0;0;0;0;"W"
L,C,2;9473;9475;0.17;29;29;1;0;4,2;0;2200;4;2;0;1;1;2020;65,0.1569;2;580;0;29;1;47;"Dublin";1;0;0;0;0;0;0;0;0,7.7804;0;0;0;0;0;0,1.9451;0;0;0;0;0;0,1.9451;0;0;0;0;0;0;0;0;0;0;0;0;0;"W"
L,C,0;9431;9474;0.38;29;29;1;0;4,2;0;2200;4;2;0;1;1;2020;65,0.3508;2;580;0;29;1;47;"Dublin";1;0;0;0;0;0;0;0;0,17.3914;0;0;0;0;0;0,4.3479;0;0;0;0;0;0,4.3479;0;0;0;0;0;0;0;0;0;0;0;0;0;"W"
L,C,1;9430;9431;0.88;29;29;1;0;4,2;0;2200;4;2;0;1;1;2020;65,0.8123;2;580;0;29;1;47;"Dublin";1;0;0;0;0;0;0;0;0,40.2749;0;0;0;0;0;0,10.0687;0;0;0;0;0;0,10.0687;0;0;0;0;0;0;0;0;0;0;0;0;0;"W"
L,C,2;9429;9430;0.33;29;29;1;0;4,2;0;2200;4;2;0;1;1;2020;65,0.3046;2;580;0;29;1;47;"Dublin";1;0;0;0;0;0;0;0;0,15.1031;0;0;0;0;0;0,3.7758;0;0;0;0;0;0,3.7758;0;0;0;0;0;0;0;0;0;0;0;0;0;"W"
L,C,0;9428;9429;1.38;29;29;1;0;4,2;0;2200;4;2;0;1;1;2020;65,1.2738;2;580;0;29;1;172;"Alameda County Remainder";1;0;0;0;0;0;0;0;0,63.1583;0;0;0;0;0;0,15.7896;0;0;0;0;0;0,15.7896;0;0;0;0;0;0;0;0;0;0;0;0;0;"W"
L,C,1;9427;9428;0.24;29;29;1;0;4,2;0;2200;4;2;0;1;1;2020;65,0.2215;2;580;0;29;1;87;"Livermore";1;0;0;0;0;0;0;0;0,10.9841;0;0;0;0;0;0,2.746;0;0;0;0;0;0,2.746;0;0;0;0;0;0;0;0;0;0;0;0;0;"W"
L,C,2;9426;9427;0.77;29;29;1;0;4,2;0;2200;4;2;0;1;1;2020;65,0.7108;2;580;0;29;1;87;"Livermore";1;0;0;0;0;0;0;0;0,35.2405;0;0;0;0;0;0,8.8101;0;0;0;0;0;0,8.8101;0;0;0;0;0;0;0;0;0;0;0;0;0;"W"
L,C,0;9425;9426;0.19;29;29;1;0;4,2;0;2200;4;2;0;1;1;2020;65,0.1754;2;580;0;29;1;87;"Livermore";1;0;0;0;0;0;0;0;0,8.6957;0;0;0;0;0;0,2.1739;0;0;0;0;0;0,2.1739;0;0;0;0;0;0;0;0;0;0;0;0;0;"W"
L,C,1;9424;9425;0.54;29;29;1;0;4,2;0;2200;4;2;0;1;1;2020;65,0.4985;2;580;0;29;1;87;"Livermore";1;0;0;0;0;0;0;0;0,24.7141;0;0;0;0;0;0,6.1785;0;0;0;0;0;0,6.1785;0;0;0;0;0;0;0;0;0;0;0;0;0;"W"
L,C,2;9461;9424;0.68;29;29;1;0;4,2;0;2200;4;2;0;1;1;2020;65,0.6277;2;580;0;29;1;172;"Alameda County Remainder";1;0;0;0;0;0;0;0;0,31.1215;0;0;0;0;0;0,7.7804;0;0;0;0;0;0,7.7804;0;0;0;0;0;0;0;0;0;0;0;0;0;"W"
L,C,0;9422;9461;0.4;29;29;1;0;4,2;0;2200;4;2;0;1;1;2020;65,0.3692;2;580;0;29;1;172;"Alameda County Remainder";1;0;0;0;0;0;0;0;0,18.3068;0;0;0;0;0;0,4.5767;0;0;0;0;0;0,4.5767;0;0;0;0;0;0;0;0;0;0;0;0;0;"W"
L,C,1;9421;9422;1.24;29;29;1;0;4,2;0;2200;4;2;0;1;1;2020;65,1.1446;2;580;0;29;1;172;"Alameda County Remainder";1;0;0;0;0;0;0;0;0,56.7509;0;0;0;0;0;0,14.1877;0;0;0;0;0;0,14.1877;0;0;0;0;0;0;0;0;0;0;0;0;0;"W"
L,C,2;9420;9421;0.51;29;29;1;0;4,2;0;2200;4;2;0;1;1;2020;65,0.4708;2;580;0;29;1;87;"Livermore";1;0;0;0;0;0;0;0;0,23.3411;0;0;0;0;0;0,5.8353;0;0;0;0;0;0,5.8353;0;0;0;0;0;0;0;0;0;0;0;0;0;"W"
L,C,0;9419;9420;0.9;29;29;1;0;4,2;0;2200;4;2;0;1;1;2020;65,0.8308;2;580;0;29;1;87;"Livermore";1;0;0;0;0;0;0;0;0,41.1902;0;0;0;0;0;0,10.2976;0;0;0;0;0;0,10.2976;0;0;0;0;0;0;0;0;0;0;0;0;0;"W"
L,C,1;9462;9419;0.1;29;29;1;0;4,2;0;2200;4;2;0;1;1;2020;65,0.0923;2;580;0;29;1;87;"Livermore";1;0;0;0;0;0;0;0;0,4.5767;0;0;0;0;0;0,1.1442;0;0;0;0;0;0,1.1442;0;0;0;0;0;0;0;0;0;0;0;0;0;"W"
L,C,2;9464;9462;1.1;29;29;1;0;4,2;0;2200;4;2;0;1;1;2020;65,1.0154;2;580;0;29;1;87;"Livermore";1;0;0;0;0;0;0;0;0,50.3436;0;0;0;0;0;0,12.5859;0;0;0;0;0;0,12.5859;0;0;0;0;0;0;0;0;0;0;0;0;0;"W"
L,C,0;9809;9464;0.19;29;29;1;0;4,2;0;2200;4;2;0;1;1;2020;65,0.1754;2;580;0;29;1;172;"Alameda County Remainder";1;0;0;0;0;0;0;0;0,8.6957;0;0;0;0;0;0,2.1739;0;0;0;0;0;0,2.1739;0;0;0;0;0;0;0;0;0;0;0;0;0;"W"
