HighwayLayerLogX,"M:\Application\Model One\Networks\TM1_2015_Base_Network\hwy\freeflow.net",4,64,11/15/2018 10:50:49 AM
Node,N,X,Y,GGFARE
Link,A,B,DISTANCE,SPDCLASS,CAPCLASS,LANES,TSIN,GL,USE,OT,CAP,AT,FT,SIGCOR,TOS,AUX,YEAR,FFS,FFT,FT2000,ROUTENUM,HOT,TOLLCLASS,STATE,CITYID,CITYNAME[48],REGFREIGHT,BRT,TOLLEA_DA,TOLLEA_S2,TOLLEA_S3,TOLLEA_VSM,TOLLEA_SML,TOLLEA_MED,TOLLEA_LRG,TOLLAM_DA,TOLLAM_S2,TOLLAM_S3,TOLLAM_VSM,TOLLAM_SML,TOLLAM_MED,TOLLAM_LRG,TOLLMD_DA,TOLLMD_S2,TOLLMD_S3,TOLLMD_VSM,TOLLMD_SML,TOLLMD_MED,TOLLMD_LRG,TOLLPM_DA,TOLLPM_S2,TOLLPM_S3,TOLLPM_VSM,TOLLPM_SML,TOLLPM_MED,TOLLPM_LRG,TOLLEV_DA,TOLLEV_S2,TOLLEV_S3,TOLLEV_VSM,TOLLEV_SML,TOLLEV_MED,TOLLEV_LRG,ROUTEDIR[1]
L,C,0;5781;10630;0;46;46;7;1,3;1;0;0;4;6;0;0;0;0;18;0;6;0;0;0;0;97;"Milpitas";0;0;0;0;0;0;0;0;0;0;0;0;0;0;0;0;0;0;0;0;0;0;0;0;0;0;0;0;0;0;0;0;0;0;0;0;0;""
L,C,0;10630;5781;0;46;46;7;1,3;1;0;0;4;6;0;0;0;0;18;0;6;0;0;0;0;97;"Milpitas";0;0;0;0;0;0;0;0;0;0;0;0;0;0;0;0;0;0;0;0;0;0;0;0;0;0;0;0;0;0;0;0;0;0;0;0;0;""
L,C,1;5781;15096;0;46;46;7;1,3;1;0;0;4;6;0;0;0;0;18;0;6;0;0;0;0;2;"Alamo";0;0;0;0;0;0;0;0;0;0;0;0;0;0;0;0;0;0;0;0;0;0;0;0;0;0;0;0;0;0;0;0;0;0;0;0;0;""
L,C,1;15096;5781;0;46;46;7;1,3;1;0;0;4;6;0;0;0;0;18;0;6;0;0;0;0;2;"Alamo";0;0;0;0;0;0;0;0;0;0;0;0;0;0;0;0;0;0;0;0;0;0;0;0;0;0;0;0;0;0;0;0;0;0;0;0;0;""
L,C,2;5788;10631;0;46;46;7;1,3;1;0;0;4;6;0;0;0;0;18;0;6;0;0;0;0;97;"Milpitas";0;0;0;0;0;0;0;0;0;0;0;0;0;0;0;0;0;0;0;0;0;0;0;0;0;0;0;0;0;0;0;0;0;0;0;0;0;""
L,C,2;10631;5788;0;46;46;7;1,3;1;0;0;4;6;0;0;0;0;18;0;6;0;0;0;0;97;"Milpitas";0;0;0;0;0;0;0;0;0;0;0;0;0;0;0;0;0;0;0;0;0;0;0;0;0;0;0;0;0;0;0;0;0;0;0;0;0;""
L,C,0;9219;9520;1.48;48;48;1;0,5;3;0;2250;4;8;0;2;0;0;65,1.3662;2;80;0;0;1;121;"Rodeo";1;0;0;0;0;0;0;0;0;0;0;0;0;0;0;0;0;0;0;0;0;0;0;0;0;0;0;0;0;0;0;0;0;0;0;0;0;"E"
L,C,1;9520;9521;0.6;48;48;1;0,5;3;0;2250;4;8;0;2;0;0;65,0.5538;2;80;0;0;1;121;"Rodeo";1;0;0;0;0;0;0;0;0;0;0;0;0;0;0;0;0;0;0;0;0;0;0;0;0;0;0;0;0;0;0;0;0;0;0;0;0;"E"
L,C,2;2227;9223;0;46;46;7;1,5;1;0;0;4;6;0;0;0;0;18;0;6;0;0;0;0;38;"Crockett";0;0;0;0;0;0;0;0;0;0;0;0;0;0;0;0;0;0;0;0;0;0;0;0;0;0;0;0;0;0;0;0;0;0;0;0;0;""
L,C,2;9223;2227;0;46;46;7;1,5;1;0;0;4;6;0;0;0;0;18;0;6;0;0;0;0;38;"Crockett";0;0;0;0;0;0;0;0;0;0;0;0;0;0;0;0;0;0;0;0;0;0;0;0;0;0;0;0;0;0;0;0;0;0;0;0;0;""
L,C,0;9521;9522;0.34;48;48;1;0,5;3;0;2250;4;8;0;2;0;0;65,0.3138;2;80;0;0;1;38;"Crockett";1;0;0;0;0;0;0;0;0;0;0;0;0;0;0;0;0;0;0;0;0;0;0;0;0;0;0;0;0;0;0;0;0;0;0;0;0;"E"
L,C,1;2176;20010;0;46;46;7;1,5;1;0;0;4;6;0;0;0;0;18;0;6;0;0;0;0;38;"Crockett";0;0;0;0;0;0;0;0;0;0;0;0;0;0;0;0;0;0;0;0;0;0;0;0;0;0;0;0;0;0;0;0;0;0;0;0;0;""
L,C,1;20010;2176;0;46;46;7;1,5;1;0;0;4;6;0;0;0;0;18;0;6;0;0;0;0;38;"Crockett";0;0;0;0;0;0;0;0;0;0;0;0;0;0;0;0;0;0;0;0;0;0;0;0;0;0;0;0;0;0;0;0;0;0;0;0;0;""
L,C,2;9522;9523;0.42;48;48;1;0,5;3;0;2250;4;8;0;2;0;0;65,0.3877;2;80;0;0;1;38;"Crockett";1;0;0;0;0;0;0;0;0;0;0;0;0;0;0;0;0;0;0;0;0;0;0;0;0;0;0;0;0;0;0;0;0;0;0;0;0;"E"
L,C,0;9523;9344;0.3;42;42;1;0,5;3;0;2150;4;2;0;0;0;0;65,0.2769;2;80;0;0;1;173;"C.C. County Remainder";1;0;0;0;0;0;0;0;0;0;0;0;0;0;0;0;0;0;0;0;0;0;0;0;0;0;0;0;0;0;0;0;0;0;0;0;0;"E"
L,C,1;11634;2179;0.87;42;42;3;0,5;1;0;2150;4;2;0;0;0;0;65,0.8031;2;80;0;0;1;173;"C.C. County Remainder";1;0;0;0;0;0;0;0;0;0;0;0;0;0;0;0;0;0;0;0;0;0;0;0;0;0;0;0;0;0;0;0;0;0;0;0;0;"W"
L,C,2;9285;11634;0;46;46;7;1,6;1;0;0;4;6;0;0;0;0;18;0;6;0;0;0;0;179;"Solano County Remainder";0;0;0;0;0;0;0;0;0;0;0;0;0;0;0;0;0;0;0;0;0;0;0;0;0;0;0;0;0;0;0;0;0;0;0;0;0;""
L,C,2;11634;9285;0;46;46;7;1,6;1;0;0;4;6;0;0;0;0;18;0;6;0;0;0;0;179;"Solano County Remainder";0;0;0;0;0;0;0;0;0;0;0;0;0;0;0;0;0;0;0;0;0;0;0;0;0;0;0;0;0;0;0;0;0;0;0;0;0;""
