HighwayLayerLogX,"M:\Application\Model One\Networks\TM1_2015_Base_Network\hwy\freeflow.net",4,64,11/9/2018 5:14:09 PM
Node,N,X,Y,GGFARE
Link,A,B,DISTANCE,SPDCLASS,CAPCLASS,LANES,TSIN,GL,USE,OT,CAP,AT,FT,SIGCOR,TOS,AUX,YEAR,FFS,FFT,FT2000,ROUTENUM,HOT,TOLLCLASS,STATE,CITYID,CITYNAME[33],REGFREIGHT,BRT,TOLLEA_DA,TOLLEA_S2,TOLLEA_S3,TOLLEA_VSM,TOLLEA_SML,TOLLEA_MED,TOLLEA_LRG,TOLLAM_DA,TOLLAM_S2,TOLLAM_S3,TOLLAM_VSM,TOLLAM_SML,TOLLAM_MED,TOLLAM_LRG,TOLLMD_DA,TOLLMD_S2,TOLLMD_S3,TOLLMD_VSM,TOLLMD_SML,TOLLMD_MED,TOLLMD_LRG,TOLLPM_DA,TOLLPM_S2,TOLLPM_S3,TOLLPM_VSM,TOLLPM_SML,TOLLPM_MED,TOLLPM_LRG,TOLLEV_DA,TOLLEV_S2,TOLLEV_S3,TOLLEV_VSM,TOLLEV_SML,TOLLEV_MED,TOLLEV_LRG,ROUTEDIR[1]
L,D,0,4052,4053,0.32,54,54,1,0,4,1,0,950,5,4,0,0,0,0,35,0.54857,4,84,0,0,1,154,"Sunol",0,0,0,0,0,0,0,0,0,0,0,0,0,0,0,0,0,0,0,0,0,0,0,0,0,0,0,0,0,0,0,0,0,0,0,0,0,"E"
L,D,0,4053,4052,0.32,54,54,1,0,4,1,0,950,5,4,0,0,0,0,35,0.54857,4,84,0,0,1,154,"Sunol",0,0,0,0,0,0,0,0,0,0,0,0,0,0,0,0,0,0,0,0,0,0,0,0,0,0,0,0,0,0,0,0,0,0,0,0,0,"W"
L,D,1,4060,4056,0.28,55,55,1,0,4,1,0,1550,5,5,0,0,0,0,40,0.42,5,0,0,0,1,154,"Sunol",0,0,0,0,0,0,0,0,0,0,0,0,0,0,0,0,0,0,0,0,0,0,0,0,0,0,0,0,0,0,0,0,0,0,0,0,0,""
L,D,2,4053,4051,0.53,55,55,1,0,4,1,0,1550,5,5,0,0,0,0,40,0.795,5,0,0,0,1,154,"Sunol",0,0,0,0,0,0,0,0,0,0,0,0,0,0,0,0,0,0,0,0,0,0,0,0,0,0,0,0,0,0,0,0,0,0,0,0,0,""
N,A,0,20544,599121.45737,4160999.35388,0
N,C,1;20544,599180.0987,4160378.717;0
N,A,2,20545,599113.38165,4160929.36428,0
N,C,0;20545,599086.4059,4160847.183;0
L,A,1,4053,20544,0.74345,0,0,0,0,0,0,0,0,0,0,0,0,0,0,0,0,0,0,0,0,0,0,"",0,0,0,0,0,0,0,0,0,0,0,0,0,0,0,0,0,0,0,0,0,0,0,0,0,0,0,0,0,0,0,0,0,0,0,0,0,""
L,C,2;4053;20544,0.7435,55,55,1;0,4,1;0,1550,5,5;0;0;0;0,40,1.12,5;0;0;0,1,154,"Sunol";0;0;0;0;0;0;0;0;0;0;0;0;0;0;0;0;0;0;0;0;0;0;0;0;0;0;0;0;0;0;0;0;0;0;0;0;0;""
L,A,0,20544,4051,0.09796,0,0,0,0,0,0,0,0,0,0,0,0,0,0,0,0,0,0,0,0,0,0,"",0,0,0,0,0,0,0,0,0,0,0,0,0,0,0,0,0,0,0,0,0,0,0,0,0,0,0,0,0,0,0,0,0,0,0,0,0,""
L,C,1;20544;4051,0.098,55,55,1;0,4,1;0,1550,5,5;0;0;0;0,40,0.147,5;0;0;0,1,154,"Sunol";0;0;0;0;0;0;0;0;0;0;0;0;0;0;0;0;0;0;0;0;0;0;0;0;0;0;0;0;0;0;0;0;0;0;0;0;0;""
L,A,2,4060,20545,0.43067,0,0,0,0,0,0,0,0,0,0,0,0,0,0,0,0,0,0,0,0,0,0,"",0,0,0,0,0,0,0,0,0,0,0,0,0,0,0,0,0,0,0,0,0,0,0,0,0,0,0,0,0,0,0,0,0,0,0,0,0,""
L,C,0;4060;20545,0.4307,55,55,1;0,4,1;0,1550,5,5;0;0;0;0,40,0.65;0;0;0;0,1,154,"Sunol";0;0;0;0;0;0;0;0;0;0;0;0;0;0;0;0;0;0;0;0;0;0;0;0;0;0;0;0;0;0;0;0;0;0;0;0;0;""
L,A,1,20545,4056,0.07288,0,0,0,0,0,0,0,0,0,0,0,0,0,0,0,0,0,0,0,0,0,0,"",0,0,0,0,0,0,0,0,0,0,0,0,0,0,0,0,0,0,0,0,0,0,0,0,0,0,0,0,0,0,0,0,0,0,0,0,0,""
L,C,2;20545;4056,0.0729,55,55,1;0,4,1;0,1550,5,5;0;0;0;0,40,0.11,5;0;0;0,1,154,"Sunol";0;0;0;0;0;0;0;0;0;0;0;0;0;0;0;0;0;0;0;0;0;0;0;0;0;0;0;0;0;0;0;0;0;0;0;0;0;""
L,C,0;4060;20545;0.4307;55;55;1;0;4;1;0;1550;5;5;0;0;0;0;40;0.65,5;0;0;0;1;154;"Sunol";0;0;0;0;0;0;0;0;0;0;0;0;0;0;0;0;0;0;0;0;0;0;0;0;0;0;0;0;0;0;0;0;0;0;0;0;0;""
L,A,1,20544,20545,0.29904,0,0,0,0,0,0,0,0,0,0,0,0,0,0,0,0,0,0,0,0,0,0,"",0,0,0,0,0,0,0,0,0,0,0,0,0,0,0,0,0,0,0,0,0,0,0,0,0,0,0,0,0,0,0,0,0,0,0,0,0,""
L,C,2;20544;20545,0.299,55,55,1;0,4,1;0,1550,5,5;0;0;0;0,40,0.45,5;0;0;0,1,154,"Sunol";0;0;0;0;0;0;0;0;0;0;0;0;0;0;0;0;0;0;0;0;0;0;0;0;0;0;0;0;0;0;0;0;0;0;0;0;0;""
