HighwayLayerLogX,"M:\Application\Model One\Networks\TM1_2015_Base_Network\hwy\freeflow.net",4,64,11/9/2018 6:20:11 PM
Node,N,X,Y,GGFARE
Link,A,B,DISTANCE,SPDCLASS,CAPCLASS,LANES,TSIN,GL,USE,OT,CAP,AT,FT,SIGCOR,TOS,AUX,YEAR,FFS,FFT,FT2000,ROUTENUM,HOT,TOLLCLASS,STATE,CITYID,CITYNAME[48],REGFREIGHT,BRT,TOLLEA_DA,TOLLEA_S2,TOLLEA_S3,TOLLEA_VSM,TOLLEA_SML,TOLLEA_MED,TOLLEA_LRG,TOLLAM_DA,TOLLAM_S2,TOLLAM_S3,TOLLAM_VSM,TOLLAM_SML,TOLLAM_MED,TOLLAM_LRG,TOLLMD_DA,TOLLMD_S2,TOLLMD_S3,TOLLMD_VSM,TOLLMD_SML,TOLLMD_MED,TOLLMD_LRG,TOLLPM_DA,TOLLPM_S2,TOLLPM_S3,TOLLPM_VSM,TOLLPM_SML,TOLLPM_MED,TOLLPM_LRG,TOLLEV_DA,TOLLEV_S2,TOLLEV_S3,TOLLEV_VSM,TOLLEV_SML,TOLLEV_MED,TOLLEV_LRG,ROUTEDIR[1]
N,A,0,20570,574583.14655,4230250.06091,0
N,C,1;20570,575711.8054,4230278.57;0
N,A,2,20571,574714.93591,4230438.84027,0
N,C,0;20571,575261.3199,4229785.023;0
N,A,1,20572,574294.63469,4230424.59278,0
N,C,2;20572,575150.3547,4229857.896;0
N,A,0,20573,574351.62469,4230267.87029,0
N,C,1;20573,575410.3776,4230048.358;0
N,A,2,20574,574372.99593,4230171.69967,0
N,C,0;20574,575670.4005,4229529.969;0
L,A,1,11832,20574,0.24995,0,0,0,0,0,0,0,0,0,0,0,0,0,0,0,0,0,0,0,0,0,0,"",0,0,0,0,0,0,0,0,0,0,0,0,0,0,0,0,0,0,0,0,0,0,0,0,0,0,0,0,0,0,0,0,0,0,0,0,0,""
L,C,2;11832;20574,0.2499,45,45,1;0,6,1;0,1550,4,5;0;0;0;0,40,0.37,5;0;0;0,1,60,"Fairfield";0;0;0;0;0;0;0;0;0;0;0;0;0;0;0;0;0;0;0;0;0;0;0;0;0;0;0;0;0;0;0;0;0;0;0;0;0;""
L,C,0;11832;20574;0.2499;45;45;1;0;6;1;0;1550;4;5;0;0;0;0;40;0.37;5;0;0;0;1,179,"Solano County Remainder";0;0;0;0;0;0;0;0;0;0;0;0;0;0;0;0;0;0;0;0;0;0;0;0;0;0;0;0;0;0;0;0;0;0;0;0;0;""
L,A,1,20574,11824,0.37761,0,0,0,0,0,0,0,0,0,0,0,0,0,0,0,0,0,0,0,0,0,0,"",0,0,0,0,0,0,0,0,0,0,0,0,0,0,0,0,0,0,0,0,0,0,0,0,0,0,0,0,0,0,0,0,0,0,0,0,0,""
N,C,2;20574,575708.69897,4229427.26784;0
L,C,2;11832;20574,0.19742;45;45;1;0;6;1;0;1550;4;5;0;0;0;0;40;0.37;5;0;0;0;1;179;"Solano County Remainder";0;0;0;0;0;0;0;0;0;0;0;0;0;0;0;0;0;0;0;0;0;0;0;0;0;0;0;0;0;0;0;0;0;0;0;0;0;""
L,C,2;20574;11824,0.37778;0;0;0;0;0;0;0;0;0;0;0;0;0;0;0;0;0;0;0;0;0;0;"";0;0;0;0;0;0;0;0;0;0;0;0;0;0;0;0;0;0;0;0;0;0;0;0;0;0;0;0;0;0;0;0;0;0;0;0;0;""
L,C,0;20574;11824,0.3778,47,47,1;0,6,1;0,1050,4,7;0;0;0;0,35,0.65,7;0;0;0,1,179,"Solano County Remainder";0;0;0;0;0;0;0;0;0;0;0;0;0;0;0;0;0;0;0;0;0;0;0;0;0;0;0;0;0;0;0;0;0;0;0;0;0;""
N,C,1;20574,575740.75585,4229377.40159;0
L,C,1;11832;20574,0.18077;45;45;1;0;6;1;0;1550;4;5;0;0;0;0;40;0.37;5;0;0;0;1;179;"Solano County Remainder";0;0;0;0;0;0;0;0;0;0;0;0;0;0;0;0;0;0;0;0;0;0;0;0;0;0;0;0;0;0;0;0;0;0;0;0;0;""
L,C,1;20574;11824,0.37514;47;47;1;0;6;1;0;1050;4;7;0;0;0;0;35;0.65;7;0;0;0;1;179;"Solano County Remainder";0;0;0;0;0;0;0;0;0;0;0;0;0;0;0;0;0;0;0;0;0;0;0;0;0;0;0;0;0;0;0;0;0;0;0;0;0;""
L,A,2,11818,20574,0.26576,0,0,0,0,0,0,0,0,0,0,0,0,0,0,0,0,0,0,0,0,0,0,"",0,0,0,0,0,0,0,0,0,0,0,0,0,0,0,0,0,0,0,0,0,0,0,0,0,0,0,0,0,0,0,0,0,0,0,0,0,""
L,C,0;11818;20574,0.2658,47,47,1;0,6,1;0,1050,4,7;0;0;0;0,35,0.46;0;0;0;0,1,179,"Solano County Remainder
Solano County Remainder";0;0;0;0;0;0;0;0;0;0;0;0;0;0;0;0;0;0;0;0;0;0;0;0;0;0;0;0;0;0;0;0;0;0;0;0;0;""
L,A,1,20574,11818,0.26576,0,0,0,0,0,0,0,0,0,0,0,0,0,0,0,0,0,0,0,0,0,0,"",0,0,0,0,0,0,0,0,0,0,0,0,0,0,0,0,0,0,0,0,0,0,0,0,0,0,0,0,0,0,0,0,0,0,0,0,0,""
L,C,2;11818;20574;0.2658;47;47;1;0;6;1;0;1050;4;7;0;0;0;0;35;0.46;0;0;0;0;1;179;"Solano County Remainder
Solano County Remainder";0;0;0;0;0;0;0;0;0;0;0;0;0;0;0;0;0;0;0;0;0;0;0;0;0;0;0;0;0;0;0;0;0;0;0;0;0;""
L,C,2;20574;11818,0.2658,47,47,1;0,6,1;0,1050,4,7;0;0;0;0,35,0.46;0;0;0;0,1,179,"Solano County Remainder";0;0;0;0;0;0;0;0;0;0;0;0;0;0;0;0;0;0;0;0;0;0;0;0;0;0;0;0;0;0;0;0;0;0;0;0;0;""
L,A,0,11824,20574,0.37512,0,0,0,0,0,0,0,0,0,0,0,0,0,0,0,0,0,0,0,0,0,0,"",0,0,0,0,0,0,0,0,0,0,0,0,0,0,0,0,0,0,0,0,0,0,0,0,0,0,0,0,0,0,0,0,0,0,0,0,0,""
L,C,1;11824;20574,0.3751,47,47,1;0,6,1;0,1050,4,7;0;0;0;0,35,0.65,7;0;0;0,1,179,"Solano County Remainder";0;0;0;0;0;0;0;0;0;0;0;0;0;0;0;0;0;0;0;0;0;0;0;0;0;0;0;0;0;0;0;0;0;0;0;0;0;""
L,C,1;20574;11824,0.3751;47;47;1;0;6;1;0;1050;4;7;0;0;0;0;35;0.65;7;0;0;0;1;179;"Solano County Remainder";0;0;0;0;0;0;0;0;0;0;0;0;0;0;0;0;0;0;0;0;0;0;0;0;0;0;0;0;0;0;0;0;0;0;0;0;0;""
L,A,2,20571,11818,0.21857,0,0,0,0,0,0,0,0,0,0,0,0,0,0,0,0,0,0,0,0,0,0,"",0,0,0,0,0,0,0,0,0,0,0,0,0,0,0,0,0,0,0,0,0,0,0,0,0,0,0,0,0,0,0,0,0,0,0,0,0,""
L,A,2,11818,20571,0.21857,0,0,0,0,0,0,0,0,0,0,0,0,0,0,0,0,0,0,0,0,0,0,"",0,0,0,0,0,0,0,0,0,0,0,0,0,0,0,0,0,0,0,0,0,0,0,0,0,0,0,0,0,0,0,0,0,0,0,0,0,""
N,C,0;20571,575099.61839,4229918.80656;0
L,C,0;11818;20571,0.32965;0;0;0;0;0;0;0;0;0;0;0;0;0;0;0;0;0;0;0;0;0;0;"";0;0;0;0;0;0;0;0;0;0;0;0;0;0;0;0;0;0;0;0;0;0;0;0;0;0;0;0;0;0;0;0;0;0;0;0;0;""
L,C,0;20571;11818,0.32965;0;0;0;0;0;0;0;0;0;0;0;0;0;0;0;0;0;0;0;0;0;0;"";0;0;0;0;0;0;0;0;0;0;0;0;0;0;0;0;0;0;0;0;0;0;0;0;0;0;0;0;0;0;0;0;0;0;0;0;0;""
N,C,1;20571,575131.67526,4229940.17781;0
L,C,1;11818;20571,0.3342;0;0;0;0;0;0;0;0;0;0;0;0;0;0;0;0;0;0;0;0;0;0;"";0;0;0;0;0;0;0;0;0;0;0;0;0;0;0;0;0;0;0;0;0;0;0;0;0;0;0;0;0;0;0;0;0;0;0;0;0;""
L,C,1;20571;11818,0.3342;0;0;0;0;0;0;0;0;0;0;0;0;0;0;0;0;0;0;0;0;0;0;"";0;0;0;0;0;0;0;0;0;0;0;0;0;0;0;0;0;0;0;0;0;0;0;0;0;0;0;0;0;0;0;0;0;0;0;0;0;""
L,C,2;11818;20571,0.3342,47,47,1;0,6,1;0,1050,4,7;0;0;0;0,35,0.57,7;0;0;0,1,179,"Solano County Remainder";0;0;0;0;0;0;0;0;0;0;0;0;0;0;0;0;0;0;0;0;0;0;0;0;0;0;0;0;0;0;0;0;0;0;0;0;0;""
L,C,2;20571;11818,0.3342,47,47,1;0,6,1;0,1050,4,7;0;0;0;0,35,0.57,7;0;0;0,1,179,"Solano County Remainder";0;0;0;0;0;0;0;0;0;0;0;0;0;0;0;0;0;0;0;0;0;0;0;0;0;0;0;0;0;0;0;0;0;0;0;0;0;""
L,C,0;11818;20571;0.3342;47;47;1;0;6;1;0;1050;4;7;0;0;0;0;35;0.57;7;0;0;0;1,60,"Fairfield";0;0;0;0;0;0;0;0;0;0;0;0;0;0;0;0;0;0;0;0;0;0;0;0;0;0;0;0;0;0;0;0;0;0;0;0;0;""
L,C,0;20571;11818;0.3342;47;47;1;0;6;1;0;1050;4;7;0;0;0;0;35;0.57;7;0;0;0;1,60,"Fairfield";0;0;0;0;0;0;0;0;0;0;0;0;0;0;0;0;0;0;0;0;0;0;0;0;0;0;0;0;0;0;0;0;0;0;0;0;0;""
L,A,1,11803,20571,0.33358,0,0,0,0,0,0,0,0,0,0,0,0,0,0,0,0,0,0,0,0,0,0,"",0,0,0,0,0,0,0,0,0,0,0,0,0,0,0,0,0,0,0,0,0,0,0,0,0,0,0,0,0,0,0,0,0,0,0,0,0,""
L,A,1,20571,11803,0.33358,0,0,0,0,0,0,0,0,0,0,0,0,0,0,0,0,0,0,0,0,0,0,"",0,0,0,0,0,0,0,0,0,0,0,0,0,0,0,0,0,0,0,0,0,0,0,0,0,0,0,0,0,0,0,0,0,0,0,0,0,""
L,C,2;11803;20571,0.3336,47,47,1;0,6,1;0,1050,4,7;0;0;0;0,35,0.57,7;0;0;0,1,60,"Fairfield";0;0;0;0;0;0;0;0;0;0;0;0;0;0;0;0;0;0;0;0;0;0;0;0;0;0;0;0;0;0;0;0;0;0;0;0;0;""
L,C,2;20571;11803,0.3336,47,47,1;0,6,1;0,1050,4,7;0;0;0;0,35,0.57,7;0;0;0,1,60,"Fairfield";0;0;0;0;0;0;0;0;0;0;0;0;0;0;0;0;0;0;0;0;0;0;0;0;0;0;0;0;0;0;0;0;0;0;0;0;0;""
L,A,0,20571,20572,0.05282,0,0,0,0,0,0,0,0,0,0,0,0,0,0,0,0,0,0,0,0,0,0,"",0,0,0,0,0,0,0,0,0,0,0,0,0,0,0,0,0,0,0,0,0,0,0,0,0,0,0,0,0,0,0,0,0,0,0,0,0,""
L,A,0,20572,20571,0.05282,0,0,0,0,0,0,0,0,0,0,0,0,0,0,0,0,0,0,0,0,0,0,"",0,0,0,0,0,0,0,0,0,0,0,0,0,0,0,0,0,0,0,0,0,0,0,0,0,0,0,0,0,0,0,0,0,0,0,0,0,""
N,C,1;20571,575149.48463,4230054.1578;0
L,C,1;11803;20571,0.26227;47;47;1;0;6;1;0;1050;4;7;0;0;0;0;35;0.57;7;0;0;0;1;60;"Fairfield";0;0;0;0;0;0;0;0;0;0;0;0;0;0;0;0;0;0;0;0;0;0;0;0;0;0;0;0;0;0;0;0;0;0;0;0;0;""
L,C,1;11818;20571,0.39856;47;47;1;0;6;1;0;1050;4;7;0;0;0;0;35;0.57;7;0;0;0;1;60;"Fairfield";0;0;0;0;0;0;0;0;0;0;0;0;0;0;0;0;0;0;0;0;0;0;0;0;0;0;0;0;0;0;0;0;0;0;0;0;0;""
L,C,1;20571;11803,0.26227;47;47;1;0;6;1;0;1050;4;7;0;0;0;0;35;0.57;7;0;0;0;1;60;"Fairfield";0;0;0;0;0;0;0;0;0;0;0;0;0;0;0;0;0;0;0;0;0;0;0;0;0;0;0;0;0;0;0;0;0;0;0;0;0;""
L,C,1;20571;11818,0.39856;47;47;1;0;6;1;0;1050;4;7;0;0;0;0;35;0.57;7;0;0;0;1;60;"Fairfield";0;0;0;0;0;0;0;0;0;0;0;0;0;0;0;0;0;0;0;0;0;0;0;0;0;0;0;0;0;0;0;0;0;0;0;0;0;""
L,C,1;20571;20572,0.12286;0;0;0;0;0;0;0;0;0;0;0;0;0;0;0;0;0;0;0;0;0;0;"";0;0;0;0;0;0;0;0;0;0;0;0;0;0;0;0;0;0;0;0;0;0;0;0;0;0;0;0;0;0;0;0;0;0;0;0;0;""
L,C,1;20572;20571,0.12286;0;0;0;0;0;0;0;0;0;0;0;0;0;0;0;0;0;0;0;0;0;0;"";0;0;0;0;0;0;0;0;0;0;0;0;0;0;0;0;0;0;0;0;0;0;0;0;0;0;0;0;0;0;0;0;0;0;0;0;0;""
L,C,2;20571;20572,0.1229,45,45,1;0,6,1;0,1050,4,5;0;0;0;0,40,0.18,5;0;0;0,1,60,"Fairfield";0;0;0;0;0;0;0;0;0;0;0;0;0;0;0;0;0;0;0;0;0;0;0;0;0;0;0;0;0;0;0;0;0;0;0;0;0;""
L,C,2;20572;20571,0.1229,45,45,1;0,6,1;0,1050,4,5;0;0;0;0,40,0.18,5;0;0;0,1,60,"Fairfield";0;0;0;0;0;0;0;0;0;0;0;0;0;0;0;0;0;0;0;0;0;0;0;0;0;0;0;0;0;0;0;0;0;0;0;0;0;""
L,D,0,11803,11818,0.45,47,47,1,0,6,1,0,1050,4,7,0,0,0,0,35,0.77143,7,0,0,0,0,60,"Fairfield",0,0,0,0,0,0,0,0,0,0,0,0,0,0,0,0,0,0,0,0,0,0,0,0,0,0,0,0,0,0,0,0,0,0,0,0,0,""
L,D,0,11818,11803,0.45,47,47,1,0,6,1,0,1050,4,7,0,0,0,0,35,0.77143,7,0,0,0,0,60,"Fairfield",0,0,0,0,0,0,0,0,0,0,0,0,0,0,0,0,0,0,0,0,0,0,0,0,0,0,0,0,0,0,0,0,0,0,0,0,0,""
L,D,1,11815,11817,0.56,41,41,1,0,6,1,0,2000,4,1,0,0,0,0,50,0.672,1,0,0,0,1,60,"Fairfield",0,0,0,0,0,0,0,0,0,0,0,0,0,0,0,0,0,0,0,0,0,0,0,0,0,0,0,0,0,0,0,0,0,0,0,0,0,""
L,D,2,11815,11803,0.55,45,45,1,0,6,1,0,1550,4,5,0,0,0,0,40,0.825,5,0,0,0,1,60,"Fairfield",0,0,0,0,0,0,0,0,0,0,0,0,0,0,0,0,0,0,0,0,0,0,0,0,0,0,0,0,0,0,0,0,0,0,0,0,0,""
L,D,0,11816,11803,0.4234,45,45,2,0,6,1,0,1550,4,5,0,0,0,0,40,0.6351,5,0,0,0,1,60,"Fairfield",0,0,0,0,0,0,0,0,0,0,0,0,0,0,0,0,0,0,0,0,0,0,0,0,0,0,0,0,0,0,0,0,0,0,0,0,0,""
L,D,1,11816,11820,0.57,41,41,2,0,6,1,0,2000,4,1,0,0,0,0,50,0.684,1,0,0,0,1,60,"Fairfield",0,0,0,0,0,0,0,0,0,0,0,0,0,0,0,0,0,0,0,0,0,0,0,0,0,0,0,0,0,0,0,0,0,0,0,0,0,""
L,D,2,11818,11824,0.49,47,47,1,0,6,1,0,1050,4,7,0,0,0,0,35,0.84,7,0,0,0,0,179,"Solano County Remainder",0,0,0,0,0,0,0,0,0,0,0,0,0,0,0,0,0,0,0,0,0,0,0,0,0,0,0,0,0,0,0,0,0,0,0,0,0,""
L,D,2,11824,11818,0.49,47,47,1,0,6,1,0,1050,4,7,0,0,0,0,35,0.84,7,0,0,0,0,179,"Solano County Remainder",0,0,0,0,0,0,0,0,0,0,0,0,0,0,0,0,0,0,0,0,0,0,0,0,0,0,0,0,0,0,0,0,0,0,0,0,0,""
L,D,0,11803,11817,0.56,45,45,2,0,6,1,0,1550,4,5,0,0,0,0,40,0.84,5,0,0,0,1,60,"Fairfield",0,0,0,0,0,0,0,0,0,0,0,0,0,0,0,0,0,0,0,0,0,0,0,0,0,0,0,0,0,0,0,0,0,0,0,0,0,""
L,A,1,20572,20573,0.20177,0,0,0,0,0,0,0,0,0,0,0,0,0,0,0,0,0,0,0,0,0,0,"",0,0,0,0,0,0,0,0,0,0,0,0,0,0,0,0,0,0,0,0,0,0,0,0,0,0,0,0,0,0,0,0,0,0,0,0,0,""
L,C,2;20572;20573,0.2018,41,41,1;0,6,1;0,2000,4,1;0;0;0;0,50,0.24,1;0;0;0,1,60,"Fairfield";0;0;0;0;0;0;0;0;0;0;0;0;0;0;0;0;0;0;0;0;0;0;0;0;0;0;0;0;0;0;0;0;0;0;0;0;0;""
L,A,0,20573,11817,0.18245,0,0,0,0,0,0,0,0,0,0,0,0,0,0,0,0,0,0,0,0,0,0,"",0,0,0,0,0,0,0,0,0,0,0,0,0,0,0,0,0,0,0,0,0,0,0,0,0,0,0,0,0,0,0,0,0,0,0,0,0,""
L,C,1;20573;11817,0.1824,45,45,1;0,6,1;0,1550,4,5;0;0;0;0,40,0.27,5;0;0;0,1,60,"Fairfield";0;0;0;0;0;0;0;0;0;0;0;0;0;0;0;0;0;0;0;0;0;0;0;0;0;0;0;0;0;0;0;0;0;0;0;0;0;""
L,A,2,20573,20570,0.23743,0,0,0,0,0,0,0,0,0,0,0,0,0,0,0,0,0,0,0,0,0,0,"",0,0,0,0,0,0,0,0,0,0,0,0,0,0,0,0,0,0,0,0,0,0,0,0,0,0,0,0,0,0,0,0,0,0,0,0,0,""
L,C,0;20573;20570,0.2374,41,41,1;0,6,1;0,2000,4,1;0;0;0;0,50,0.28,1;0;0;0,1,60,"Fairfield";0;0;0;0;0;0;0;0;0;0;0;0;0;0;0;0;0;0;0;0;0;0;0;0;0;0;0;0;0;0;0;0;0;0;0;0;0;""
L,A,1,11816,20570,0.29904,0,0,0,0,0,0,0,0,0,0,0,0,0,0,0,0,0,0,0,0,0,0,"",0,0,0,0,0,0,0,0,0,0,0,0,0,0,0,0,0,0,0,0,0,0,0,0,0,0,0,0,0,0,0,0,0,0,0,0,0,""
L,C,2;11816;20570,0.299,41,41,2;0,6,1;0,2000,4,1;0;0;0;0,50,0.39,1;0;0;0,1,60,"Fairfield";0;0;0;0;0;0;0;0;0;0;0;0;0;0;0;0;0;0;0;0;0;0;0;0;0;0;0;0;0;0;0;0;0;0;0;0;0;""
L,A,0,20570,11820,0.22511,0,0,0,0,0,0,0,0,0,0,0,0,0,0,0,0,0,0,0,0,0,0,"",0,0,0,0,0,0,0,0,0,0,0,0,0,0,0,0,0,0,0,0,0,0,0,0,0,0,0,0,0,0,0,0,0,0,0,0,0,""
L,C,1;20570;11820,0.2251,41,41,2;0,6,1;0,2000,4,1;0;0;0;0,50,0.29,1;0;0;0,1,60,"Fairfield";0;0;0;0;0;0;0;0;0;0;0;0;0;0;0;0;0;0;0;0;0;0;0;0;0;0;0;0;0;0;0;0;0;0;0;0;0;""
L,A,2,11815,20572,0.19429,0,0,0,0,0,0,0,0,0,0,0,0,0,0,0,0,0,0,0,0,0,0,"",0,0,0,0,0,0,0,0,0,0,0,0,0,0,0,0,0,0,0,0,0,0,0,0,0,0,0,0,0,0,0,0,0,0,0,0,0,""
L,C,0;11815;20572,0.1943,41,41,1;0,6,1;0,2000,4,1;0;0;0;0,50,0.23,1;0;0;0,1,60,"Fairfield";0;0;0;0;0;0;0;0;0;0;0;0;0;0;0;0;0;0;0;0;0;0;0;0;0;0;0;0;0;0;0;0;0;0;0;0;0;""
