Page 1  (VOYAGER PILOT) 
Metropolitan Transportation Commission
--------------------------------------
PILOT (v.06/18/2018 [6.4.4 x64]) Mon Oct 15 17:14:43 2018

Args: logs\merge_transit_support_nodes_into_network.s
Input:   M:...Base_Network\logs\merge_transit_support_nodes_into_network.s

RUN PGM=NETWORK,0

PILOT Stack Size = 42 bytes.
................................................................................
Page 2  (VOYAGER NETWORK) 
Metropolitan Transportation Commission
--------------------------------------
NETWORK (v.06/18/2018 [6.4.4 x64])  Mon Oct 15 17:14:43 2018

  NETI[1] =hwy\FREEFLOW.NET
  NETO    =hwy\FREEFLOW_OUT.NET, exclude=_PROJECT, _COMMENT
  NODEI[2]="logs\transit_support_nodes.csv" VAR=N,X,Y,_PROJECT(c),_COMMENT(c) START=(substr(record,1,4)='N,X,')
  ; This file was trn\Transit_Support_Nodes.dat with comments removed
  ; Additionally, the following nodes:
  ;   10302, 10504, 10801, 11382, 11482, 12854, 13090, 14203, 14204, 14207,
  ;   14208, 14215, 14217, 14561, 14645, 14845, 14945, 15092, 15098, 15544, 15571
  ;   were removed since they collided with a node already in the network
  ; Finally, duplicate nodes were removed


  _NODES_ADDED = 0

  PHASE=NODEMERGE
    IF (ni.2._PROJECT=='net_update')
      X        = ni.2.X
      Y        = ni.2.Y

      IF (NI.1.X <> 0)
        PRINT LIST="BAD node number: ",ni.2.N
        ABORT MSG="Node collision: Transit support node number already in use"
      ENDIF

      _NODES_ADDED = _NODES_ADDED + 1
    ENDIF
  ENDPHASE


NETWORK Stack Size = 1134 bytes.
................................................................................




hwy\FREEFLOW.NET   (VOYAGER):

NET PGM=NETWORK (v.10/06/2017 [6.4.3 x64]) DATE=Fri May 04 11:13:50 2018
ID= 
PAR Zones=1475 Nodes=20539 Links=33612 NodeRecs=13937 
NVR 4    N    X    Y    GGFARE
LVR 63    A    B    DISTANCE    SPDCLASS    CAPCLASS    LANES    TSIN    GL
    USE    OT    CAP    AT    FT    SIGCOR    TOS    AUX    YEAR    FFS    FFT
    FT2000    ROUTENUM    HOT    TOLLCLASS    STATE    CITYID    CITYNAME=033
    REGFREIGHT    BRT    TOLLEA_DA    TOLLEA_S2    TOLLEA_S3    TOLLEA_VSM
    TOLLEA_SML    TOLLEA_MED    TOLLEA_LRG    TOLLAM_DA    TOLLAM_S2
    TOLLAM_S3    TOLLAM_VSM    TOLLAM_SML    TOLLAM_MED    TOLLAM_LRG
    TOLLMD_DA    TOLLMD_S2    TOLLMD_S3    TOLLMD_VSM    TOLLMD_SML
    TOLLMD_MED    TOLLMD_LRG    TOLLPM_DA    TOLLPM_S2    TOLLPM_S3
    TOLLPM_VSM    TOLLPM_SML    TOLLPM_MED    TOLLPM_LRG    TOLLEV_DA
    TOLLEV_S2    TOLLEV_S3    TOLLEV_VSM    TOLLEV_SML    TOLLEV_MED
    TOLLEV_LRG
Page 3  (VOYAGER NETWORK) 
Metropolitan Transportation Commission
--------------------------------------

logs\transit_support_nodes.csv:
N           X           Y           _PROJECT(C) _COMMENT(C) 


Begin PROCESS PHASE INPUT


Reading NODEI[2]: logs\transit_support_nodes.csv
      0         1         2         3         4         5         6         7          
      0....+....0....+....0....+....0....+....0....+....0....+....0....+....0....+....

     1:NODE,X,Y,_PROJECT,_Comment,                                                                     
W(626):N... 
W      177 records read from NODEI[2]: logs\transit_support_nodes.csv
W        1 records contained errors
         1 field errors
End   PROCESS PHASE INPUT


Begin PROCESS PHASE NODEMERGE
      13,937 records merged from NODEI[1]: hwy\FREEFLOW.NET
         176 records merged from NODEI[2]: N2.132371
      14,113 data base records.

Variable   Obs<>0              Total           Ave         Min         Max           RMS  
--------   ------              -----           ---         ---         ---           ---  
N          14,113                 --            --           1      20,539            --
X          14,113   8,091,038,703.29    573,303.95     454,817     660,744    573,834.61
Y          14,113  58,948,929,434.6   4,176,924.07   4,086,022   4,301,302  4,177,088.76
_PROJECT      176                                   (net_upda)  (net_upda)

      Obs = 0:  GGFARE  _COMMENT

_Variables with values:

_ZONES                1,475      
_NODES_ADDED            176      

End   PROCESS PHASE NODEMERGE


Begin PROCESS PHASE LINKMERGE
      33,612 data base records.Page 4  (VOYAGER NETWORK) 
Metropolitan Transportation Commission
--------------------------------------

Variable     Obs<>0          Total       Ave       Min        Max       RMS  
--------     ------          -----       ---       ---        ---       ---  
A            33,612             --        --      1     20,539           --
B            33,612             --        --      1     20,539           --
DISTANCE     30,330      14,892.03      0.49      0.01      12.8       0.78
SPDCLASS     33,612   1,235,456        36.76      4         76        38.48
CAPCLASS     33,612   1,235,456        36.76      4         76        38.48
LANES        33,612     104,858         3.12      1          7         3.94
TSIN          8,670       8,670         1         1          1         1   
GL           33,612     132,145         3.93      1         10         4.43
USE          33,612      35,692         1.06      1         11         1.12
OT            5,392       7,270.22      1.35      0.07      15         1.64
CAP          24,942  28,859,050     1,157.05    600      2,250     1,240.2 
AT           32,768     107,084         3.27      1          7         3.42
FT           33,612     180,164         5.36      1          8         5.6 
TOS           1,635       1,808         1.11      1          2         1.15
AUX             331         340         1.03      1          2         1.04
YEAR            334     673,400     2,016.17  2,010      2,035     2,016.17
FFS          33,612   1,023,579        30.45     10        100        33.02
FFT          30,328      29,477.62      0.97      0.02      19.37      1.42
FT2000       33,610     179,264         5.33      1          7         5.58
ROUTENUM      4,754     946,187       199.03      1        980       320.08
HOT              20          20         1         1          1         1   
TOLLCLASS        88       2,344        26.64      1         50        29.56
STATE         7,097       7,097         1         1          1         1   
CITYID       33,612   3,910,583       116.34      1        191       125.74
CITYNAME     33,612                           (Alameda )  (Yountvil)
REGFREIGHT    2,363       2,363         1         1          1         1   
BRT             116         116         1         1          1         1   
TOLLEA_DA        16       5,756.62    359.79    286.04     446.94    362.05
TOLLEA_S2        16       5,756.62    359.79    286.04     446.94    362.05
TOLLEA_S3        16       5,756.62    359.79    286.04     446.94    362.05
TOLLEA_VSM       16       5,756.62    359.79    286.04     446.94    362.05
TOLLEA_SML       16       5,756.62    359.79    286.04     446.94    362.05
TOLLEA_MED       16      17,698.92  1,106.18  1,072.66   1,340.83  1,109.73
TOLLEA_LRG       16      32,448.01  2,028     1,966.55   2,458.18  2,034.51
TOLLAM_DA        77       7,738       100.49      2.22     446.94    175.53
TOLLAM_S2        16       5,327.55    332.97    178.78     446.94    346.26
TOLLAM_S3        16       3,110.72    194.42    178.78     303.92    198.78
TOLLAM_VSM       16       6,042.66    377.67    357.55     446.94    379.3 
TOLLAM_SML       16       6,042.66    377.67    357.55     446.94    379.3 
TOLLAM_MED       16      17,698.92  1,106.18  1,072.66   1,340.83  1,109.73
TOLLAM_LRG       16      32,448.01  2,028     1,966.55   2,458.18  2,034.51
TOLLMD_DA        67       6,225.03     92.91      1.14     446.94    177.2 
TOLLMD_S2        16       5,756.62    359.79    286.04     446.94    362.05
TOLLMD_S3        16       5,756.62    359.79    286.04     446.94    362.05
TOLLMD_VSM       16       5,756.62    359.79    286.04     446.94    362.05
TOLLMD_SML       16       5,756.62    359.79    286.04     446.94    362.05
TOLLMD_MED       16      17,698.92  1,106.18  1,072.66   1,340.83  1,109.73
TOLLMD_LRG       16      32,448.01  2,028     1,966.55   2,458.18  2,034.51
TOLLPM_DA        77       7,147        92.82      1.14     446.94    174.96
TOLLPM_S2        16       5,327.55    332.97    178.78     446.94    346.26
TOLLPM_S3        16       3,110.72    194.42    178.78     303.92    198.78Page 5  (VOYAGER NETWORK) 
Metropolitan Transportation Commission
--------------------------------------
TOLLPM_VSM       16       6,042.66    377.67    357.55     446.94    379.3 
TOLLPM_SML       16       6,042.66    377.67    357.55     446.94    379.3 
TOLLPM_MED       16      17,698.92  1,106.18  1,072.66   1,340.83  1,109.73
TOLLPM_LRG       16      32,448.01  2,028     1,966.55   2,458.18  2,034.51
TOLLEV_DA        16       5,756.62    359.79    286.04     446.94    362.05
TOLLEV_S2        16       5,756.62    359.79    286.04     446.94    362.05
TOLLEV_S3        16       5,756.62    359.79    286.04     446.94    362.05
TOLLEV_VSM       16       5,756.62    359.79    286.04     446.94    362.05
TOLLEV_SML       16       5,756.62    359.79    286.04     446.94    362.05
TOLLEV_MED       16      17,698.92  1,106.18  1,072.66   1,340.83  1,109.73
TOLLEV_LRG       16      32,448.01  2,028     1,966.55   2,458.18  2,034.51

      Obs = 0:  SIGCOR

_Variables with values:

_ZONES                1,475      

End   PROCESS PHASE LINKMERGE

FILEO NETO=hwy\FREEFLOW_OUT.NET

NET PGM=NETWORK (v.06/18/2018 [6.4.4 x64]) DATE=Mon Oct 15 17:14:43 2018
ID= 
PAR Zones=1475 Nodes=20539 Links=33612 NodeRecs=14113 
NVR 4    N    X    Y    GGFARE
LVR 63    A    B    DISTANCE    SPDCLASS    CAPCLASS    LANES    TSIN    GL
    USE    OT    CAP    AT    FT    SIGCOR    TOS    AUX    YEAR    FFS    FFT
    FT2000    ROUTENUM    HOT    TOLLCLASS    STATE    CITYID    CITYNAME=033
    REGFREIGHT    BRT    TOLLEA_DA    TOLLEA_S2    TOLLEA_S3    TOLLEA_VSM
    TOLLEA_SML    TOLLEA_MED    TOLLEA_LRG    TOLLAM_DA    TOLLAM_S2
    TOLLAM_S3    TOLLAM_VSM    TOLLAM_SML    TOLLAM_MED    TOLLAM_LRG
    TOLLMD_DA    TOLLMD_S2    TOLLMD_S3    TOLLMD_VSM    TOLLMD_SML
    TOLLMD_MED    TOLLMD_LRG    TOLLPM_DA    TOLLPM_S2    TOLLPM_S3
    TOLLPM_VSM    TOLLPM_SML    TOLLPM_MED    TOLLPM_LRG    TOLLEV_DA
    TOLLEV_S2    TOLLEV_S3    TOLLEV_VSM    TOLLEV_SML    TOLLEV_MED
    TOLLEV_LRG


NETWORK  ReturnCode = 1  Elapsed Time = 00:00:01
################################################################################


VOYAGER  ReturnCode = 1  Elapsed Time = 00:00:01