HighwayLayerLogX,"M:\Application\Model One\Networks\TM1_2015_Base_Network\hwy\freeflow.net",4,64,11/29/2018 4:38:50 PM
Node,N,X,Y,GGFARE
Link,A,B,DISTANCE,SPDCLASS,CAPCLASS,LANES,TSIN,GL,USE,OT,CAP,AT,FT,SIGCOR,TOS,AUX,YEAR,FFS,FFT,FT2000,ROUTENUM,HOT,TOLLCLASS,STATE,CITYID,CITYNAME[48],REGFREIGHT,BRT,TOLLEA_DA,TOLLEA_S2,TOLLEA_S3,TOLLEA_VSM,TOLLEA_SML,TOLLEA_MED,TOLLEA_LRG,TOLLAM_DA,TOLLAM_S2,TOLLAM_S3,TOLLAM_VSM,TOLLAM_SML,TOLLAM_MED,TOLLAM_LRG,TOLLMD_DA,TOLLMD_S2,TOLLMD_S3,TOLLMD_VSM,TOLLMD_SML,TOLLMD_MED,TOLLMD_LRG,TOLLPM_DA,TOLLPM_S2,TOLLPM_S3,TOLLPM_VSM,TOLLPM_SML,TOLLPM_MED,TOLLPM_LRG,TOLLEV_DA,TOLLEV_S2,TOLLEV_S3,TOLLEV_VSM,TOLLEV_SML,TOLLEV_MED,TOLLEV_LRG,ROUTEDIR[1]
L,C,0;7689;7708;0.1949;17;17;2;0;1;1;0;950;1;7;0;0;0;0;25,0.4678;7;101;0;0;1;129;"San Francisco";1,0;0;0;0;0;0;0;0;0;0;0;0;0;0;0;0;0;0;0;0;0;0;0;0;0;0;0;0;0;0;0;0;0;0;0;0;"N"
L,C,0;7708;7689;0.1949;17;17;2;0;1;1;0;950;1;7;0;0;0;0;25,0.4678;7;101;0;0;1;129;"San Francisco";1,0;0;0;0;0;0;0;0;0;0;0;0;0;0;0;0;0;0;0;0;0;0;0;0;0;0;0;0;0;0;0;0;0;0;0;0;"S"
L,C,0;7689;7690;0.1958;17;17;2;0;1;1;0;950;1;7;0;0;0;0;25,0.4699;7;101;0;0;1;129;"San Francisco";1,0;0;0;0;0;0;0;0;0;0;0;0;0;0;0;0;0;0;0;0;0;0;0;0;0;0;0;0;0;0;0;0;0;0;0;0;"S"
L,C,0;7690;7689;0.1958;17;17;2;0;1;1;0;950;1;7;0;0;0;0;25,0.4699;7;101;0;0;1;129;"San Francisco";1,0;0;0;0;0;0;0;0;0;0;0;0;0;0;0;0;0;0;0;0;0;0;0;0;0;0;0;0;0;0;0;0;0;0;0;0;"N"
L,C,0;7471;7690;0.0677;17;17;2;0;1;1;0;950;1;7;0;0;0;0;25,0.1625;7;101;0;0;1;129;"San Francisco";1,0;0;0;0;0;0;0;0;0;0;0;0;0;0;0;0;0;0;0;0;0;0;0;0;0;0;0;0;0;0;0;0;0;0;0;0;"N"
L,C,0;7690;7471;0.0677;17;17;2;0;1;1;0;950;1;7;0;0;0;0;25,0.1625;7;101;0;0;1;129;"San Francisco";1,0;0;0;0;0;0;0;0;0;0;0;0;0;0;0;0;0;0;0;0;0;0;0;0;0;0;0;0;0;0;0;0;0;0;0;0;"S"
L,C,0;7471;7530;0.0651;17;17;2;0;1;1;0;950;1;7;0;0;0;0;25,0.1562;7;101;0;0;1;129;"San Francisco",0;1;0;0;0;0;0;0;0;0;0;0;0;0;0;0;0;0;0;0;0;0;0;0;0;0;0;0;0;0;0;0;0;0;0;0;0;"S"
L,C,0;7530;7471;0.0651;17;17;2;0;1;1;0;950;1;7;0;0;0;0;25,0.1562;7;101;0;0;1;129;"San Francisco",0;1;0;0;0;0;0;0;0;0;0;0;0;0;0;0;0;0;0;0;0;0;0;0;0;0;0;0;0;0;0;0;0;0;0;0;0;"N"
L,C,0;7530;7561;0.1179;17;17;2;0;1;1;0;950;1;7;0;0;0;0;25,0.283;7;101;0;0;1;129;"San Francisco",0;1;0;0;0;0;0;0;0;0;0;0;0;0;0;0;0;0;0;0;0;0;0;0;0;0;0;0;0;0;0;0;0;0;0;0;0;"S"
L,C,0;7561;7530;0.1179;17;17;2;0;1;1;0;950;1;7;0;0;0;0;25,0.283;7;101;0;0;1;129;"San Francisco",0;1;0;0;0;0;0;0;0;0;0;0;0;0;0;0;0;0;0;0;0;0;0;0;0;0;0;0;0;0;0;0;0;0;0;0;0;"N"
L,C,0;7561;13643;0.08;7;7;2;0;1;1;0;900;0;7;0;0;0;0;20;0.24;7;101;0;0;1;129;"San Francisco";1,0;0;0;0;0;0;0;0;0;0;0;0;0;0;0;0;0;0;0;0;0;0;0;0;0;0;0;0;0;0;0;0;0;0;0;0;"S"
L,C,0;13643;7561;0.08;7;7;2;0;1;1;0;900;0;7;0;0;0;0;20;0.24;7;101;0;0;1;129;"San Francisco";1,0;0;0;0;0;0;0;0;0;0;0;0;0;0;0;0;0;0;0;0;0;0;0;0;0;0;0;0;0;0;0;0;0;0;0;0;"N"
L,C,0;7440;13643;0.0705;7;7;2;0;1;1;0;900;0;7;0;0;0;0;20;0.2115;7;101;0;0;1;129;"San Francisco";1,0;0;0;0;0;0;0;0;0;0;0;0;0;0;0;0;0;0;0;0;0;0;0;0;0;0;0;0;0;0;0;0;0;0;0;0;"N"
L,C,0;13643;7440;0.0705;7;7;2;0;1;1;0;900;0;7;0;0;0;0;20;0.2115;7;101;0;0;1;129;"San Francisco";1,0;0;0;0;0;0;0;0;0;0;0;0;0;0;0;0;0;0;0;0;0;0;0;0;0;0;0;0;0;0;0;0;0;0;0;0;"S"
L,C,0;7439;7440;0.057;7;7;2;0;1;1;0;900;0;7;0;0;0;0;20;0.171;7;101;0;0;1;129;"San Francisco";1,0;0;0;0;0;0;0;0;0;0;0;0;0;0;0;0;0;0;0;0;0;0;0;0;0;0;0;0;0;0;0;0;0;0;0;0;"N"
L,C,0;7440;7439;0.057;7;7;2;0;1;1;0;900;0;7;0;0;0;0;20;0.171;7;101;0;0;1;129;"San Francisco";1,0;0;0;0;0;0;0;0;0;0;0;0;0;0;0;0;0;0;0;0;0;0;0;0;0;0;0;0;0;0;0;0;0;0;0;0;"S"
L,C,0;7436;7439;0.07;7;7;2;0;1;1;0;900;0;7;0;0;0;0;20;0.21;7;101;0;0;1;129;"San Francisco";1,0;0;0;0;0;0;0;0;0;0;0;0;0;0;0;0;0;0;0;0;0;0;0;0;0;0;0;0;0;0;0;0;0;0;0;0;"N"
L,C,0;7439;7436;0.07;7;7;2;0;1;1;0;900;0;7;0;0;0;0;20;0.21;7;101;0;0;1;129;"San Francisco";1,0;0;0;0;0;0;0;0;0;0;0;0;0;0;0;0;0;0;0;0;0;0;0;0;0;0;0;0;0;0;0;0;0;0;0;0;"S"
L,C,0;7436;7463;0.0683;7;7;2;0;1;1;0;900;0;7;0;0;0;0;20;0.2049;7;101;0;0;1;129;"San Francisco";1,0;0;0;0;0;0;0;0;0;0;0;0;0;0;0;0;0;0;0;0;0;0;0;0;0;0;0;0;0;0;0;0;0;0;0;0;"S"
L,C,0;7463;7436;0.0683;7;7;2;0;1;1;0;900;0;7;0;0;0;0;20;0.2049;7;101;0;0;1;129;"San Francisco";1,0;0;0;0;0;0;0;0;0;0;0;0;0;0;0;0;0;0;0;0;0;0;0;0;0;0;0;0;0;0;0;0;0;0;0;0;"N"
L,C,0;7456;7463;0.07;7;7;2;0;1;1;0;900;0;7;0;0;0;0;20;0.21;7;101;0;0;1;129;"San Francisco";1,0;0;0;0;0;0;0;0;0;0;0;0;0;0;0;0;0;0;0;0;0;0;0;0;0;0;0;0;0;0;0;0;0;0;0;0;"N"
L,C,0;7463;7456;0.07;7;7;2;0;1;1;0;900;0;7;0;0;0;0;20;0.21;7;101;0;0;1;129;"San Francisco";1,0;0;0;0;0;0;0;0;0;0;0;0;0;0;0;0;0;0;0;0;0;0;0;0;0;0;0;0;0;0;0;0;0;0;0;0;"S"
L,C,0;7456;7462;0.0628;7;7;2;0;1;1;0;900;0;7;0;0;0;0;20;0.1884;7;101;0;0;1;129;"San Francisco";1,0;0;0;0;0;0;0;0;0;0;0;0;0;0;0;0;0;0;0;0;0;0;0;0;0;0;0;0;0;0;0;0;0;0;0;0;"S"
L,C,0;7462;7456;0.0628;7;7;2;0;1;1;0;900;0;7;0;0;0;0;20;0.1884;7;101;0;0;1;129;"San Francisco";1,0;0;0;0;0;0;0;0;0;0;0;0;0;0;0;0;0;0;0;0;0;0;0;0;0;0;0;0;0;0;0;0;0;0;0;0;"N"
L,C,0;7449;7462;0.0674;7;7;2;0;1;1;0;900;0;7;0;0;0;0;20;0.2022;7;101;0;0;1;129;"San Francisco";1,0;0;0;0;0;0;0;0;0;0;0;0;0;0;0;0;0;0;0;0;0;0;0;0;0;0;0;0;0;0;0;0;0;0;0;0;"N"
L,C,0;7462;7449;0.0674;7;7;2;0;1;1;0;900;0;7;0;0;0;0;20;0.2022;7;101;0;0;1;129;"San Francisco";1,0;0;0;0;0;0;0;0;0;0;0;0;0;0;0;0;0;0;0;0;0;0;0;0;0;0;0;0;0;0;0;0;0;0;0;0;"S"
L,C,0;7449;7663;0.1307;7;7;2;0;1;1;0;900;0;7;0;0;0;0;20;0.3921;7;101;0;0;1;129;"San Francisco";1,0;0;0;0;0;0;0;0;0;0;0;0;0;0;0;0;0;0;0;0;0;0;0;0;0;0;0;0;0;0;0;0;0;0;0;0;"S"
L,C,0;7663;7449;0.1307;7;7;2;0;1;1;0;900;0;7;0;0;0;0;20;0.3921;7;101;0;0;1;129;"San Francisco";1,0;0;0;0;0;0;0;0;0;0;0;0;0;0;0;0;0;0;0;0;0;0;0;0;0;0;0;0;0;0;0;0;0;0;0;0;"N"
L,C,0;7552;7663;0.0679;7;7;2;0;1;1;0;900;0;7;0;0;0;0;20;0.2037;7;101;0;0;1;129;"San Francisco";1,0;0;0;0;0;0;0;0;0;0;0;0;0;0;0;0;0;0;0;0;0;0;0;0;0;0;0;0;0;0;0;0;0;0;0;0;"N"
L,C,0;7663;7552;0.0679;7;7;2;0;1;1;0;900;0;7;0;0;0;0;20;0.2037;7;101;0;0;1;129;"San Francisco";1,0;0;0;0;0;0;0;0;0;0;0;0;0;0;0;0;0;0;0;0;0;0;0;0;0;0;0;0;0;0;0;0;0;0;0;0;"S"
L,C,0;7552;7553;0.0617;7;7;2;0;1;1;0;900;0;7;0;0;0;0;20;0.1851;7;101;0;0;1;129;"San Francisco";1,0;0;0;0;0;0;0;0;0;0;0;0;0;0;0;0;0;0;0;0;0;0;0;0;0;0;0;0;0;0;0;0;0;0;0;0;"S"
L,C,0;7553;7552;0.0617;7;7;2;0;1;1;0;900;0;7;0;0;0;0;20;0.1851;7;101;0;0;1;129;"San Francisco";1,0;0;0;0;0;0;0;0;0;0;0;0;0;0;0;0;0;0;0;0;0;0;0;0;0;0;0;0;0;0;0;0;0;0;0;0;"N"
L,C,0;7553;7606;0.1479;7;7;2;0;1;1;0;900;0;7;0;0;0;0;20;0.4437;7;101;0;0;1;129;"San Francisco";1,0;0;0;0;0;0;0;0;0;0;0;0;0;0;0;0;0;0;0;0;0;0;0;0;0;0;0;0;0;0;0;0;0;0;0;0;"S"
L,C,0;7606;7553;0.1479;7;7;2;0;1;1;0;900;0;7;0;0;0;0;20;0.4437;7;101;0;0;1;129;"San Francisco";1,0;0;0;0;0;0;0;0;0;0;0;0;0;0;0;0;0;0;0;0;0;0;0;0;0;0;0;0;0;0;0;0;0;0;0;0;"N"
L,C,0;7554;7606;0.1108;7;7;2;0;1;1;0;900;0;7;0;0;0;0;20;0.3324;7;101;0;0;1;129;"San Francisco";1,0;0;0;0;0;0;0;0;0;0;0;0;0;0;0;0;0;0;0;0;0;0;0;0;0;0;0;0;0;0;0;0;0;0;0;0;"N"
L,C,0;7606;7554;0.1108;7;7;2;0;1;1;0;900;0;7;0;0;0;0;20;0.3324;7;101;0;0;1;129;"San Francisco";1,0;0;0;0;0;0;0;0;0;0;0;0;0;0;0;0;0;0;0;0;0;0;0;0;0;0;0;0;0;0;0;0;0;0;0;0;"S"
L,C,0;7554;7555;0.0701;7;7;2;0;1;1;0;900;0;7;0;0;0;0;20;0.2103;7;101;0;0;1;129;"San Francisco";1,0;0;0;0;0;0;0;0;0;0;0;0;0;0;0;0;0;0;0;0;0;0;0;0;0;0;0;0;0;0;0;0;0;0;0;0;"S"
L,C,0;7555;7554;0.0701;7;7;2;0;1;1;0;900;0;7;0;0;0;0;20;0.2103;7;101;0;0;1;129;"San Francisco";1,0;0;0;0;0;0;0;0;0;0;0;0;0;0;0;0;0;0;0;0;0;0;0;0;0;0;0;0;0;0;0;0;0;0;0;0;"N"
L,C,0;7555;7556;0.083;7;7;2;0;1;1;0;900;0;7;0;0;0;0;20;0.249;7;101;0;0;1;129;"San Francisco";1,0;0;0;0;0;0;0;0;0;0;0;0;0;0;0;0;0;0;0;0;0;0;0;0;0;0;0;0;0;0;0;0;0;0;0;0;"S"
L,C,0;7556;7555;0.083;7;7;2;0;1;1;0;900;0;7;0;0;0;0;20;0.249;7;101;0;0;1;129;"San Francisco";1,0;0;0;0;0;0;0;0;0;0;0;0;0;0;0;0;0;0;0;0;0;0;0;0;0;0;0;0;0;0;0;0;0;0;0;0;"N"
L,C,0;7110;7556;0.1417;17;17;2;0;1;1;0;950;1;7;0;0;0;0;25,0.3401;7;101;0;0;1;129;"San Francisco";1,0;0;0;0;0;0;0;0;0;0;0;0;0;0;0;0;0;0;0;0;0;0;0;0;0;0;0;0;0;0;0;0;0;0;0;0;"N"
L,C,0;7556;7110;0.1417;17;17;2;0;1;1;0;950;1;7;0;0;0;0;25,0.3401;7;101;0;0;1;129;"San Francisco";1,0;0;0;0;0;0;0;0;0;0;0;0;0;0;0;0;0;0;0;0;0;0;0;0;0;0;0;0;0;0;0;0;0;0;0;0;"S"
L,C,1;7530;7561;0.1179;17;17;2;0;1;1;0;950;1;7;0;0;0;0;25;0.283;7;101;0;0;1;129;"San Francisco";0,0;0;0;0;0;0;0;0;0;0;0;0;0;0;0;0;0;0;0;0;0;0;0;0;0;0;0;0;0;0;0;0;0;0;0;0;"S"
L,C,1;7561;7530;0.1179;17;17;2;0;1;1;0;950;1;7;0;0;0;0;25;0.283;7;101;0;0;1;129;"San Francisco";0,0;0;0;0;0;0;0;0;0;0;0;0;0;0;0;0;0;0;0;0;0;0;0;0;0;0;0;0;0;0;0;0;0;0;0;0;"N"
L,C,2;7471;7530;0.0651;17;17;2;0;1;1;0;950;1;7;0;0;0;0;25;0.1562;7;101;0;0;1;129;"San Francisco";0,0;0;0;0;0;0;0;0;0;0;0;0;0;0;0;0;0;0;0;0;0;0;0;0;0;0;0;0;0;0;0;0;0;0;0;0;"S"
L,C,2;7530;7471;0.0651;17;17;2;0;1;1;0;950;1;7;0;0;0;0;25;0.1562;7;101;0;0;1;129;"San Francisco";0,0;0;0;0;0;0;0;0;0;0;0;0;0;0;0;0;0;0;0;0;0;0;0;0;0;0;0;0;0;0;0;0;0;0;0;0;"N"
