HighwayLayerLogX,"M:\Application\Model One\Networks\TM1_2015_Base_Network\hwy\freeflow.net",4,64,1/24/2019 12:11:07 PM
Node,N,X,Y,GGFARE
Link,A,B,DISTANCE,SPDCLASS,CAPCLASS,LANES,TSIN,GL,USE,OT,CAP,AT,FT,SIGCOR,TOS,AUX,YEAR,FFS,FFT,FT2000,ROUTENUM,HOT,TOLLCLASS,STATE,CITYID,CITYNAME[33],REGFREIGHT,BRT,TOLLEA_DA,TOLLEA_S2,TOLLEA_S3,TOLLEA_VSM,TOLLEA_SML,TOLLEA_MED,TOLLEA_LRG,TOLLAM_DA,TOLLAM_S2,TOLLAM_S3,TOLLAM_VSM,TOLLAM_SML,TOLLAM_MED,TOLLAM_LRG,TOLLMD_DA,TOLLMD_S2,TOLLMD_S3,TOLLMD_VSM,TOLLMD_SML,TOLLMD_MED,TOLLMD_LRG,TOLLPM_DA,TOLLPM_S2,TOLLPM_S3,TOLLPM_VSM,TOLLPM_SML,TOLLPM_MED,TOLLPM_LRG,TOLLEV_DA,TOLLEV_S2,TOLLEV_S3,TOLLEV_VSM,TOLLEV_SML,TOLLEV_MED,TOLLEV_LRG,ROUTEDIR[1]
L,C,0;9522;9523;0.42;48;48;1;0;5;3;0;2250;4,2;0,1;0;0;65;0.3877;2;80;0;0;1;38;"Crockett";1;0;0;0;0;0;0;0;0;0;0;0;0;0;0;0;0;0;0;0;0;0;0;0;0;0;0;0;0;0;0;0;0;0;0;0;0;"E"
L,C,1;2175;2178;0.42;48;48;3;0;5;1;0;2250;4,2;0,1;0;0;65,0.3877;2;80;0;0;1;38;"Crockett";1;0;0;0;0;0;0;0;0;0;0;0;0;0;0;0;0;0;0;0;0;0;0;0;0;0;0;0;0;0;0;0;0;0;0;0;0;"E"
L,C,2;2179;2176;0.4;48;48;3;0;5;1;0;2250;4,2;0,1;0;0;65,0.3692;2;80;0;0;1;38;"Crockett";1;0;0;0;0;0;0;0;0;0;0;0;0;0;0;0;0;0;0;0;0;0;0;0;0;0;0;0;0;0;0;0;0;0;0;0;0;"W"
L,C,0;9225;20010;0.4;48;48;1;0;5;3;0;2250;4,2;0,1;0;0;65,0.3692;2;80;0;0;1;38;"Crockett";1;0;0;0;0;0;0;0;0;0;0;0;0;0;0;0;0;0;0;0;0;0;0;0;0;0;0;0;0;0;0;0;0;0;0;0;0;"W"
L,C,1;9521;9522;0.34;48;48;1;0;5;3;0;2250;4,2;0,1;0;0;65;0.3138;2;80;0;0;1;38;"Crockett";1;0;0;0;0;0;0;0;0;0;0;0;0;0;0;0;0;0;0;0;0;0;0;0;0;0;0;0;0;0;0;0;0;0;0;0;0;"E"
L,C,2;2174;2175;0.34;48;48;3;0;5;1;0;2250;4,2;0,1;0;0;65,0.3138;2;80;0;0;1;38;"Crockett";1;0;0;0;0;0;0;0;0;0;0;0;0;0;0;0;0;0;0;0;0;0;0;0;0;0;0;0;0;0;0;0;0;0;0;0;0;"E"
L,C,0;2176;2227;0.34;48;48;3;0;5;1;0;2250;4,2;0,1;0;0;65,0.3138;2;80;0;0;1;38;"Crockett";1;0;0;0;0;0;0;0;0;0;0;0;0;0;0;0;0;0;0;0;0;0;0;0;0;0;0;0;0;0;0;0;0;0;0;0;0;"W"
L,C,1;20010;9223;0.34;48;48;1;0;5;3;0;2250;4,2;0,1;0;0;65,0.3138;2;80;0;0;1;38;"Crockett";1;0;0;0;0;0;0;0;0;0;0;0;0;0;0;0;0;0;0;0;0;0;0;0;0;0;0;0;0;0;0;0;0;0;0;0;0;"W"
L,C,2;9223;9221;0.6;48;48;1;0;5;3;0;2250;4,2;0,1;0;0;65,0.5538;2;80;0;0;1;38;"Crockett";1;0;0;0;0;0;0;0;0;0;0;0;0;0;0;0;0;0;0;0;0;0;0;0;0;0;0;0;0;0;0;0;0;0;0;0;0;"W"
L,C,0;2227;2226;0.6;48;48;3;0;5;1;0;2250;4,2;0,1;0;0;65,0.5538;2;80;0;0;1;38;"Crockett";1;0;0;0;0;0;0;0;0;0;0;0;0;0;0;0;0;0;0;0;0;0;0;0;0;0;0;0;0;0;0;0;0;0;0;0;0;"W"
L,C,1;2116;2174;0.6;48;48;3;0;5;1;0;2250;4,2;0,1;0;0;65,0.5538;2;80;0;0;1;121;"Rodeo";1;0;0;0;0;0;0;0;0;0;0;0;0;0;0;0;0;0;0;0;0;0;0;0;0;0;0;0;0;0;0;0;0;0;0;0;0;"E"
L,C,2;9520;9521;0.6;48;48;1;0;5;3;0;2250;4,2;0,1;0;0;65;0.5538;2;80;0;0;1;121;"Rodeo";1;0;0;0;0;0;0;0;0;0;0;0;0;0;0;0;0;0;0;0;0;0;0;0;0;0;0;0;0;0;0;0;0;0;0;0;0;"E"
L,C,0;9219;9520;1.48;48;48;1;0;5;3;0;2250;4,2;0,1;0;0;65;1.3662;2;80;0;0;1;121;"Rodeo";1;0;0;0;0;0;0;0;0;0;0;0;0;0;0;0;0;0;0;0;0;0;0;0;0;0;0;0;0;0;0;0;0;0;0;0;0;"E"
L,C,1;2115;2116;1.48;48;48;3;0;5;1;0;2250;4,2;0,1;0;0;65,1.3662;2;80;0;0;1;121;"Rodeo";1;0;0;0;0;0;0;0;0;0;0;0;0;0;0;0;0;0;0;0;0;0;0;0;0;0;0;0;0;0;0;0;0;0;0;0;0;"E"
L,C,2;2226;2212;1.48;48;48;3;0;5;1;0;2250;4,1;0;2;0;0;65,1.3662;2;80;0;0;1;121;"Rodeo";1;0;0;0;0;0;0;0;0;0;0;0;0;0;0;0;0;0;0;0;0;0;0;0;0;0;0;0;0;0;0;0;0;0;0;0;0;"W"
L,C,0;9221;9218;1.48;48;48;1;0;5;3;0;2250;4,1;0;2;0;0;65,1.3662;2;80;0;0;1;121;"Rodeo";1;0;0;0;0;0;0;0;0;0;0;0;0;0;0;0;0;0;0;0;0;0;0;0;0;0;0;0;0;0;0;0;0;0;0;0;0;"W"
L,C,1;9519;9219;0.42;48;48;1;0;5;3;0;2250;4,2;0,1;0;0;65,0.3877;2;80;0;0;1;121;"Rodeo";1;0;0;0;0;0;0;0;0;0;0;0;0;0;0;0;0;0;0;0;0;0;0;0;0;0;0;0;0;0;0;0;0;0;0;0;0;"E"
L,C,2;2210;2115;0.42;48;48;3;0;5;1;0;2250;4,2;0,1;0;0;65,0.3877;2;80;0;0;1;121;"Rodeo";1;0;0;0;0;0;0;0;0;0;0;0;0;0;0;0;0;0;0;0;0;0;0;0;0;0;0;0;0;0;0;0;0;0;0;0;0;"E"
L,C,0;2212;2211;0.42;48;48;3;0;5;1;0;2250;4,2;0,1;0;0;65,0.3877;2;80;0;0;1;121;"Rodeo";1;0;0;0;0;0;0;0;0;0;0;0;0;0;0;0;0;0;0;0;0;0;0;0;0;0;0;0;0;0;0;0;0;0;0;0;0;"W"
L,C,1;9218;9220;0.42;48;48;1;0;5;3;0;2250;4,2;0,1;0;0;65,0.3877;2;80;0;0;1;121;"Rodeo";1;0;0;0;0;0;0;0;0;0;0;0;0;0;0;0;0;0;0;0;0;0;0;0;0;0;0;0;0;0;0;0;0;0;0;0;0;"W"
L,C,2;9518;9519;0.25;48;48;1;0;5;3;0;2250;4,2;0,1;0;0;65,0.2308;2;80;0;0;1;75;"Hercules";1;0;0;0;0;0;0;0;0;0;0;0;0;0;0;0;0;0;0;0;0;0;0;0;0;0;0;0;0;0;0;0;0;0;0;0;0;"E"
L,C,0;2224;2210;0.25;48;48;3;0;5;1;0;2250;4,2;0,1;0;0;65,0.2308;2;80;0;0;1;75;"Hercules";1;0;0;0;0;0;0;0;0;0;0;0;0;0;0;0;0;0;0;0;0;0;0;0;0;0;0;0;0;0;0;0;0;0;0;0;0;"E"
L,C,1;2211;2221;0.23;48;48;3;0;5;1;0;2250;4,2;0,1;0;0;65,0.2123;2;80;0;0;1;75;"Hercules";1;0;0;0;0;0;0;0;0;0;0;0;0;0;0;0;0;0;0;0;0;0;0;0;0;0;0;0;0;0;0;0;0;0;0;0;0;"W"
L,C,2;9220;8997;0.23;48;48;1;0;5;3;0;2250;4,2;0,1;0;0;65,0.2123;2;80;0;0;1;75;"Hercules";1;0;0;0;0;0;0;0;0;0;0;0;0;0;0;0;0;0;0;0;0;0;0;0;0;0;0;0;0;0;0;0;0;0;0;0;0;"W"
L,C,0;8997;8931;0.48;48;48;1;0;5;3;0;2250;4,2;0,1;0;0;65,0.4431;2;80;0;0;1;75;"Hercules";1;0;0;0;0;0;0;0;0;0;0;0;0;0;0;0;0;0;0;0;0;0;0;0;0;0;0;0;0;0;0;0;0;0;0;0;0;"W"
L,C,1;2221;2222;0.48;48;48;3;0;5;1;0;2250;4,2;0,1;0;0;65,0.4431;2;80;0;0;1;75;"Hercules";1;0;0;0;0;0;0;0;0;0;0;0;0;0;0;0;0;0;0;0;0;0;0;0;0;0;0;0;0;0;0;0;0;0;0;0;0;"W"
L,C,2;2220;2224;0.48;48;48;3;0;5;1;0;2250;4,2;0,1;0;0;65,0.4431;2;80;0;0;1;75;"Hercules";1;0;0;0;0;0;0;0;0;0;0;0;0;0;0;0;0;0;0;0;0;0;0;0;0;0;0;0;0;0;0;0;0;0;0;0;0;"E"
L,C,0;8932;9518;0.48;48;48;1;0;5;3;0;2250;4,2;0,1;0;0;65,0.4431;2;80;0;0;1;75;"Hercules";1;0;0;0;0;0;0;0;0;0;0;0;0;0;0;0;0;0;0;0;0;0;0;0;0;0;0;0;0;0;0;0;0;0;0;0;0;"E"
L,C,1;8934;8932;0.98;48;48;1;0;5;3;0;2250;4,2;0,1;0;0;65,0.9046;2;80;0;0;1;75;"Hercules";1;0;0;0;0;0;0;0;0;0;0;0;0;0;0;0;0;0;0;0;0;0;0;0;0;0;0;0;0;0;0;0;0;0;0;0;0;"E"
L,C,2;2219;20512;0.68;48;48;3;0;5;1;0;2250;4,2;0,1;0;0;65,0.6277;2;80;0;0;1;75;"Hercules";1;0;0;0;0;0;0;0;0;0;0;0;0;0;0;0;0;0;0;0;0;0;0;0;0;0;0;0;0;0;0;0;0;0;0;0;0;"E"
L,C,0;2222;2218;0.98;48;48;4;0;5;1;0;2250;4,2;0,1;1;0;65,0.9046;2;80;0;0;1;75;"Hercules";1;0;0;0;0;0;0;0;0;0;0;0;0;0;0;0;0;0;0;0;0;0;0;0;0;0;0;0;0;0;0;0;0;0;0;0;0;"W"
L,C,1;8931;8933;0.98;48;48;1;0;5;3;0;2250;4,2;0,1;0;0;65,0.9046;2;80;0;0;1;75;"Hercules";1;0;0;0;0;0;0;0;0;0;0;0;0;0;0;0;0;0;0;0;0;0;0;0;0;0;0;0;0;0;0;0;0;0;0;0;0;"W"
L,C,2;20512;2220;0.3;48;48;3;0;5;1;0;2250;4,2;0,1;0;0;65,0.2769;2;80;0;0;1;75;"Hercules";1;0;0;0;0;0;0;0;0;0;0;0;0;0;0;0;0;0;0;0;0;0;0;0;0;0;0;0;0;0;0;0;0;0;0;0;0;"E"
L,C,0;8936;8934;0.68;48;48;1;0;5;3;0;2250;4,2;0,1;0;0;65,0.6277;2;80;0;0;1;115;"Pinole";1;0;0;0;0;0;0;0;0;0;0;0;0;0;0;0;0;0;0;0;0;0;0;0;0;0;0;0;0;0;0;0;0;0;0;0;0;"E"
L,C,1;2291;2219;0.68;48;48;3;0;5;1;0;2250;4,2;0,1;0;0;65,0.6277;2;80;0;0;1;115;"Pinole";1;0;0;0;0;0;0;0;0;0;0;0;0;0;0;0;0;0;0;0;0;0;0;0;0;0;0;0;0;0;0;0;0;0;0;0;0;"E"
L,C,2;2218;2216;0.68;48;48;3;0;5;1;0;2250;4,2;0,1;0;0;65,0.6277;2;80;0;0;1;115;"Pinole";1;0;0;0;0;0;0;0;0;0;0;0;0;0;0;0;0;0;0;0;0;0;0;0;0;0;0;0;0;0;0;0;0;0;0;0;0;"W"
L,C,0;8933;9217;0.68;48;48;1;0;5;3;0;2250;4,2;0,1;0;0;65,0.6277;2;80;0;0;1;115;"Pinole";1;0;0;0;0;0;0;0;0;0;0;0;0;0;0;0;0;0;0;0;0;0;0;0;0;0;0;0;0;0;0;0;0;0;0;0;0;"W"
L,C,1;8938;8936;0.42;48;48;1;0;5;3;0;2250;4,2;0,1;0;0;65,0.3877;2;80;0;0;1;115;"Pinole";1;0;0;0;0;0;0;0;0;0;0;0;0;0;0;0;0;0;0;0;0;0;0;0;0;0;0;0;0;0;0;0;0;0;0;0;0;"E"
L,C,2;2290;2291;0.42;48;48;4;0;5;1;0;2250;4,2;0,1;1;0;65,0.3877;2;80;0;0;1;115;"Pinole";1;0;0;0;0;0;0;0;0;0;0;0;0;0;0;0;0;0;0;0;0;0;0;0;0;0;0;0;0;0;0;0;0;0;0;0;0;"E"
L,C,0;2216;2215;0.38;48;48;3;0;5;1;0;2250;4,2;0,1;1;0;65,0.3508;2;80;0;0;1;115;"Pinole";1;0;0;0;0;0;0;0;0;0;0;0;0;0;0;0;0;0;0;0;0;0;0;0;0;0;0;0;0;0;0;0;0;0;0;0;0;"W"
L,C,1;9217;8937;0.38;48;48;1;0;5;3;0;2250;4,2;0,1;0;0;65,0.3508;2;80;0;0;1;115;"Pinole";1;0;0;0;0;0;0;0;0;0;0;0;0;0;0;0;0;0;0;0;0;0;0;0;0;0;0;0;0;0;0;0;0;0;0;0;0;"W"
L,C,2;8937;8939;0.54;48;48;1;0;5;3;0;2250;4,2;0,1;0;0;65,0.4985;2;80;0;0;1;115;"Pinole";1;0;0;0;0;0;0;0;0;0;0;0;0;0;0;0;0;0;0;0;0;0;0;0;0;0;0;0;0;0;0;0;0;0;0;0;0;"W"
L,C,0;2215;2238;0.54;48;48;3;0;5;1;0;2250;4,2;0,1;0;0;65,0.4985;2;80;0;0;1;115;"Pinole";1;0;0;0;0;0;0;0;0;0;0;0;0;0;0;0;0;0;0;0;0;0;0;0;0;0;0;0;0;0;0;0;0;0;0;0;0;"W"
L,C,1;2288;2290;0.54;48;48;3;0;5;1;0;2250;4,2;0,1;0;0;65,0.4985;2;80;0;0;1;115;"Pinole";1;0;0;0;0;0;0;0;0;0;0;0;0;0;0;0;0;0;0;0;0;0;0;0;0;0;0;0;0;0;0;0;0;0;0;0;0;"E"
L,C,2;8940;8938;0.54;48;48;1;0;5;3;0;2250;4,2;0,1;0;0;65,0.4985;2;80;0;0;1;115;"Pinole";1;0;0;0;0;0;0;0;0;0;0;0;0;0;0;0;0;0;0;0;0;0;0;0;0;0;0;0;0;0;0;0;0;0;0;0;0;"E"
L,C,0;8942;8940;0.66;48;48;1;0;5;3;0;2250;4,2;0,1;0;0;65,0.6092;2;80;0;0;1;115;"Pinole";1;0;0;0;0;0;0;0;0;0;0;0;0;0;0;0;0;0;0;0;0;0;0;0;0;0;0;0;0;0;0;0;0;0;0;0;0;"E"
L,C,1;2278;2288;0.66;48;48;3;0;5;1;0;2250;4,2;0,1;0;0;65,0.6092;2;80;0;0;1;115;"Pinole";1;0;0;0;0;0;0;0;0;0;0;0;0;0;0;0;0;0;0;0;0;0;0;0;0;0;0;0;0;0;0;0;0;0;0;0;0;"E"
L,C,2;2238;2275;0.66;48;48;3;0;5;1;0;2250;4,2;0,1;0;0;65,0.6092;2;80;0;0;1;115;"Pinole";1;0;0;0;0;0;0;0;0;0;0;0;0;0;0;0;0;0;0;0;0;0;0;0;0;0;0;0;0;0;0;0;0;0;0;0;0;"W"
L,C,0;8939;8941;0.66;48;48;1;0;5;3;0;2250;4,2;0,1;0;0;65,0.6092;2;80;0;0;1;157;"Tara Hills";1;0;0;0;0;0;0;0;0;0;0;0;0;0;0;0;0;0;0;0;0;0;0;0;0;0;0;0;0;0;0;0;0;0;0;0;0;"W"
L,C,1;8944;8942;0.19;48;48;1;0;5;3;0;2250;4,2;0,1;0;0;65,0.1754;2;80;0;0;1;115;"Pinole";1;0;0;0;0;0;0;0;0;0;0;0;0;0;0;0;0;0;0;0;0;0;0;0;0;0;0;0;0;0;0;0;0;0;0;0;0;"E"
L,C,2;2281;2278;0.19;48;48;3;0;5;1;0;2250;4,2;0,1;0;0;65,0.1754;2;80;0;0;1;119;"Richmond";1;0;0;0;0;0;0;0;0;0;0;0;0;0;0;0;0;0;0;0;0;0;0;0;0;0;0;0;0;0;0;0;0;0;0;0;0;"E"
L,C,0;2275;2251;0.19;48;48;3;0;5;1;0;2250;4,2;0,1;0;0;65,0.1754;2;80;0;0;1;119;"Richmond";1;0;0;0;0;0;0;0;0;0;0;0;0;0;0;0;0;0;0;0;0;0;0;0;0;0;0;0;0;0;0;0;0;0;0;0;0;"W"
L,C,1;8941;20009;0.19;48;48;1;0;5;3;0;2250;4,2;0,1;0;0;65,0.1754;2;80;0;0;1;119;"Richmond";1;0;0;0;0;0;0;0;0;0;0;0;0;0;0;0;0;0;0;0;0;0;0;0;0;0;0;0;0;0;0;0;0;0;0;0;0;"W"
L,C,2;20009;8943;0.42;48;48;1;0;5;3;0;2250;4,2;0,1;0;0;65,0.3877;2;80;0;0;1;119;"Richmond";1;0;0;0;0;0;0;0;0;0;0;0;0;0;0;0;0;0;0;0;0;0;0;0;0;0;0;0;0;0;0;0;0;0;0;0;0;"W"
L,C,0;2251;2243;0.42;48;48;3;0;5;1;0;2250;4,2;0,1;0;0;65,0.3877;2;80;0;0;1;119;"Richmond";1;0;0;0;0;0;0;0;0;0;0;0;0;0;0;0;0;0;0;0;0;0;0;0;0;0;0;0;0;0;0;0;0;0;0;0;0;"W"
L,C,1;2285;2281;0.42;48;48;4;0;5;1;0;2250;4,2;0,1;0;0;65,0.3877;2;80;0;0;1;119;"Richmond";1;0;0;0;0;0;0;0;0;0;0;0;0;0;0;0;0;0;0;0;0;0;0;0;0;0;0;0;0;0;0;0;0;0;0;0;0;"E"
L,C,2;20023;8944;0.42;48;48;1;0;5;3;0;2250;4,2;0,1;0;0;65,0.3877;2;80;0;0;1;119;"Richmond";1;0;0;0;0;0;0;0;0;0;0;0;0;0;0;0;0;0;0;0;0;0;0;0;0;0;0;0;0;0;0;0;0;0;0;0;0;"E"
L,C,0;8946;20023;0.4;48;48;1;0;5;3;0;2250;4,2;0,1;0;0;65,0.3692;2;80;0;0;1;119;"Richmond";1;0;0;0;0;0;0;0;0;0;0;0;0;0;0;0;0;0;0;0;0;0;0;0;0;0;0;0;0;0;0;0;0;0;0;0;0;"E"
L,C,1;2284;2285;0.4;48;48;3;0;5;1;0;2250;4,2;0,1;0;0;65,0.3692;2;80;0;0;1;119;"Richmond";1;0;0;0;0;0;0;0;0;0;0;0;0;0;0;0;0;0;0;0;0;0;0;0;0;0;0;0;0;0;0;0;0;0;0;0;0;"E"
L,C,2;2243;2266;0.3;48;48;3;0;5;1;0;2250;4,2;0,1;0;0;65,0.2769;2;80;0;0;1;119;"Richmond";1;0;0;0;0;0;0;0;0;0;0;0;0;0;0;0;0;0;0;0;0;0;0;0;0;0;0;0;0;0;0;0;0;0;0;0;0;"W"
L,C,0;8943;20011;0.3;48;48;1;0;5;3;0;2250;4,2;0,1;0;0;65,0.2769;2;80;0;0;1;119;"Richmond";1;0;0;0;0;0;0;0;0;0;0;0;0;0;0;0;0;0;0;0;0;0;0;0;0;0;0;0;0;0;0;0;0;0;0;0;0;"W"
L,C,1;20011;8947;0.36;48;48;1;0;5;3;0;2250;4,2;0,1;0;0;65,0.3323;2;80;0;0;1;119;"Richmond";1;0;0;0;0;0;0;0;0;0;0;0;0;0;0;0;0;0;0;0;0;0;0;0;0;0;0;0;0;0;0;0;0;0;0;0;0;"W"
L,C,2;2266;2256;0.36;48;48;4;0;5;1;0;2250;4,2;0,1;1;0;65,0.3323;2;80;0;0;1;119;"Richmond";1;0;0;0;0;0;0;0;0;0;0;0;0;0;0;0;0;0;0;0;0;0;0;0;0;0;0;0;0;0;0;0;0;0;0;0;0;"W"
L,C,0;2287;2284;0.49;48;48;3;0;5;1;0;2250;4,2;0,1;1;0;65,0.4523;2;80;0;0;1;119;"Richmond";1;0;0;0;0;0;0;0;0;0;0;0;0;0;0;0;0;0;0;0;0;0;0;0;0;0;0;0;0;0;0;0;0;0;0;0;0;"E"
L,C,1;8948;8946;0.49;38;38;1;0;5;3;0;2200;3,2;0,1;0;0;60;0.49;2;80;0;0;1;119;"Richmond";1;0;0;0;0;0;0;0;0;0;0;0;0;0;0;0;0;0;0;0;0;0;0;0;0;0;0;0;0;0;0;0;0;0;0;0;0;"E"
L,C,2;8950;8948;0.23;38;38;1;0;5;3;0;2200;3,2;0,1;0;0;60;0.23;2;80;0;0;1;173;"C.C. County Remainder";1;0;0;0;0;0;0;0;0;0;0;0;0;0;0;0;0;0;0;0;0;0;0;0;0;0;0;0;0;0;0;0;0;0;0;0;0;"E"
L,C,0;2265;2287;0.23;38;38;3;0;5;1;0;2200;3,2;0,1;0;0;60;0.23;2;80;0;0;1;173;"C.C. County Remainder";1;0;0;0;0;0;0;0;0;0;0;0;0;0;0;0;0;0;0;0;0;0;0;0;0;0;0;0;0;0;0;0;0;0;0;0;0;"E"
L,C,1;2256;15972;0.33;38;38;3;0;5;1;0;2200;3,2;0,1;0;0;60;0.33;2;80;0;0;1;123;"Rollingwood";1;0;0;0;0;0;0;0;0;0;0;0;0;0;0;0;0;0;0;0;0;0;0;0;0;0;0;0;0;0;0;0;0;0;0;0;0;"W"
L,C,2;8947;20012;0.33;38;38;1;0;5;3;0;2200;3,2;0,1;0;0;60;0.33;2;80;0;0;1;119;"Richmond";1;0;0;0;0;0;0;0;0;0;0;0;0;0;0;0;0;0;0;0;0;0;0;0;0;0;0;0;0;0;0;0;0;0;0;0;0;"W"
L,C,0;20012;8949;0.52;38;38;1;0;5;3;0;2200;3,2;0,1;0;0;60;0.52;2;80;0;0;1;123;"Rollingwood";1;0;0;0;0;0;0;0;0;0;0;0;0;0;0;0;0;0;0;0;0;0;0;0;0;0;0;0;0;0;0;0;0;0;0;0;0;"W"
L,C,1;15972;2260;0.52;38;38;3;0;5;1;0;2200;3,2;0,1;0;0;60;0.52;2;80;0;0;1;173;"C.C. County Remainder";1;0;0;0;0;0;0;0;0;0;0;0;0;0;0;0;0;0;0;0;0;0;0;0;0;0;0;0;0;0;0;0;0;0;0;0;0;"W"
L,C,2;2261;2265;0.49;38;38;3;0;5;1;0;2200;3,2;0,1;0;0;60;0.49;2;80;0;0;1;136;"San Pablo";1;0;0;0;0;0;0;0;0;0;0;0;0;0;0;0;0;0;0;0;0;0;0;0;0;0;0;0;0;0;0;0;0;0;0;0;0;"E"
L,C,0;8952;8950;0.49;38;38;1;0;5;3;0;2200;3,2;0,1;0;0;60;0.49;2;80;0;0;1;136;"San Pablo";1;0;0;0;0;0;0;0;0;0;0;0;0;0;0;0;0;0;0;0;0;0;0;0;0;0;0;0;0;0;0;0;0;0;0;0;0;"E"
L,C,1;8954;8952;0.45;38;38;1;0;5;3;0;2200;3,2;0,1;0;0;60;0.45;2;80;0;0;1;136;"San Pablo";1;0;0;0;0;0;0;0;0;0;0;0;0;0;0;0;0;0;0;0;0;0;0;0;0;0;0;0;0;0;0;0;0;0;0;0;0;"E"
L,C,2;2257;2261;0.45;38;38;3;0;5;1;0;2200;3,2;0,1;0;0;60;0.45;2;80;0;0;1;136;"San Pablo";1;0;0;0;0;0;0;0;0;0;0;0;0;0;0;0;0;0;0;0;0;0;0;0;0;0;0;0;0;0;0;0;0;0;0;0;0;"E"
L,C,0;2260;2258;0.45;38;38;3;0;5;1;0;2200;3,2;0,1;0;0;60;0.45;2;80;0;0;1;136;"San Pablo";1;0;0;0;0;0;0;0;0;0;0;0;0;0;0;0;0;0;0;0;0;0;0;0;0;0;0;0;0;0;0;0;0;0;0;0;0;"W"
L,C,1;8949;20013;0.45;38;38;1;0;5;3;0;2200;3,2;0,1;0;0;60;0.45;2;80;0;0;1;136;"San Pablo";1;0;0;0;0;0;0;0;0;0;0;0;0;0;0;0;0;0;0;0;0;0;0;0;0;0;0;0;0;0;0;0;0;0;0;0;0;"W"
L,C,2;20013;8953;0.26;38;38;1;0;5;3;0;2200;3,2;0,1;0;0;60;0.26;2;80;0;0;1;136;"San Pablo";1;0;0;0;0;0;0;0;0;0;0;0;0;0;0;0;0;0;0;0;0;0;0;0;0;0;0;0;0;0;0;0;0;0;0;0;0;"W"
L,C,0;2258;1983;0.26;38;38;3;0;5;1;0;2200;3,2;0,1;0;0;60;0.26;2;80;0;0;1;136;"San Pablo";1;0;0;0;0;0;0;0;0;0;0;0;0;0;0;0;0;0;0;0;0;0;0;0;0;0;0;0;0;0;0;0;0;0;0;0;0;"W"
L,C,1;2397;2257;0.83;38;38;3;0;5;1;0;2200;3,2;0,1;0;0;60;0.83;2;80;0;0;1;119;"Richmond";1;0;0;0;0;0;0;0;0;0;0;0;0;0;0;0;0;0;0;0;0;0;0;0;0;0;0;0;0;0;0;0;0;0;0;0;0;"E"
L,C,2;8956;8954;0.83;38;38;1;0;5;3;0;2200;3,2;0;2;0;0;60;0.83;2;80;0;0;1;119;"Richmond";1;0;0;0;0;0;0;0;0;0;0;0;0;0;0;0;0;0;0;0;0;0;0;0;0;0;0;0;0;0;0;0;0;0;0;0;0;"E"
L,C,0;1983;2307;0.54;38;38;3;0;5;1;0;2200;3,2;0,1;0;0;60;0.54;2;80;0;0;1;119;"Richmond";1;0;0;0;0;0;0;0;0;0;0;0;0;0;0;0;0;0;0;0;0;0;0;0;0;0;0;0;0;0;0;0;0;0;0;0;0;"W"
L,C,1;8953;20014;0.54;38;38;1;0;5;3;0;2200;3,2;0,1;0;0;60;0.54;2;80;0;0;1;119;"Richmond";1;0;0;0;0;0;0;0;0;0;0;0;0;0;0;0;0;0;0;0;0;0;0;0;0;0;0;0;0;0;0;0;0;0;0;0;0;"W"
L,C,2;20014;8957;0.1;38;38;1;0;5;3;0;2200;3,2;0,1;0;0;60;0.1;2;80;0;0;1;119;"Richmond";1;0;0;0;0;0;0;0;0;0;0;0;0;0;0;0;0;0;0;0;0;0;0;0;0;0;0;0;0;0;0;0;0;0;0;0;0;"W"
L,C,0;2307;2306;0.1;38;38;3;0;5;1;0;2200;3,2;0,1;0;0;60;0.1;2;80;0;0;1;119;"Richmond";1;0;0;0;0;0;0;0;0;0;0;0;0;0;0;0;0;0;0;0;0;0;0;0;0;0;0;0;0;0;0;0;0;0;0;0;0;"W"
L,C,1;2396;2397;0.08;38;38;3;0;5;1;0;2200;3,2;0,1;0;0;60;0.08;2;80;0;0;1;119;"Richmond";1;0;0;0;0;0;0;0;0;0;0;0;0;0;0;0;0;0;0;0;0;0;0;0;0;0;0;0;0;0;0;0;0;0;0;0;0;"E"
L,C,2;8958;8956;0.08;38;38;1;0;5;3;0;2200;3,2;0,1;0;0;60;0.08;2;80;0;0;1;119;"Richmond";1;0;0;0;0;0;0;0;0;0;0;0;0;0;0;0;0;0;0;0;0;0;0;0;0;0;0;0;0;0;0;0;0;0;0;0;0;"E"
L,C,0;8957;8959;0.68;38;38;1;0;5;3;0;2200;3,2;0,1;0;0;60;0.68;2;80;0;0;1;119;"Richmond";1;0;0;0;0;0;0;0;0;0;0;0;0;0;0;0;0;0;0;0;0;0;0;0;0;0;0;0;0;0;0;0;0;0;0;0;0;"W"
L,C,1;2306;2327;0.68;38;38;3;0;5;1;0;2200;3,2;0,1;0;0;60;0.68;2;80;0;0;1;119;"Richmond";1;0;0;0;0;0;0;0;0;0;0;0;0;0;0;0;0;0;0;0;0;0;0;0;0;0;0;0;0;0;0;0;0;0;0;0;0;"W"
L,C,2;2326;2396;0.67;38;38;3;0;5;1;0;2200;3,2;0,1;0;0;60;0.67;2;80;0;0;1;119;"Richmond";1;0;0;0;0;0;0;0;0;0;0;0;0;0;0;0;0;0;0;0;0;0;0;0;0;0;0;0;0;0;0;0;0;0;0;0;0;"E"
L,C,0;8960;8958;0.67;38;38;1;0;5;3;0;2200;3,2;0,1;0;0;60;0.67;2;80;0;0;1;119;"Richmond";1;0;0;0;0;0;0;0;0;0;0;0;0;0;0;0;0;0;0;0;0;0;0;0;0;0;0;0;0;0;0;0;0;0;0;0;0;"E"
L,C,1;8959;8961;0.36;38;38;1;0;5;3;0;2200;3,2;0,1;0;0;60;0.36;2;80;0;0;1;119;"Richmond";1;0;0;0;0;0;0;0;0;0;0;0;0;0;0;0;0;0;0;0;0;0;0;0;0;0;0;0;0;0;0;0;0;0;0;0;0;"W"
L,C,2;2327;1929;0.36;38;38;3;0;5;1;0;2200;3,2;0,1;0;0;60;0.36;2;80;0;0;1;119;"Richmond";1;0;0;0;0;0;0;0;0;0;0;0;0;0;0;0;0;0;0;0;0;0;0;0;0;0;0;0;0;0;0;0;0;0;0;0;0;"W"
L,C,0;1930;2326;0.36;38;38;4;0;5;1;0;2200;3,2;0,1;1;0;60;0.36;2;80;0;0;1;119;"Richmond";1;0;0;0;0;0;0;0;0;0;0;0;0;0;0;0;0;0;0;0;0;0;0;0;0;0;0;0;0;0;0;0;0;0;0;0;0;"E"
L,C,1;8962;8960;0.36;38;38;1;0;5;3;0;2200;3,2;0,1;0;0;60;0.36;2;80;0;0;1;51;"El Cerrito";1;0;0;0;0;0;0;0;0;0;0;0;0;0;0;0;0;0;0;0;0;0;0;0;0;0;0;0;0;0;0;0;0;0;0;0;0;"E"
L,C,2;8961;20015;0.75;38;38;1;0;5;3;0;2200;3,2;0,1;0;0;60;0.75;2;80;0;0;1;119;"Richmond";1;0;0;0;0;0;0;0;0;0;0;0;0;0;0;0;0;0;0;0;0;0;0;0;0;0;0;0;0;0;0;0;0;0;0;0;0;"W"
L,C,0;1929;2324;0.75;38;38;3;0;5;1;0;2200;3,2;0,1;0;0;60;0.75;2;80;0;0;1;119;"Richmond";1;0;0;0;0;0;0;0;0;0;0;0;0;0;0;0;0;0;0;0;0;0;0;0;0;0;0;0;0;0;0;0;0;0;0;0;0;"W"
L,C,1;2425;1930;0.75;38;38;3;0;5;1;0;2200;3,2;0,1;0;0;60;0.75;2;80;0;0;1;119;"Richmond";1;0;0;0;0;0;0;0;0;0;0;0;0;0;0;0;0;0;0;0;0;0;0;0;0;0;0;0;0;0;0;0;0;0;0;0;0;"E"
L,C,2;8964;8962;0.75;38;38;1;0;5;3;0;2200;3,2;0,1;0;0;60;0.75;2;80;0;0;1;51;"El Cerrito";1;0;0;0;0;0;0;0;0;0;0;0;0;0;0;0;0;0;0;0;0;0;0;0;0;0;0;0;0;0;0;0;0;0;0;0;0;"E"
L,C,0;20015;8965;0.3;38;38;1;0;5;3;0;2200;3,2;0,1;0;0;60;0.3;2;80;0;0;1;119;"Richmond";1;0;0;0;0;0;0;0;0;0;0;0;0;0;0;0;0;0;0;0;0;0;0;0;0;0;0;0;0;0;0;0;0;0;0;0;0;"W"
L,C,1;2324;2323;0.3;38;38;3;0;5;1;0;2200;3,2;0,1;0;0;60;0.3;2;80;0;0;1;119;"Richmond";1;0;0;0;0;0;0;0;0;0;0;0;0;0;0;0;0;0;0;0;0;0;0;0;0;0;0;0;0;0;0;0;0;0;0;0;0;"W"
L,C,2;2424;2425;0.27;38;38;3;0;5;1;0;2200;3,2;0,1;0;0;60;0.27;2;80;0;0;1;119;"Richmond";1;0;0;0;0;0;0;0;0;0;0;0;0;0;0;0;0;0;0;0;0;0;0;0;0;0;0;0;0;0;0;0;0;0;0;0;0;"E"
L,C,0;8966;8964;0.27;38;38;1;0;5;3;0;2200;3,2;0,1;0;0;60;0.27;2;80;0;0;1;119;"Richmond";1;0;0;0;0;0;0;0;0;0;0;0;0;0;0;0;0;0;0;0;0;0;0;0;0;0;0;0;0;0;0;0;0;0;0;0;0;"E"
L,C,1;8965;20016;0.53;38;38;1;0;5;3;0;2200;3,2;0,1;0;0;60;0.53;2;80;0;0;1;119;"Richmond";1;0;0;0;0;0;0;0;0;0;0;0;0;0;0;0;0;0;0;0;0;0;0;0;0;0;0;0;0;0;0;0;0;0;0;0;0;"W"
L,C,2;2323;2321;0.53;38;38;3;0;5;1;0;2200;3,2;0,1;0;0;60;0.53;2;80;0;0;1;119;"Richmond";1;0;0;0;0;0;0;0;0;0;0;0;0;0;0;0;0;0;0;0;0;0;0;0;0;0;0;0;0;0;0;0;0;0;0;0;0;"W"
L,C,0;2422;2424;0.53;38;38;3;0;5;1;0;2200;3,2;0,1;0;0;60;0.53;2;80;0;0;1;119;"Richmond";1;0;0;0;0;0;0;0;0;0;0;0;0;0;0;0;0;0;0;0;0;0;0;0;0;0;0;0;0;0;0;0;0;0;0;0;0;"E"
L,C,1;8968;8966;0.53;38;38;1;0;5;3;0;2200;3,2;0,1;0;0;60;0.53;2;80;0;0;1;119;"Richmond";1;0;0;0;0;0;0;0;0;0;0;0;0;0;0;0;0;0;0;0;0;0;0;0;0;0;0;0;0;0;0;0;0;0;0;0;0;"E"
L,C,2;20016;8969;0.27;38;38;1;0;5;3;0;2200;3,2;0,1;0;0;60;0.27;2;80;0;0;1;119;"Richmond";1;0;0;0;0;0;0;0;0;0;0;0;0;0;0;0;0;0;0;0;0;0;0;0;0;0;0;0;0;0;0;0;0;0;0;0;0;"W"
L,C,0;2321;2320;0.27;38;38;3;0;5;1;0;2200;3,2;0,1;0;0;60;0.27;2;80;0;0;1;119;"Richmond";1;0;0;0;0;0;0;0;0;0;0;0;0;0;0;0;0;0;0;0;0;0;0;0;0;0;0;0;0;0;0;0;0;0;0;0;0;"W"
L,C,1;2420;2422;0.27;38;38;3;0;5;1;0;2200;3,2;0,1;0;0;60;0.27;2;80;0;0;1;119;"Richmond";1;0;0;0;0;0;0;0;0;0;0;0;0;0;0;0;0;0;0;0;0;0;0;0;0;0;0;0;0;0;0;0;0;0;0;0;0;"E"
L,C,2;8970;8968;0.27;38;38;1;0;5;3;0;2200;3,2;0,1;0;0;60;0.27;2;80;0;0;1;119;"Richmond";1;0;0;0;0;0;0;0;0;0;0;0;0;0;0;0;0;0;0;0;0;0;0;0;0;0;0;0;0;0;0;0;0;0;0;0;0;"E"
L,C,0;8969;20017;0.36;38;38;1;0;5;3;0;2200;3,2;0,1;0;0;60;0.36;2;80;0;0;1;119;"Richmond";1;0;0;0;0;0;0;0;0;0;0;0;0;0;0;0;0;0;0;0;0;0;0;0;0;0;0;0;0;0;0;0;0;0;0;0;0;"W"
L,C,1;2320;2318;0.36;38;38;3;0;5;1;0;2200;3,2;0,1;0;0;60;0.36;2;80;0;0;1;119;"Richmond";1;0;0;0;0;0;0;0;0;0;0;0;0;0;0;0;0;0;0;0;0;0;0;0;0;0;0;0;0;0;0;0;0;0;0;0;0;"W"
L,C,2;2419;2420;0.36;38;38;3;0;5;1;0;2200;3,2;0,1;0;0;60;0.36;2;80;0;0;1;119;"Richmond";1;0;0;0;0;0;0;0;0;0;0;0;0;0;0;0;0;0;0;0;0;0;0;0;0;0;0;0;0;0;0;0;0;0;0;0;0;"E"
L,C,0;8972;8970;0.36;38;38;1;0;5;3;0;2200;3,2;0,1;0;0;60;0.36;2;80;0;0;1;119;"Richmond";1;0;0;0;0;0;0;0;0;0;0;0;0;0;0;0;0;0;0;0;0;0;0;0;0;0;0;0;0;0;0;0;0;0;0;0;0;"E"
L,C,1;8973;20018;0.2;38;38;1;0;4;3;0;2200;3,2;0,1;0;0;60;0.2;2;80;0;0;1;3;"Albany";1;0;0;0;0;0;0;0;0;0;0;0;0;0;0;0;0;0;0;0;0;0;0;0;0;0;0;0;0;0;0;0;0;0;0;0;0;"W"
L,C,2;20017;8973;0.36;38;38;1;0;5;3;0;2200;3,2;0,1;0;0;60;0.36;2;80;0;0;1;3;"Albany";1;0;0;0;0;0;0;0;0;0;0;0;0;0;0;0;0;0;0;0;0;0;0;0;0;0;0;0;0;0;0;0;0;0;0;0;0;"W"
L,C,0;2318;2487;0.36;38;38;3;0;4;1;0;2200;3,2;0,1;0;0;60;0.36;2;80;0;0;1;3;"Albany";1;0;0;0;0;0;0;0;0;0;0;0;0;0;0;0;0;0;0;0;0;0;0;0;0;0;0;0;0;0;0;0;0;0;0;0;0;"W"
L,C,1;2488;2419;0.08;38;38;3;0;4;1;0;2200;3,2;0,1;0;0;60;0.08;2;80;0;0;1;119;"Richmond";1;0;0;0;0;0;0;0;0;0;0;0;0;0;0;0;0;0;0;0;0;0;0;0;0;0;0;0;0;0;0;0;0;0;0;0;0;"E"
L,C,2;20022;8972;0.08;38;38;1;0;4;3;0;2200;3,2;0,1;0;0;60;0.08;2;80;0;0;1;119;"Richmond";1;0;0;0;0;0;0;0;0;0;0;0;0;0;0;0;0;0;0;0;0;0;0;0;0;0;0;0;0;0;0;0;0;0;0;0;0;"E"
L,C,0;8974;20022;0.43;38;38;1;0;4;3;0;2200;3,2;0,1;0;0;60;0.43;2;80;0;0;1;3;"Albany";1;0;0;0;0;0;0;0;0;0;0;0;0;0;0;0;0;0;0;0;0;0;0;0;0;0;0;0;0;0;0;0;0;0;0;0;0;"E"
L,C,1;1912;2488;0.43;38;38;3;0;4;1;0;2200;3,2;0,1;0;0;60;0.43;2;80;0;0;1;3;"Albany";1;0;0;0;0;0;0;0;0;0;0;0;0;0;0;0;0;0;0;0;0;0;0;0;0;0;0;0;0;0;0;0;0;0;0;0;0;"E"
L,C,2;2487;1914;0.2;38;38;3;0;4;1;0;2200;3,2;0,1;0;0;60;0.2;2;80;0;0;1;3;"Albany";1;0;0;0;0;0;0;0;0;0;0;0;0;0;0;0;0;0;0;0;0;0;0;0;0;0;0;0;0;0;0;0;0;0;0;0;0;"W"
L,C,0;20018;8977;0.5;38;38;1;0;4;3;0;2200;3,2;0,1;0;0;60;0.5;2;80;0;0;1;3;"Albany";1;0;0;0;0;0;0;0;0;0;0;0;0;0;0;0;0;0;0;0;0;0;0;0;0;0;0;0;0;0;0;0;0;0;0;0;0;"W"
L,C,1;1914;2483;0.5;38;38;3;0;4;1;0;2200;3,1;0;2;0;0;60;0.5;2;80;0;0;1;3;"Albany";1;0;0;0;0;0;0;0;0;0;0;0;0;0;0;0;0;0;0;0;0;0;0;0;0;0;0;0;0;0;0;0;0;0;0;0;0;"W"
L,C,2;1913;1912;0.05;38;38;3;0;4;1;0;2200;3,2;0,1;0;0;60;0.05;2;80;0;0;1;3;"Albany";1;0;0;0;0;0;0;0;0;0;0;0;0;0;0;0;0;0;0;0;0;0;0;0;0;0;0;0;0;0;0;0;0;0;0;0;0;"E"
L,C,0;8975;8974;0.05;38;38;1;0;4;3;0;2200;3,2;0,1;0;0;60;0.05;2;80;0;0;1;3;"Albany";1;0;0;0;0;0;0;0;0;0;0;0;0;0;0;0;0;0;0;0;0;0;0;0;0;0;0;0;0;0;0;0;0;0;0;0;0;"E"
L,C,1;2482;1913;0.45;38;38;3;0;4;1;0;2200;3,2;0,1;0;0;60;0.45;2;80;0;0;1;3;"Albany";1;0;0;0;0;0;0;0;0;0;0;0;0;0;0;0;0;0;0;0;0;0;0;0;0;0;0;0;0;0;0;0;0;0;0;0;0;"E"
L,C,2;8976;8975;0.45;38;38;1;0;4;3;0;2200;3,2;0,1;0;0;60;0.45;2;80;0;0;1;3;"Albany";1;0;0;0;0;0;0;0;0;0;0;0;0;0;0;0;0;0;0;0;0;0;0;0;0;0;0;0;0;0;0;0;0;0;0;0;0;"E"
L,C,0;8977;8979;0.15;38;38;1;0;4;3;0;2200;3,2;0,1;0;0;60;0.15;2;80;0;0;1;3;"Albany";1;0;0;0;0;0;0;0;0;0;0;0;0;0;0;0;0;0;0;0;0;0;0;0;0;0;0;0;0;0;0;0;0;0;0;0;0;"W"
L,C,1;2483;2516;0.15;38;38;5;0;4;1;0;2200;3,2;0,1;0;0;60;0.15;2;80;0;0;1;3;"Albany";1;0;0;0;0;0;0;0;0;0;0;0;0;0;0;0;0;0;0;0;0;0;0;0;0;0;0;0;0;0;0;0;0;0;0;0;0;"W"
L,C,2;2515;2482;0.15;38;38;5;0;4;1;0;2200;3,2;0,1;0;0;60;0.15;2;80;0;0;1;3;"Albany";1;0;0;0;0;0;0;0;0;0;0;0;0;0;0;0;0;0;0;0;0;0;0;0;0;0;0;0;0;0;0;0;0;0;0;0;0;"E"
L,C,0;8978;8976;0.15;38;38;1;0;4;3;0;2200;3,2;0,1;0;0;60;0.15;2;80;0;0;1;3;"Albany";1;0;0;0;0;0;0;0;0;0;0;0;0;0;0;0;0;0;0;0;0;0;0;0;0;0;0;0;0;0;0;0;0;0;0;0;0;"E"
L,C,1;8979;20019;0.46;38;38;1;0;4;3;0;2200;3,2;0,1;0;0;60;0.46;2;80;0;0;1;15;"Berkeley";1;0;0;0;0;0;0;0;0;0;0;0;0;0;0;0;0;0;0;0;0;0;0;0;0;0;0;0;0;0;0;0;0;0;0;0;0;"W"
L,C,2;2516;2514;0.46;38;38;4;0;4;1;0;2200;3,2;0,1;0;0;60;0.46;2;80;0;0;1;15;"Berkeley";1;0;0;0;0;0;0;0;0;0;0;0;0;0;0;0;0;0;0;0;0;0;0;0;0;0;0;0;0;0;0;0;0;0;0;0;0;"W"
L,C,0;2513;2515;0.46;38;38;4;0;4;1;0;2200;3,2;0,1;0;0;60;0.46;2;80;0;0;1;15;"Berkeley";1;0;0;0;0;0;0;0;0;0;0;0;0;0;0;0;0;0;0;0;0;0;0;0;0;0;0;0;0;0;0;0;0;0;0;0;0;"E"
L,C,1;8980;8978;0.46;38;38;1;0;4;3;0;2200;3,2;0,1;0;0;60;0.46;2;80;0;0;1;15;"Berkeley";1;0;0;0;0;0;0;0;0;0;0;0;0;0;0;0;0;0;0;0;0;0;0;0;0;0;0;0;0;0;0;0;0;0;0;0;0;"E"
L,C,2;20019;8983;0.33;38;38;1;0;4;3;0;2200;3,2;0,1;0;0;60;0.33;2;80;0;0;1;15;"Berkeley";1;0;0;0;0;0;0;0;0;0;0;0;0;0;0;0;0;0;0;0;0;0;0;0;0;0;0;0;0;0;0;0;0;0;0;0;0;"W"
L,C,0;2514;2512;0.33;38;38;4;0;4;1;0;2200;3,2;0,1;0;0;60;0.33;2;80;0;0;1;15;"Berkeley";1;0;0;0;0;0;0;0;0;0;0;0;0;0;0;0;0;0;0;0;0;0;0;0;0;0;0;0;0;0;0;0;0;0;0;0;0;"W"
L,C,1;2511;2513;0.34;38;38;4;0;4;1;0;2200;3,2;0,1;0;0;60;0.34;2;80;0;0;1;15;"Berkeley";1;0;0;0;0;0;0;0;0;0;0;0;0;0;0;0;0;0;0;0;0;0;0;0;0;0;0;0;0;0;0;0;0;0;0;0;0;"E"
L,C,2;8982;8980;0.34;38;38;1;0;4;3;0;2200;3,2;0,1;0;0;60;0.34;2;80;0;0;1;15;"Berkeley";1;0;0;0;0;0;0;0;0;0;0;0;0;0;0;0;0;0;0;0;0;0;0;0;0;0;0;0;0;0;0;0;0;0;0;0;0;"E"
L,C,0;8983;20020;0.48;38;38;1;0;4;3;0;2200;3,2;0,1;0;0;60;0.48;2;80;0;0;1;15;"Berkeley";1;0;0;0;0;0;0;0;0;0;0;0;0;0;0;0;0;0;0;0;0;0;0;0;0;0;0;0;0;0;0;0;0;0;0;0;0;"W"
L,C,1;2512;2509;0.48;38;38;4;0;4;1;0;2200;3,2;0,1;0;0;60;0.48;2;80;0;0;1;15;"Berkeley";1;0;0;0;0;0;0;0;0;0;0;0;0;0;0;0;0;0;0;0;0;0;0;0;0;0;0;0;0;0;0;0;0;0;0;0;0;"W"
L,C,2;2508;2511;0.4;38;38;4;0;4;1;0;2200;3,2;0,1;0;0;60;0.4;2;80;0;0;1;15;"Berkeley";1;0;0;0;0;0;0;0;0;0;0;0;0;0;0;0;0;0;0;0;0;0;0;0;0;0;0;0;0;0;0;0;0;0;0;0;0;"E"
L,C,0;8984;8982;0.4;38;38;1;0;4;3;0;2200;3,2;0,1;0;0;60;0.4;2;80;0;0;1;15;"Berkeley";1;0;0;0;0;0;0;0;0;0;0;0;0;0;0;0;0;0;0;0;0;0;0;0;0;0;0;0;0;0;0;0;0;0;0;0;0;"E"
L,C,1;20020;8987;0.85;38;38;1;0;4;3;0;2200;3,2;0,1;0;0;60;0.85;2;80;0;0;1;15;"Berkeley";1;0;0;0;0;0;0;0;0;0;0;0;0;0;0;0;0;0;0;0;0;0;0;0;0;0;0;0;0;0;0;0;0;0;0;0;0;"W"
L,C,2;2509;2506;0.85;38;38;4;0;4;1;0;2200;3,2;0,1;0;0;60;0.85;2;80;0;0;1;15;"Berkeley";1;0;0;0;0;0;0;0;0;0;0;0;0;0;0;0;0;0;0;0;0;0;0;0;0;0;0;0;0;0;0;0;0;0;0;0;0;"W"
L,C,0;2505;2508;0.85;38;38;4;0;4;1;0;2200;3,2;0,1;0;0;60;0.85;2;80;0;0;1;15;"Berkeley";1;0;0;0;0;0;0;0;0;0;0;0;0;0;0;0;0;0;0;0;0;0;0;0;0;0;0;0;0;0;0;0;0;0;0;0;0;"E"
L,C,1;8986;8984;0.85;38;38;1;0;4;3;0;2200;3,2;0,1;0;0;60;0.85;2;80;0;0;1;15;"Berkeley";1;0;0;0;0;0;0;0;0;0;0;0;0;0;0;0;0;0;0;0;0;0;0;0;0;0;0;0;0;0;0;0;0;0;0;0;0;"E"
L,C,2;8987;20021;0.53;38;38;1;0;4;3;0;2200;3,2;0,1;0;0;60;0.53;2;80;0;0;1;15;"Berkeley";1;0;0;0;0;0;0;0;0;0;0;0;0;0;0;0;0;0;0;0;0;0;0;0;0;0;0;0;0;0;0;0;0;0;0;0;0;"W"
L,C,0;2506;2637;0.53;38;38;4;0;4;1;0;2200;3,2;0,1;0;0;60;0.53;2;80;0;0;1;58;"Emeryville";1;0;0;0;0;0;0;0;0;0;0;0;0;0;0;0;0;0;0;0;0;0;0;0;0;0;0;0;0;0;0;0;0;0;0;0;0;"W"
L,C,1;2636;2505;0.53;38;38;4;0;4;1;0;2200;3,2;0,1;0;0;60;0.53;2;80;0;0;1;15;"Berkeley";1;0;0;0;0;0;0;0;0;0;0;0;0;0;0;0;0;0;0;0;0;0;0;0;0;0;0;0;0;0;0;0;0;0;0;0;0;"E"
L,C,2;8988;8986;0.53;38;38;1;0;4;3;0;2200;3,2;0,1;0;0;60;0.53;2;80;0;0;1;58;"Emeryville";1;0;0;0;0;0;0;0;0;0;0;0;0;0;0;0;0;0;0;0;0;0;0;0;0;0;0;0;0;0;0;0;0;0;0;0;0;"E"
L,C,0;20021;8991;0.25;38;38;1;0;4;3;0;2200;3,2;0,1;0;0;60;0.25;2;80;0;0;1;58;"Emeryville";1;0;0;0;0;0;0;0;0;0;0;0;0;0;0;0;0;0;0;0;0;0;0;0;0;0;0;0;0;0;0;0;0;0;0;0;0;"W"
L,C,1;2637;2633;0.25;38;38;4;0;4;1;0;2200;3,2;0,1;0;0;60;0.25;2;80;0;0;1;58;"Emeryville";1;0;0;0;0;0;0;0;0;0;0;0;0;0;0;0;0;0;0;0;0;0;0;0;0;0;0;0;0;0;0;0;0;0;0;0;0;"W"
L,C,2;2634;2636;0.25;38;38;4;0;4;1;0;2200;3,2;0,1;0;0;60;0.25;2;80;0;0;1;58;"Emeryville";1;0;0;0;0;0;0;0;0;0;0;0;0;0;0;0;0;0;0;0;0;0;0;0;0;0;0;0;0;0;0;0;0;0;0;0;0;"E"
L,C,0;8990;8988;0.25;38;38;1;0;4;3;0;2200;3,2;0,1;0;0;60;0.25;2;80;0;0;1;58;"Emeryville";1;0;0;0;0;0;0;0;0;0;0;0;0;0;0;0;0;0;0;0;0;0;0;0;0;0;0;0;0;0;0;0;0;0;0;0;0;"E"
L,C,1;8991;8993;0.45;38;38;1;0;4;3;0;2200;3,2;0,1;0;0;60;0.45;2;80;0;0;1;58;"Emeryville";1;0;0;0;0;0;0;0;0;0;0;0;0;0;0;0;0;0;0;0;0;0;0;0;0;0;0;0;0;0;0;0;0;0;0;0;0;"W"
L,C,2;2633;2631;0.45;38;38;4;0;4;1;0;2200;3,2;0,1;0;0;60;0.45;2;80;0;0;1;58;"Emeryville";1;0;0;0;0;0;0;0;0;0;0;0;0;0;0;0;0;0;0;0;0;0;0;0;0;0;0;0;0;0;0;0;0;0;0;0;0;"W"
L,C,0;2632;2634;0.45;38;38;5;0;4;1;0;2200;3,2;0,1;0;0;60;0.45;2;80;0;0;1;58;"Emeryville";1;0;0;0;0;0;0;0;0;0;0;0;0;0;0;0;0;0;0;0;0;0;0;0;0;0;0;0;0;0;0;0;0;0;0;0;0;"E"
L,C,1;8992;8990;0.45;38;38;1;0;4;3;0;2200;3,2;0,1;0;0;60;0.45;2;80;0;0;1;58;"Emeryville";1;0;0;0;0;0;0;0;0;0;0;0;0;0;0;0;0;0;0;0;0;0;0;0;0;0;0;0;0;0;0;0;0;0;0;0;0;"E"
L,C,2;8993;9863;0.32;38;38;1;0;4;3;0;2200;3,2;0,1;0;0;60;0.32;2;80;0;0;1;58;"Emeryville";1;0;0;0;0;0;0;0;0;0;0;0;0;0;0;0;0;0;0;0;0;0;0;0;0;0;0;0;0;0;0;0;0;0;0;0;0;"W"
L,C,0;2631;2764;0.32;38;38;5;0;4;1;0;2200;3,2;0,1;0;0;60;0.32;2;80;0;0;1;58;"Emeryville";1;0;0;0;0;0;0;0;0;0;0;0;0;0;0;0;0;0;0;0;0;0;0;0;0;0;0;0;0;0;0;0;0;0;0;0;0;"W"
L,C,1;2778;2632;0.34;38;38;6;0;4;1;0;2200;3,2;0,1;0;0;60;0.34;2;80;0;0;1;58;"Emeryville";1;0;0;0;0;0;0;0;0;0;0;0;0;0;0;0;0;0;0;0;0;0;0;0;0;0;0;0;0;0;0;0;0;0;0;0;0;"E"
L,C,2;8994;8992;0.34;38;38;1;0;4;3;0;2200;3,2;0,1;0;0;60;0.34;2;80;0;0;1;58;"Emeryville";1;0;0;0;0;0;0;0;0;0;0;0;0;0;0;0;0;0;0;0;0;0;0;0;0;0;0;0;0;0;0;0;0;0;0;0;0;"E"
L,C,0;8995;8994;0.61;38;38;1;0;4;3;0;2200;3,2;0,1;0;0;60;0.61;2;80;0;0;1;110;"Oakland";1;0;0;0;0;0;0;0;0;0;0;0;0;0;0;0;0;0;0;0;0;0;0;0;0;0;0;0;0;0;0;0;0;0;0;0;0;"E"
L,C,1;2766;2778;0.61;38;38;2;0;4;1;0;2200;3,2;0,1;0;0;60;0.61;2;80;0;0;1;110;"Oakland";1;0;0;0;0;0;0;0;0;0;0;0;0;0;0;0;0;0;0;0;0;0;0;0;0;0;0;0;0;0;0;0;0;0;0;0;0;"E"
L,C,2;2764;2779;0.44;38;38;3;0;4;1;0;2200;3,2;0,1;0;0;60;0.44;2;80;0;0;1;110;"Oakland";1;0;0;0;0;0;0;0;0;0;0;0;0;0;0;0;0;0;0;0;0;0;0;0;0;0;0;0;0;0;0;0;0;0;0;0;0;"W"
L,C,0;9863;9861;0.44;38;38;1;0;4;3;0;2200;3,2;0,1;0;0;60;0.44;2;80;0;0;1;110;"Oakland";1;0;0;0;0;0;0;0;0;0;0;0;0;0;0;0;0;0;0;0;0;0;0;0;0;0;0;0;0;0;0;0;0;0;0;0;0;"W"
L,C,1;9861;9865;0.38;38;38;2;0;4;3;0;2200;3,2;0,1;0;0;60;0.38;2;80;0;0;1;110;"Oakland";1;0;0;0;0;0;0;0;0;0;0;0;0;0;0;0;0;0;0;0;0;0;0;0;0;0;0;0;0;0;0;0;0;0;0;0;0;"W"
L,C,2;2779;2774;0.13;38;38;6;0;4;1;0;2200;3,2;0,1;0;0;60;0.13;2;80;0;0;1;110;"Oakland";1;0;0;0;0;0;0;0;0;0;0;0;0;0;0;0;0;0;0;0;0;0;0;0;0;0;0;0;0;0;0;0;0;0;0;0;0;"W"
L,C,0;2774;2788;0.25;38;38;6;0;4;1;0;2200;3,2;0,1;0;0;60;0.25;2;80;0;0;1;110;"Oakland";1;0;0;0;0;0;0;0;0;0;0;0;0;0;0;0;0;0;0;0;0;0;0;0;0;0;0;0;0;0;0;0;0;0;0;0;0;"W"
L,C,1;2787;2766;0.25;38;38;6;0;4;1;0;2200;3,2;0,1;0;0;60;0.25;2;80;0;0;1;110;"Oakland";1;0;0;0;0;0;0;0;0;0;0;0;0;0;0;0;0;0;0;0;0;0;0;0;0;0;0;0;0;0;0;0;0;0;0;0;0;"E"
