HighwayLayerLogX,"E:\GitHub\TM1_2015_Base_Network\hwy\freeflow.net",5,82,3/18/2025 4:29:50 PM
Node,N,X,Y,GGFARE,PROJ[1]
Link,A,B,DISTANCE,SPDCLASS,CAPCLASS,LANES,TSIN,GL,USE,OT,CAP,AT,FT,SIGCOR,TOS,AUX,YEAR,FFS,FFT,FT2000,ROUTENUM,HOT,TOLLCLASS,STATE,CITYID,CITYNAME[33],REGFREIGHT,BRT,TOLLEA_DA,TOLLEA_S2,TOLLEA_S3,TOLLEA_VSM,TOLLEA_SML,TOLLEA_MED,TOLLEA_LRG,TOLLAM_DA,TOLLAM_S2,TOLLAM_S3,TOLLAM_VSM,TOLLAM_SML,TOLLAM_MED,TOLLAM_LRG,TOLLMD_DA,TOLLMD_S2,TOLLMD_S3,TOLLMD_VSM,TOLLMD_SML,TOLLMD_MED,TOLLMD_LRG,TOLLPM_DA,TOLLPM_S2,TOLLPM_S3,TOLLPM_VSM,TOLLPM_SML,TOLLPM_MED,TOLLPM_LRG,TOLLEV_DA,TOLLEV_S2,TOLLEV_S3,TOLLEV_VSM,TOLLEV_SML,TOLLEV_MED,TOLLEV_LRG,ROUTEDIR[1],PROJ[1],AUTOOPC,SMTROPC,LRTROPC,BUSOPC,VOT,TRUCKVOT,SR2COSTSHARE,SR3COSTSHARE,TRKPCE,FIRSTVALUE,OWNEDAV_ZPV_FAC,TNC_ZPV_FACTOR,MEANS_BASED_TOL,TOLL_FLAT,AV_PCE,HOVXPEN,BRIDGE
N,A,0,39026,627587.89876,4095859.98831,0,""
L,A,0,4165,39026,0.10649,0,0,0,0,0,0,0,0,0,0,0,0,0,0,0,0,0,0,0,0,0,0,"",0,0,0,0,0,0,0,0,0,0,0,0,0,0,0,0,0,0,0,0,0,0,0,0,0,0,0,0,0,0,0,0,0,0,0,0,0,"","",0,0,0,0,0,0,0,0,0,0,0,0,0,0,0,0,0
L,A,0,39026,4165,0.10649,0,0,0,0,0,0,0,0,0,0,0,0,0,0,0,0,0,0,0,0,0,0,"",0,0,0,0,0,0,0,0,0,0,0,0,0,0,0,0,0,0,0,0,0,0,0,0,0,0,0,0,0,0,0,0,0,0,0,0,0,"","",0,0,0,0,0,0,0,0,0,0,0,0,0,0,0,0,0
N,A,0,39027,626871.11396,4095581.23867,0,""
L,A,0,39026,39027,0.47354,0,0,0,0,0,0,0,0,0,0,0,0,0,0,0,0,0,0,0,0,0,0,"",0,0,0,0,0,0,0,0,0,0,0,0,0,0,0,0,0,0,0,0,0,0,0,0,0,0,0,0,0,0,0,0,0,0,0,0,0,"","",0,0,0,0,0,0,0,0,0,0,0,0,0,0,0,0,0
L,A,0,39027,39026,0.47354,0,0,0,0,0,0,0,0,0,0,0,0,0,0,0,0,0,0,0,0,0,0,"",0,0,0,0,0,0,0,0,0,0,0,0,0,0,0,0,0,0,0,0,0,0,0,0,0,0,0,0,0,0,0,0,0,0,0,0,0,"","",0,0,0,0,0,0,0,0,0,0,0,0,0,0,0,0,0
L,A,0,4186,39027,0.22711,0,0,0,0,0,0,0,0,0,0,0,0,0,0,0,0,0,0,0,0,0,0,"",0,0,0,0,0,0,0,0,0,0,0,0,0,0,0,0,0,0,0,0,0,0,0,0,0,0,0,0,0,0,0,0,0,0,0,0,0,"","",0,0,0,0,0,0,0,0,0,0,0,0,0,0,0,0,0
L,A,0,39027,4186,0.22711,0,0,0,0,0,0,0,0,0,0,0,0,0,0,0,0,0,0,0,0,0,0,"",0,0,0,0,0,0,0,0,0,0,0,0,0,0,0,0,0,0,0,0,0,0,0,0,0,0,0,0,0,0,0,0,0,0,0,0,0,"","",0,0,0,0,0,0,0,0,0,0,0,0,0,0,0,0,0
L,C,0;4186;39027,0.2271;0;0,1;0;0;0;0;0;0;0;0;0;0;0;0;0;0;0;0;0;0;0;"";0;0;0;0;0;0;0;0;0;0;0;0;0;0;0;0;0;0;0;0;0;0;0;0;0;0;0;0;0;0;0;0;0;0;0;0;0;"";"";0;0;0;0;0;0;0;0;0;0;0;0;0;0;0;0;0
L,C,0;39027;4186,0.2271;0;0,1;0;0;0;0;0;0;0;0;0;0;0;0;0;0;0;0;0;0;0;"";0;0;0;0;0;0;0;0;0;0;0;0;0;0;0;0;0;0;0;0;0;0;0;0;0;0;0;0;0;0;0;0;0;0;0;0;0;"";"";0;0;0;0;0;0;0;0;0;0;0;0;0;0;0;0;0
L,C,0;39026;39027,0.4735;0;0,1;0;0;0;0;0;0;0;0;0;0;0;0;0;0;0;0;0;0;0;"";0;0;0;0;0;0;0;0;0;0;0;0;0;0;0;0;0;0;0;0;0;0;0;0;0;0;0;0;0;0;0;0;0;0;0;0;0;"";"";0;0;0;0;0;0;0;0;0;0;0;0;0;0;0;0;0
L,C,0;39027;39026,0.4735;0;0,1;0;0;0;0;0;0;0;0;0;0;0;0;0;0;0;0;0;0;0;"";0;0;0;0;0;0;0;0;0;0;0;0;0;0;0;0;0;0;0;0;0;0;0;0;0;0;0;0;0;0;0;0;0;0;0;0;0;"";"";0;0;0;0;0;0;0;0;0;0;0;0;0;0;0;0;0
L,C,0;4165;39026,0.1065;0;0,1;0;0;0;0;0;0;0;0;0;0;0;0;0;0;0;0;0;0;0;"";0;0;0;0;0;0;0;0;0;0;0;0;0;0;0;0;0;0;0;0;0;0;0;0;0;0;0;0;0;0;0;0;0;0;0;0;0;"";"";0;0;0;0;0;0;0;0;0;0;0;0;0;0;0;0;0
L,C,0;39026;4165,0.1065;0;0,1;0;0;0;0;0;0;0;0;0;0;0;0;0;0;0;0;0;0;0;"";0;0;0;0;0;0;0;0;0;0;0;0;0;0;0;0;0;0;0;0;0;0;0;0;0;0;0;0;0;0;0;0;0;0;0;0;0;"";"";0;0;0;0;0;0;0;0;0;0;0;0;0;0;0;0;0
L,C,0;4165;39026;0.1065,47,47;1;0,3,1;0,1050,4,7;0;0;0;0,35;0,7;0;0;0;0,67,"Gilroy";0;0;0;0;0;0;0;0;0;0;0;0;0;0;0;0;0;0;0;0;0;0;0;0;0;0;0;0;0;0;0;0;0;0;0;0;0;"";"";0;0;0;0;0;0;0;0;0;0;0;0;0;0;0;0;0
L,C,0;39026;4165;0.1065,47,47;1;0,3,1;0,1050,4,7;0;0;0;0,35;0,7;0;0;0;0,67,"Gilroy";0;0;0;0;0;0;0;0;0;0;0;0;0;0;0;0;0;0;0;0;0;0;0;0;0;0;0;0;0;0;0;0;0;0;0;0;0;"";"";0;0;0;0;0;0;0;0;0;0;0;0;0;0;0;0;0
L,C,0;4165;39026;0.1065;47;47;1;0;3;1;0;1050;4;7;0;0;0;0;35,0.8229;7;0;0;0;0;67;"Gilroy";0;0;0;0;0;0;0;0;0;0;0;0;0;0;0;0;0;0;0;0;0;0;0;0;0;0;0;0;0;0;0;0;0;0;0;0;0;"";"";0;0;0;0;0;0;0;0;0;0;0;0;0;0;0;0;0
L,C,0;39026;4165;0.1065;47;47;1;0;3;1;0;1050;4;7;0;0;0;0;35,0.8229;7;0;0;0;0;67;"Gilroy";0;0;0;0;0;0;0;0;0;0;0;0;0;0;0;0;0;0;0;0;0;0;0;0;0;0;0;0;0;0;0;0;0;0;0;0;0;"";"";0;0;0;0;0;0;0;0;0;0;0;0;0;0;0;0;0
L,C,0;39026;39027;0.4735,47,47;1;0,3,1;0,1050,4,7;0;0;0;0,35,0.8229,7;0;0;0;0,67,"Gilroy";0;0;0;0;0;0;0;0;0;0;0;0;0;0;0;0;0;0;0;0;0;0;0;0;0;0;0;0;0;0;0;0;0;0;0;0;0;"";"";0;0;0;0;0;0;0;0;0;0;0;0;0;0;0;0;0
L,C,0;39027;39026;0.4735,47,47;1;0,3,1;0,1050,4,7;0;0;0;0,35,0.8229,7;0;0;0;0,67,"Gilroy";0;0;0;0;0;0;0;0;0;0;0;0;0;0;0;0;0;0;0;0;0;0;0;0;0;0;0;0;0;0;0;0;0;0;0;0;0;"";"";0;0;0;0;0;0;0;0;0;0;0;0;0;0;0;0;0
L,C,0;4186;39027;0.2271,44,44;1;0;0;0;0;0;0;0;0;0;0;0;0;0;0;0;0;0;0;0;"";0;0;0;0;0;0;0;0;0;0;0;0;0;0;0;0;0;0;0;0;0;0;0;0;0;0;0;0;0;0;0;0;0;0;0;0;0;"";"";0;0;0;0;0;0;0;0;0;0;0;0;0;0;0;0;0
L,C,0;39027;4186;0.2271;0;0;1;0;0;0;0;0;0;0;0;0;0;0;0;0;0;0;0;0;0;0;"";0;0;0;0;0;0;0;0;0;0;0;0;0;0;0;0;0;0;0;0;0;0;0;0;0;0;0;0;0;0;0;0;0;0;0;0;0;"";"";0;0;0;0;0;0;0;0;0;0;0;0;0;0;0;0;0
L,C,0;4186;39027;0.2271;44;44;1;0;0;0;0;0;0;0;0;0;0;0;0;0;0;0;0;0;0;0;"";0;0;0;0;0;0;0;0;0;0;0;0;0;0;0;0;0;0;0;0;0;0;0;0;0;0;0;0;0;0;0;0;0;0;0;0;0;"";"";0;0;0;0;0;0;0;0;0;0;0;0;0;0;0;0;0
L,C,0;39027;4186;0.2271,44,44;1;0;0;0;0;0;0;0;0;0;0;0;0;0;0;0;0;0;0;0;"";0;0;0;0;0;0;0;0;0;0;0;0;0;0;0;0;0;0;0;0;0;0;0;0;0;0;0;0;0;0;0;0;0;0;0;0;0;"";"";0;0;0;0;0;0;0;0;0;0;0;0;0;0;0;0;0
L,C,0;4186;39027;0.2271;44;44;1;0;0;0;0,900;0;0;0;0;0;0;0;0;0;0;0;0;0;0;"";0;0;0;0;0;0;0;0;0;0;0;0;0;0;0;0;0;0;0;0;0;0;0;0;0;0;0;0;0;0;0;0;0;0;0;0;0;"";"";0;0;0;0;0;0;0;0;0;0;0;0;0;0;0;0;0
L,C,0;39027;4186;0.2271;44;44;1;0;0;0;0,900;0;0;0;0;0;0;0;0;0;0;0;0;0;0;"";0;0;0;0;0;0;0;0;0;0;0;0;0;0;0;0;0;0;0;0;0;0;0;0;0;0;0;0;0;0;0;0;0;0;0;0;0;"";"";0;0;0;0;0;0;0;0;0;0;0;0;0;0;0;0;0
L,C,0;4186;39027;0.2271;44;44;1;0;0;0;0;900,4,4;0;0;0;0,35;0;0;0;0;0;0;0;"";0;0;0;0;0;0;0;0;0;0;0;0;0;0;0;0;0;0;0;0;0;0;0;0;0;0;0;0;0;0;0;0;0;0;0;0;0;"";"";0;0;0;0;0;0;0;0;0;0;0;0;0;0;0;0;0
L,C,0;39027;4186;0.2271;44;44;1;0;0;0;0;900,4,4;0;0;0;0,35;0;0;0;0;0;0;0;"";0;0;0;0;0;0;0;0;0;0;0;0;0;0;0;0;0;0;0;0;0;0;0;0;0;0;0;0;0;0;0;0;0;0;0;0;0;"";"";0;0;0;0;0;0;0;0;0;0;0;0;0;0;0;0;0
L,C,0;4186;39027;0.2271;44;44;1;0;0;0;0;900;4;4;0;0;0;0,30,2.2;0;0;0;0;0;0;"";0;0;0;0;0;0;0;0;0;0;0;0;0;0;0;0;0;0;0;0;0;0;0;0;0;0;0;0;0;0;0;0;0;0;0;0;0;"";"";0;0;0;0;0;0;0;0;0;0;0;0;0;0;0;0;0
L,C,0;39027;4186;0.2271;44;44;1;0;0;0;0;900;4;4;0;0;0;0,30,2.2;0;0;0;0;0;0;"";0;0;0;0;0;0;0;0;0;0;0;0;0;0;0;0;0;0;0;0;0;0;0;0;0;0;0;0;0;0;0;0;0;0;0;0;0;"";"";0;0;0;0;0;0;0;0;0;0;0;0;0;0;0;0;0
L,C,0;4186;39027;0.2271;44;44;1;0;0;0;0;900;4;4;0;0;0;0;30;2.2,4;0;0;0;0,67,"Gilroy";0;0;0;0;0;0;0;0;0;0;0;0;0;0;0;0;0;0;0;0;0;0;0;0;0;0;0;0;0;0;0;0;0;0;0;0;0;"";"";0;0;0;0;0;0;0;0;0;0;0;0;0;0;0;0;0
L,C,0;39027;4186;0.2271;44;44;1;0;0;0;0;900;4;4;0;0;0;0;30;2.2,4;0;0;0;0,67,"Gilroy";0;0;0;0;0;0;0;0;0;0;0;0;0;0;0;0;0;0;0;0;0;0;0;0;0;0;0;0;0;0;0;0;0;0;0;0;0;"";"";0;0;0;0;0;0;0;0;0;0;0;0;0;0;0;0;0
L,C,0;4186;39027;0.2271;44;44;1;0,3,1;0;900;4;4;0;0;0;0;30;2.2;4;0;0;0;0;67;"Gilroy";0;0;0;0;0;0;0;0;0;0;0;0;0;0;0;0;0;0;0;0;0;0;0;0;0;0;0;0;0;0;0;0;0;0;0;0;0;"";"";0;0;0;0;0;0;0;0;0;0;0;0;0;0;0;0;0
L,C,0;39027;4186;0.2271;44;44;1;0,3,1;0;900;4;4;0;0;0;0;30;2.2;4;0;0;0;0;67;"Gilroy";0;0;0;0;0;0;0;0;0;0;0;0;0;0;0;0;0;0;0;0;0;0;0;0;0;0;0;0;0;0;0;0;0;0;0;0;0;"";"";0;0;0;0;0;0;0;0;0;0;0;0;0;0;0;0;0
L,C,0;4165;39026;0.1065;47;47,2;0;3;1;0;1050;4;7;0;0;0;0;35;0.8229;7;0;0;0;0;67;"Gilroy";0;0;0;0;0;0;0;0;0;0;0;0;0;0;0;0;0;0;0;0;0;0;0;0;0;0;0;0;0;0;0;0;0;0;0;0;0;"";"";0;0;0;0;0;0;0;0;0;0;0;0;0;0;0;0;0
L,C,0;39026;4165;0.1065;47;47,2;0;3;1;0;1050;4;7;0;0;0;0;35;0.8229;7;0;0;0;0;67;"Gilroy";0;0;0;0;0;0;0;0;0;0;0;0;0;0;0;0;0;0;0;0;0;0;0;0;0;0;0;0;0;0;0;0;0;0;0;0;0;"";"";0;0;0;0;0;0;0;0;0;0;0;0;0;0;0;0;0
L,C,0;4165;39026;0.1065;47;47;2;0;3;1;0;1050;4;7;0;0;0;0;35;0.8229;7;0;0;0;0;67;"Gilroy";0;0;0;0;0;0;0;0;0;0;0;0;0;0;0;0;0;0;0;0;0;0;0;0;0;0;0;0;0;0;0;0;0;0;0;0;0;"";"",13.73;0;0;0;0;0;0;0;0;0;0;0;0;0;0;0;0
L,C,0;39026;4165;0.1065;47;47;2;0;3;1;0;1050;4;7;0;0;0;0;35;0.8229;7;0;0;0;0;67;"Gilroy";0;0;0;0;0;0;0;0;0;0;0;0;0;0;0;0;0;0;0;0;0;0;0;0;0;0;0;0;0;0;0;0;0;0;0;0;0;"";"",13.73;0;0;0;0;0;0;0;0;0;0;0;0;0;0;0;0
L,C,0;4165;39026;0.1065;47;47;2;0;3;1;0;1050;4;7;0;0;0;0;35;0.8229;7;0;0;0;0;67;"Gilroy";0;0;0;0;0;0;0;0;0;0;0;0;0;0;0;0;0;0;0;0;0;0;0;0;0;0;0;0;0;0;0;0;0;0;0;0;0;"";"";13.73,27.46,41.19,41.19,15,30,1.75,2.5,2,31;0;0,1;0,1;0;0
L,C,0;39026;4165;0.1065;47;47;2;0;3;1;0;1050;4;7;0;0;0;0;35;0.8229;7;0;0;0;0;67;"Gilroy";0;0;0;0;0;0;0;0;0;0;0;0;0;0;0;0;0;0;0;0;0;0;0;0;0;0;0;0;0;0;0;0;0;0;0;0;0;"";"";13.73,27.46,41.19,41.19,15,30,1.75,2.5,2,31;0;0,1;0,1;0;0
L,C,0;4186;39027;0.2271;44;44;1;0;3;1;0;900;4;4;0;0;0;0;30;2.2;4;0;0;0;0;67;"Gilroy";0;0;0;0;0;0;0;0;0;0;0;0;0;0;0;0;0;0;0;0;0;0;0;0;0;0;0;0;0;0;0;0;0;0;0;0;0;"";"",13.73,27.46,41.19,41.19,15,30,1.75,2.5,2,31;0;0,1;0,1;0;0
L,C,0;39027;4186;0.2271;44;44;1;0;3;1;0;900;4;4;0;0;0;0;30;2.2;4;0;0;0;0;67;"Gilroy";0;0;0;0;0;0;0;0;0;0;0;0;0;0;0;0;0;0;0;0;0;0;0;0;0;0;0;0;0;0;0;0;0;0;0;0;0;"";"",13.73,27.46,41.19,41.19,15,30,1.75,2.5,2,31;0;0,1;0,1;0;0
L,C,0;39026;39027;0.4735;47;47;1;0;3;1;0;1050;4;7;0;0;0;0;35;0.8229;7;0;0;0;0;67;"Gilroy";0;0;0;0;0;0;0;0;0;0;0;0;0;0;0;0;0;0;0;0;0;0;0;0;0;0;0;0;0;0;0;0;0;0;0;0;0;"";"",13.73,27.46,41.19,41.19,15,30,1.75,2.5,2,31;0;0,1;0,1;0;0
L,C,0;39027;39026;0.4735;47;47;1;0;3;1;0;1050;4;7;0;0;0;0;35;0.8229;7;0;0;0;0;67;"Gilroy";0;0;0;0;0;0;0;0;0;0;0;0;0;0;0;0;0;0;0;0;0;0;0;0;0;0;0;0;0;0;0;0;0;0;0;0;0;"";"",13.73,27.46,41.19,41.19,15,30,1.75,2.5,2,31;0;0,1;0,1;0;0
L,C,1;20363;20367,0.16769,0,0,0;0,0,0;0,0,0,0;0;0;0;0,0,0,0;0;0;0;0,0,"";0;0;0;0;0;0;0;0;0;0;0;0;0;0;0;0;0;0;0;0;0;0;0;0;0;0;0;0;0;0;0;0;0;0;0;0;0;"";"",0,0,0,0,0,0,0,0,0,0;0;0,0;0,0;0;0
L,C,1;20367;20364,0.21896,0,0,0;0,0,0;0,0,0,0;0;0;0;0,0,0,0;0;0;0;0,0,"";0;0;0;0;0;0;0;0;0;0;0;0;0;0;0;0;0;0;0;0;0;0;0;0;0;0;0;0;0;0;0;0;0;0;0;0;0;"";"",0,0,0,0,0,0,0,0,0,0;0;0,0;0,0;0;0
L,C,1;20364;20365,0.16384,0,0,0;0,0,0;0,0,0,0;0;0;0;0,0,0,0;0;0;0;0,0,"";0;0;0;0;0;0;0;0;0;0;0;0;0;0;0;0;0;0;0;0;0;0;0;0;0;0;0;0;0;0;0;0;0;0;0;0;0;"";"",0,0,0,0,0,0,0,0,0,0;0;0,0;0,0;0;0
L,C,1;20365;20363,0.21484,0,0,0;0,0,0;0,0,0,0;0;0;0;0,0,0,0;0;0;0;0,0,"";0;0;0;0;0;0;0;0;0;0;0;0;0;0;0;0;0;0;0;0;0;0;0;0;0;0;0;0;0;0;0;0;0;0;0;0;0;"";"",0,0,0,0,0,0,0,0,0,0;0;0,0;0,0;0;0
L,C,1;20363;20367,0.1677,55,55,1;0,3,1;0,1550,5,5;0;0;0;0;0;0;0;0;0;0;0,67,"Gilroy";0;0;0;0;0;0;0;0;0;0;0;0;0;0;0;0;0;0;0;0;0;0;0;0;0;0;0;0;0;0;0;0;0;0;0;0;0;"";"";0;0;0;0;0;0;0;0;0;0;0;0;0;0;0;0;0
L,C,1;20367;20364,0.219,55,55,1;0,3,1;0,1550,5,5;0;0;0;0,40,0.69,5;0;0;0;0,67,"Gilroy";0;0;0;0;0;0;0;0;0;0;0;0;0;0;0;0;0;0;0;0;0;0;0;0;0;0;0;0;0;0;0;0;0;0;0;0;0;"";"";0;0;0;0;0;0;0;0;0;0;0;0;0;0;0;0;0
L,C,1;20363;20367;0.1677;55;55;1;0;3;1;0;1550;5;5;0;0;0;0,40,0.69,5;0;0;0;0;67;"Gilroy";0;0;0;0;0;0;0;0;0;0;0;0;0;0;0;0;0;0;0;0;0;0;0;0;0;0;0;0;0;0;0;0;0;0;0;0;0;"";"";0;0;0;0;0;0;0;0;0;0;0;0;0;0;0;0;0
L,C,1;20365;20363,0.2148,55,55,1;0,3,1;0,1550,5,5;0;0;0;0,40,0.69,5;0;0;0;0,67,"Gilroy";0;0;0;0;0;0;0;0;0;0;0;0;0;0;0;0;0;0;0;0;0;0;0;0;0;0;0;0;0;0;0;0;0;0;0;0;0;"";"";0;0;0;0;0;0;0;0;0;0;0;0;0;0;0;0;0
L,C,1;20364;20365,0.1638,55,55,1;0,3,1;0,1550,5,5;0;0;0;0,40,0.69,5;0;0;0;0,67,"Gilroy";0;0;0;0;0;0;0;0;0;0;0;0;0;0;0;0;0;0;0;0;0;0;0;0;0;0;0;0;0;0;0;0;0;0;0;0;0;"";"";0;0;0;0;0;0;0;0;0;0;0;0;0;0;0;0;0
L,C,1;20364;20365;0.1638;55;55;1;0;3;1;0;1550;5;5;0;0;0;0;40;0.69;5;0;0;0;0;67;"Gilroy";0;0;0;0;0;0;0;0;0;0;0;0;0;0;0;0;0;0;0;0;0;0;0;0;0;0;0;0;0;0;0;0;0;0;0;0;0;"";"",13.73,27.46,41.19,41.19,15,30,1.75,2.5,2,31;0;0,1;0,1;0;0
L,C,1;20367;20364;0.219;55;55;1;0;3;1;0;1550;5;5;0;0;0;0;40;0.69;5;0;0;0;0;67;"Gilroy";0;0;0;0;0;0;0;0;0;0;0;0;0;0;0;0;0;0;0;0;0;0;0;0;0;0;0;0;0;0;0;0;0;0;0;0;0;"";"",13.73,27.46,41.19,41.19,15,30,1.75,2.5,2,31;0;0,1;0,1;0;0
L,C,1;20365;20363;0.2148;55;55;1;0;3;1;0;1550;5;5;0;0;0;0;40;0.69;5;0;0;0;0;67;"Gilroy";0;0;0;0;0;0;0;0;0;0;0;0;0;0;0;0;0;0;0;0;0;0;0;0;0;0;0;0;0;0;0;0;0;0;0;0;0;"";"",13.73,27.46,41.19,41.19,15,30,1.75,2.5,2,31;0;0,1;0,1;0;0
L,C,1;20363;20367;0.1677;55;55;1;0;3;1;0;1550;5;5;0;0;0;0;40;0.69;5;0;0;0;0;67;"Gilroy";0;0;0;0;0;0;0;0;0;0;0;0;0;0;0;0;0;0;0;0;0;0;0;0;0;0;0;0;0;0;0;0;0;0;0;0;0;"";"",13.73,27.46,41.19,41.19,15,30,1.75,2.5,2,31;0;0,1;0,1;0;0
N,A,1,39028,628681.02548,4092370.503,0,""
L,A,1,4718,39028,0.43738,0,0,0,0,0,0,0,0,0,0,0,0,0,0,0,0,0,0,0,0,0,0,"",0,0,0,0,0,0,0,0,0,0,0,0,0,0,0,0,0,0,0,0,0,0,0,0,0,0,0,0,0,0,0,0,0,0,0,0,0,"","",0,0,0,0,0,0,0,0,0,0,0,0,0,0,0,0,0
L,A,1,39028,4718,0.43738,0,0,0,0,0,0,0,0,0,0,0,0,0,0,0,0,0,0,0,0,0,0,"",0,0,0,0,0,0,0,0,0,0,0,0,0,0,0,0,0,0,0,0,0,0,0,0,0,0,0,0,0,0,0,0,0,0,0,0,0,"","",0,0,0,0,0,0,0,0,0,0,0,0,0,0,0,0,0
N,C,1;39028,628728.04919,4092396.23532;0;""
L,C,1;4718;39028,0.47;0;0;0;0;0;0;0;0;0;0;0;0;0;0;0;0;0;0;0;0;0;0;"";0;0;0;0;0;0;0;0;0;0;0;0;0;0;0;0;0;0;0;0;0;0;0;0;0;0;0;0;0;0;0;0;0;0;0;0;0;"";"";0;0;0;0;0;0;0;0;0;0;0;0;0;0;0;0;0
L,C,1;39028;4718,0.47;0;0;0;0;0;0;0;0;0;0;0;0;0;0;0;0;0;0;0;0;0;0;"";0;0;0;0;0;0;0;0;0;0;0;0;0;0;0;0;0;0;0;0;0;0;0;0;0;0;0;0;0;0;0;0;0;0;0;0;0;"";"";0;0;0;0;0;0;0;0;0;0;0;0;0;0;0;0;0
N,A,1,39029,628748.39024,4092435.56134,0,""
L,A,1,39029,39028,0.02726,0,0,0,0,0,0,0,0,0,0,0,0,0,0,0,0,0,0,0,0,0,0,"",0,0,0,0,0,0,0,0,0,0,0,0,0,0,0,0,0,0,0,0,0,0,0,0,0,0,0,0,0,0,0,0,0,0,0,0,0,"","",0,0,0,0,0,0,0,0,0,0,0,0,0,0,0,0,0
N,A,1,39030,628767.37521,4092377.25035,0,""
L,A,1,39028,39030,0.02689,0,0,0,0,0,0,0,0,0,0,0,0,0,0,0,0,0,0,0,0,0,0,"",0,0,0,0,0,0,0,0,0,0,0,0,0,0,0,0,0,0,0,0,0,0,0,0,0,0,0,0,0,0,0,0,0,0,0,0,0,"","",0,0,0,0,0,0,0,0,0,0,0,0,0,0,0,0,0
L,C,1;4718;39028;0.47;0;0,1;0,3,1;0;0;0;0;0;0;0;0;0;0;0;0;0;0;0;0;"";0;0;0;0;0;0;0;0;0;0;0;0;0;0;0;0;0;0;0;0;0;0;0;0;0;0;0;0;0;0;0;0;0;0;0;0;0;"";"";0;0;0;0;0;0;0;0;0;0;0;0;0;0;0;0;0
L,C,1;39028;4718;0.47;0;0,1;0,3,1;0;0;0;0;0;0;0;0;0;0;0;0;0;0;0;0;"";0;0;0;0;0;0;0;0;0;0;0;0;0;0;0;0;0;0;0;0;0;0;0;0;0;0;0;0;0;0;0;0;0;0;0;0;0;"";"";0;0;0;0;0;0;0;0;0;0;0;0;0;0;0;0;0
L,C,1;4718;39028;0.47,57,57;1;0;3;1;0;0;0;0;0;0;0;0;0;0;0;0;0;0;0;0;"";0;0;0;0;0;0;0;0;0;0;0;0;0;0;0;0;0;0;0;0;0;0;0;0;0;0;0;0;0;0;0;0;0;0;0;0;0;"";"";0;0;0;0;0;0;0;0;0;0;0;0;0;0;0;0;0
L,C,1;39028;4718;0.47,57,57;1;0;3;1;0;0;0;0;0;0;0;0;0;0;0;0;0;0;0;0;"";0;0;0;0;0;0;0;0;0;0;0;0;0;0;0;0;0;0;0;0;0;0;0;0;0;0;0;0;0;0;0;0;0;0;0;0;0;"";"";0;0;0;0;0;0;0;0;0;0;0;0;0;0;0;0;0
L,C,1;4718;39028;0.47;57;57;1;0;3;1;0,1050;0;0;0;0;0;0;0;0;0;0;0;0;0;0;"";0;0;0;0;0;0;0;0;0;0;0;0;0;0;0;0;0;0;0;0;0;0;0;0;0;0;0;0;0;0;0;0;0;0;0;0;0;"";"";0;0;0;0;0;0;0;0;0;0;0;0;0;0;0;0;0
L,C,1;39028;4718;0.47;57;57;1;0;3;1;0,1050;0;0;0;0;0;0;0;0;0;0;0;0;0;0;"";0;0;0;0;0;0;0;0;0;0;0;0;0;0;0;0;0;0;0;0;0;0;0;0;0;0;0;0;0;0;0;0;0;0;0;0;0;"";"";0;0;0;0;0;0;0;0;0;0;0;0;0;0;0;0;0
L,C,1;4718;39028;0.47;57;57;1;0;3;1;0;1050,5,7;0;0;0;0;0;0;0;0;0;0;0;0;"";0;0;0;0;0;0;0;0;0;0;0;0;0;0;0;0;0;0;0;0;0;0;0;0;0;0;0;0;0;0;0;0;0;0;0;0;0;"";"";0;0;0;0;0;0;0;0;0;0;0;0;0;0;0;0;0
L,C,1;39028;4718;0.47;57;57;1;0;3;1;0;1050,5,7;0;0;0;0;0;0;0;0;0;0;0;0;"";0;0;0;0;0;0;0;0;0;0;0;0;0;0;0;0;0;0;0;0;0;0;0;0;0;0;0;0;0;0;0;0;0;0;0;0;0;"";"";0;0;0;0;0;0;0;0;0;0;0;0;0;0;0;0;0
L,C,1;4718;39028;0.47;57;57;1;0;3;1;0;1050;5;7;0;0;0;0,40;0;0;0;0;0;0;0;"";0;0;0;0;0;0;0;0;0;0;0;0;0;0;0;0;0;0;0;0;0;0;0;0;0;0;0;0;0;0;0;0;0;0;0;0;0;"";"";0;0;0;0;0;0;0;0;0;0;0;0;0;0;0;0;0
L,C,1;39028;4718;0.47;57;57;1;0;3;1;0;1050;5;7;0;0;0;0,40;0;0;0;0;0;0;0;"";0;0;0;0;0;0;0;0;0;0;0;0;0;0;0;0;0;0;0;0;0;0;0;0;0;0;0;0;0;0;0;0;0;0;0;0;0;"";"";0;0;0;0;0;0;0;0;0;0;0;0;0;0;0;0;0
L,C,1;4718;39028;0.47;57;57;1;0;3;1;0;1050;5;7;0;0;0;0;40,1.605;0;0;0;0;0;0;"";0;0;0;0;0;0;0;0;0;0;0;0;0;0;0;0;0;0;0;0;0;0;0;0;0;0;0;0;0;0;0;0;0;0;0;0;0;"";"";0;0;0;0;0;0;0;0;0;0;0;0;0;0;0;0;0
L,C,1;39028;4718;0.47;57;57;1;0;3;1;0;1050;5;7;0;0;0;0;40,1.605;0;0;0;0;0;0;"";0;0;0;0;0;0;0;0;0;0;0;0;0;0;0;0;0;0;0;0;0;0;0;0;0;0;0;0;0;0;0;0;0;0;0;0;0;"";"";0;0;0;0;0;0;0;0;0;0;0;0;0;0;0;0;0
L,C,1;4718;39028;0.47;57;57;1;0;3;1;0;1050;5;7;0;0;0;0;40;1.605,7;0;0;0;0,67,"Gilroy";0;0;0;0;0;0;0;0;0;0;0;0;0;0;0;0;0;0;0;0;0;0;0;0;0;0;0;0;0;0;0;0;0;0;0;0;0;"";"";0;0;0;0;0;0;0;0;0;0;0;0;0;0;0;0;0
L,C,1;39028;4718;0.47;57;57;1;0;3;1;0;1050;5;7;0;0;0;0;40;1.605,7;0;0;0;0,67,"Gilroy";0;0;0;0;0;0;0;0;0;0;0;0;0;0;0;0;0;0;0;0;0;0;0;0;0;0;0;0;0;0;0;0;0;0;0;0;0;"";"";0;0;0;0;0;0;0;0;0;0;0;0;0;0;0;0;0
L,C,1;39029;39028,0.0273;0;0,1;0;0;0;0;0;0;0;0;0;0;0;0;0;0;0;0;0;0;0;"";0;0;0;0;0;0;0;0;0;0;0;0;0;0;0;0;0;0;0;0;0;0;0;0;0;0;0;0;0;0;0;0;0;0;0;0;0;"";"";0;0;0;0;0;0;0;0;0;0;0;0;0;0;0;0;0
L,C,1;39029;39028;0.0273;0;0;1;0,3,1;0;0,5,5;0;0;0;0;0;0;0;0;0;0;0,67,"Gilroy";0;0;0;0;0;0;0;0;0;0;0;0;0;0;0;0;0;0;0;0;0;0;0;0;0;0;0;0;0;0;0;0;0;0;0;0;0;"";"";0;0;0;0;0;0;0;0;0;0;0;0;0;0;0;0;0
L,C,1;39029;39028;0.0273,55,55;1;0;3;1;0,1550;5;5;0;0;0;0,40,16.48;0;0;0;0;0;67;"Gilroy";0;0;0;0;0;0;0;0;0;0;0;0;0;0;0;0;0;0;0;0;0;0;0;0;0;0;0;0;0;0;0;0;0;0;0;0;0;"";"";0;0;0;0;0;0;0;0;0;0;0;0;0;0;0;0;0
L,C,1;39029;39028;0.0273;55;55;1;0;3;1;0;1550;5;5;0;0;0;0;40,0.69,5;0;0;0;0;67;"Gilroy";0;0;0;0;0;0;0;0;0;0;0;0;0;0;0;0;0;0;0;0;0;0;0;0;0;0;0;0;0;0;0;0;0;0;0;0;0;"";"";0;0;0;0;0;0;0;0;0;0;0;0;0;0;0;0;0
L,C,1;39028;39030,0.0269,55,55,1;0,3,1;0,1550,5,5;0;0;0;0,40,0.69,5;0;0;0;0,67,"Gilroy";0;0;0;0;0;0;0;0;0;0;0;0;0;0;0;0;0;0;0;0;0;0;0;0;0;0;0;0;0;0;0;0;0;0;0;0;0;"";"";0;0;0;0;0;0;0;0;0;0;0;0;0;0;0;0;0
L,C,1;39028;39030;0.0269;55;55;1;0;3;1;0;1550;5;5;0;0;0;0;40;0.69;5;0;0;0;0;67;"Gilroy";0;0;0;0;0;0;0;0;0;0;0;0;0;0;0;0;0;0;0;0;0;0;0;0;0;0;0;0;0;0;0;0;0;0;0;0;0;"";"",13.73,27.46,41.19,41.19,15,30,1.75,2.5,2,31;0;0,1;0,1;0;0
L,C,1;39029;39028;0.0273;55;55;1;0;3;1;0;1550;5;5;0;0;0;0;40;0.69;5;0;0;0;0;67;"Gilroy";0;0;0;0;0;0;0;0;0;0;0;0;0;0;0;0;0;0;0;0;0;0;0;0;0;0;0;0;0;0;0;0;0;0;0;0;0;"";"",13.73,27.46,41.19,41.19,15,30,1.75,2.5,2,31;0;0,1;0,1;0;0
