HighwayLayerLogX,"X:\TM1_2015_Base_Network\hwy\freeflow.net",4,64,6/21/2021 8:52:59 PM
Node,N,X,Y,GGFARE
Link,A,B,DISTANCE,SPDCLASS,CAPCLASS,LANES,TSIN,GL,USE,OT,CAP,AT,FT,SIGCOR,TOS,AUX,YEAR,FFS,FFT,FT2000,ROUTENUM,HOT,TOLLCLASS,STATE,CITYID,CITYNAME[33],REGFREIGHT,BRT,TOLLEA_DA,TOLLEA_S2,TOLLEA_S3,TOLLEA_VSM,TOLLEA_SML,TOLLEA_MED,TOLLEA_LRG,TOLLAM_DA,TOLLAM_S2,TOLLAM_S3,TOLLAM_VSM,TOLLAM_SML,TOLLAM_MED,TOLLAM_LRG,TOLLMD_DA,TOLLMD_S2,TOLLMD_S3,TOLLMD_VSM,TOLLMD_SML,TOLLMD_MED,TOLLMD_LRG,TOLLPM_DA,TOLLPM_S2,TOLLPM_S3,TOLLPM_VSM,TOLLPM_SML,TOLLPM_MED,TOLLPM_LRG,TOLLEV_DA,TOLLEV_S2,TOLLEV_S3,TOLLEV_VSM,TOLLEV_SML,TOLLEV_MED,TOLLEV_LRG,ROUTEDIR[1]
L,C,0;11699;11700;0.11;47;47;2;0;6;1;0;1050,3;7;0;0;0;0;35,0.1886;7;0;0;0;0;163;"Vallejo";0;0;0;0;0;0;0;0;0;0;0;0;0;0;0;0;0;0;0;0;0;0;0;0;0;0;0;0;0;0;0;0;0;0;0;0;0;""
L,C,0;11700;11699;0.11;37;37;2;0;6;1;0;1000;3;7;0;0;0;0;30;0.22;7;0;0;0;0;163;"Vallejo";0;0;0;0;0;0;0;0;0;0;0;0;0;0;0;0;0;0;0;0;0;0;0;0;0;0;0;0;0;0;0;0;0;0;0;0;0;""
L,C,1;12571;12573,0.4055;34;34;1;0;3;1;0;700,2;4;0;0;0;0;25,0.9732;4;0;0;0;0;153;"Sunnyvale";0;0;0;0;0;0;0;0;0;0;0;0;0;0;0;0;0;0;0;0;0;0;0;0;0;0;0;0;0;0;0;0;0;0;0;0;0;""
L,C,1;12573;12571,0.4055;24;24;1;0;3;1;0;700;2;4;0;0;0;0;20,1.2166;4;0;0;0;0;153;"Sunnyvale";0;0;0;0;0;0;0;0;0;0;0;0;0;0;0;0;0;0;0;0;0;0;0;0;0;0;0;0;0;0;0;0;0;0;0;0;0;""
L,C,2;2456;3008;0.89;34;34;1;0;4;1;0;700,4;4;0;0;0;0;25;2.136;4;0;0;0;0;110;"Oakland";0;0;0;0;0;0;0;0;0;0;0;0;0;0;0;0;0;0;0;0;0;0;0;0;0;0;0;0;0;0;0;0;0;0;0;0;0;""
L,C,2;3008;2456;0.89;44;44;2;0;4;1;0;900;4;4;0;0;0;0;30;1.78;4;0;0;0;0;110;"Oakland";0;0;0;0;0;0;0;0;0;0;0;0;0;0;0;0;0;0;0;0;0;0;0;0;0;0;0;0;0;0;0;0;0;0;0;0;0;""
L,C,0;2759;9407,0.0536;36;36;7;1;4;1;0;0,4;6;0;0;0;0;18;0;6;0;0;0;0;87;"Livermore";0;0;0;0;0;0;0;0;0;0;0;0;0;0;0;0;0;0;0;0;0;0;0;0;0;0;0;0;0;0;0;0;0;0;0;0;0;""
L,C,0;9407;2759,0.0536;56;56;7;1;4;1;0;0,4;6;0;0;0;0;18;0;6;0;0;0;0;154;"Sunol";0;0;0;0;0;0;0;0;0;0;0;0;0;0;0;0;0;0;0;0;0;0;0;0;0;0;0;0;0;0;0;0;0;0;0;0;0;""
L,C,1;2861;2886,0.1371;17;17;2;0;4;1;0;950;1;7;0;0;0;0;25,0.3289;7;0;0;0;0;110;"Oakland";0;0;0;0;0;0;0;0;0;0;0;0;0;0;0;0;0;0;0;0;0;0;0;0;0;0;0;0;0;0;0;0;0;0;0;0;0;""
L,C,1;2886;2861,0.1371;27;27;2;0;4;1;0;1000,1;7;0;0;0;0;30,0.2741;7;0;0;0;0;110;"Oakland";0;0;0;0;0;0;0;0;0;0;0;0;0;0;0;0;0;0;0;0;0;0;0;0;0;0;0;0;0;0;0;0;0;0;0;0;0;""
L,C,2;3008;3018;0.39;34;34;1;0;4;1;0;700,4;4;0;0;0;0;25;0.936;4;0;0;0;0;110;"Oakland";0;0;0;0;0;0;0;0;0;0;0;0;0;0;0;0;0;0;0;0;0;0;0;0;0;0;0;0;0;0;0;0;0;0;0;0;0;""
L,C,2;3018;3008;0.39;44;44;2;0;4;1;0;900;4;4;0;0;0;0;30;0.78;4;0;0;0;0;110;"Oakland";0;0;0;0;0;0;0;0;0;0;0;0;0;0;0;0;0;0;0;0;0;0;0;0;0;0;0;0;0;0;0;0;0;0;0;0;0;""
L,C,0;3336;3340;0.37;34;34;2;0;4;1;0;700,4;4;0;0;0;0;25;0.888;4;0;0;0;0;132;"San Leandro";0;0;0;0;0;0;0;0;0;0;0;0;0;0;0;0;0;0;0;0;0;0;0;0;0;0;0;0;0;0;0;0;0;0;0;0;0;""
L,C,0;3340;3336;0.37;44;44;1;0;4;1;0;900;4;4;0;0;0;0;30;0.74;4;0;0;0;0;132;"San Leandro";0;0;0;0;0;0;0;0;0;0;0;0;0;0;0;0;0;0;0;0;0;0;0;0;0;0;0;0;0;0;0;0;0;0;0;0;0;""
N,C,1;3983,594959.3094,4173449.8453;0
L,C,1;3982;3983,0.14865;59;59;1;0;4;1;0;2050;4;1;0;1;0;0;50;0.18;1;0;0;0;1;47;"Dublin";0;0;0;0;0;0;0;0;0;0;0;0;0;0;0;0;0;0;0;0;0;0;0;0;0;0;0;0;0;0;0;0;0;0;0;0;0;""
L,C,1;3983;4019,0.14079;42;42;5;0;4;1;0;2150;4;2;0;0;0;0;65;0.12923;2;680;0;0;1;47;"Dublin";1;0;0;0;0;0;0;0;0;0;0;0;0;0;0;0;0;0;0;0;0;0;0;0;0;0;0;0;0;0;0;0;0;0;0;0;0;"N"
L,C,1;3983;9547;0;46;46;7;1;4;1;0;0;4;6;0;0;0;0;18;0;6;0;0;0;0;47;"Dublin";0;0;0;0;0;0;0;0;0;0;0;0;0;0;0;0;0;0;0;0;0;0;0;0;0;0;0;0;0;0;0;0;0;0;0;0;0;""
L,C,1;4003;3983,0.33901;42;42;3;0;4;1;0;2150;4;2;0;0;0;0;65;0.31385;2;680;0;0;1;190;"Pleasanton";1;0;0;0;0;0;0;0;0;0;0;0;0;0;0;0;0;0;0;0;0;0;0;0;0;0;0;0;0;0;0;0;0;0;0;0;0;"N"
L,C,1;4030;3983,0.39971;59;59;1;0;4;1;0;2050;4;1;0;1;0;0;50;0.48;1;0;0;0;1;190;"Pleasanton";0;0;0;0;0;0;0;0;0;0;0;0;0;0;0;0;0;0;0;0;0;0;0;0;0;0;0;0;0;0;0;0;0;0;0;0;0;""
L,C,1;9547;3983;0;56;56;7;1;4;1;0;0;5;6;0;0;0;0;18;0;6;0;0;0;0;47;"Dublin";0;0;0;0;0;0;0;0;0;0;0;0;0;0;0;0;0;0;0;0;0;0;0;0;0;0;0;0;0;0;0;0;0;0;0;0;0;""
L,C,2;3983;9547;0;46;46;7;1;4;1;0;0;4;6;0;0;0;0;18;0;6;0;0;0;0;47;"Dublin";0;0;0;0;0;0;0;0;0;0;0;0;0;0;0;0;0;0;0;0;0;0;0;0;0;0;0;0;0;0;0;0;0;0;0;0;0;""
L,C,2;9547;3983;0;56;56;7;1;4;1;0;0,4;6;0;0;0;0;18;0;6;0;0;0;0;47;"Dublin";0;0;0;0;0;0;0;0;0;0;0;0;0;0;0;0;0;0;0;0;0;0;0;0;0;0;0;0;0;0;0;0;0;0;0;0;0;""
L,C,0;3995;9529,0.0509;36;36;7;1;4;1;0;0,4;6;0;0;0;0;18;0;6;0;0;0;0;87;"Livermore";0;0;0;0;0;0;0;0;0;0;0;0;0;0;0;0;0;0;0;0;0;0;0;0;0;0;0;0;0;0;0;0;0;0;0;0;0;""
L,C,0;9529;3995,0.0509;56;56;7;1;4;1;0;0,4;6;0;0;0;0;18;0;6;0;0;0;0;154;"Sunol";0;0;0;0;0;0;0;0;0;0;0;0;0;0;0;0;0;0;0;0;0;0;0;0;0;0;0;0;0;0;0;0;0;0;0;0;0;""
L,C,1;4003;9546;0;46;46;7;1;4;1;0;0;4;6;0;0;0;0;18;0;6;0;0;0;0;190;"Pleasanton";0;0;0;0;0;0;0;0;0;0;0;0;0;0;0;0;0;0;0;0;0;0;0;0;0;0;0;0;0;0;0;0;0;0;0;0;0;""
L,C,1;9546;4003;0;56;56;7;1;4;1;0;0,4;6;0;0;0;0;18;0;6;0;0;0;0;190;"Pleasanton";0;0;0;0;0;0;0;0;0;0;0;0;0;0;0;0;0;0;0;0;0;0;0;0;0;0;0;0;0;0;0;0;0;0;0;0;0;""
L,C,2;4019;9548;0;46;46;7;1;4;1;0;0;4;6;0;0;0;0;18;0;6;0;0;0;0;47;"Dublin";0;0;0;0;0;0;0;0;0;0;0;0;0;0;0;0;0;0;0;0;0;0;0;0;0;0;0;0;0;0;0;0;0;0;0;0;0;""
L,C,2;9548;4019;0;56;56;7;1;4;1;0;0,4;6;0;0;0;0;18;0;6;0;0;0;0;47;"Dublin";0;0;0;0;0;0;0;0;0;0;0;0;0;0;0;0;0;0;0;0;0;0;0;0;0;0;0;0;0;0;0;0;0;0;0;0;0;""
L,C,0;4040;9432,0.0525;36;36;7;1;4;1;0;0,4;6;0;0;0;0;18;0;6;0;0;0;0;87;"Livermore";0;0;0;0;0;0;0;0;0;0;0;0;0;0;0;0;0;0;0;0;0;0;0;0;0;0;0;0;0;0;0;0;0;0;0;0;0;""
L,C,0;9432;4040,0.0525;56;56;7;1;4;1;0;0,4;6;0;0;0;0;18;0;6;0;0;0;0;154;"Sunol";0;0;0;0;0;0;0;0;0;0;0;0;0;0;0;0;0;0;0;0;0;0;0;0;0;0;0;0;0;0;0;0;0;0;0;0;0;""
L,C,1;4045;9528,0.0558;36;36;7;1;4;1;0;0,4;6;0;0;0;0;18;0;6;0;0;0;0;87;"Livermore";0;0;0;0;0;0;0;0;0;0;0;0;0;0;0;0;0;0;0;0;0;0;0;0;0;0;0;0;0;0;0;0;0;0;0;0;0;""
L,C,1;9528;4045,0.0558;56;56;7;1;4;1;0;0,4;6;0;0;0;0;18;0;6;0;0;0;0;154;"Sunol";0;0;0;0;0;0;0;0;0;0;0;0;0;0;0;0;0;0;0;0;0;0;0;0;0;0;0;0;0;0;0;0;0;0;0;0;0;""
L,C,2;4105;9472;0;46;46;7;1;4;1;0;0;4;6;0;0;0;0;18;0;6;0;0;0;0;190;"Pleasanton";0;0;0;0;0;0;0;0;0;0;0;0;0;0;0;0;0;0;0;0;0;0;0;0;0;0;0;0;0;0;0;0;0;0;0;0;0;""
L,C,2;9472;4105;0;56;56;7;1;4;1;0;0,4;6;0;0;0;0;18;0;6;0;0;0;0;190;"Pleasanton";0;0;0;0;0;0;0;0;0;0;0;0;0;0;0;0;0;0;0;0;0;0;0;0;0;0;0;0;0;0;0;0;0;0;0;0;0;""
L,C,0;4135;9545;0;46;46;7;1;4;1;0;0;4;6;0;0;0;0;18;0;6;0;0;0;0;190;"Pleasanton";0;0;0;0;0;0;0;0;0;0;0;0;0;0;0;0;0;0;0;0;0;0;0;0;0;0;0;0;0;0;0;0;0;0;0;0;0;""
L,C,0;9545;4135;0;56;56;7;1;4;1;0;0,4;6;0;0;0;0;18;0;6;0;0;0;0;190;"Pleasanton";0;0;0;0;0;0;0;0;0;0;0;0;0;0;0;0;0;0;0;0;0;0;0;0;0;0;0;0;0;0;0;0;0;0;0;0;0;""
L,C,1;5455;5468;0.21;27;27;2;0;3;1;0;1000;2;7;0;0;0;0;30;0.42;7;0;0;0;0;153;"Sunnyvale";0;0;0;0;0;0;0;0;0;0;0;0;0;0;0;0;0;0;0;0;0;0;0;0;0;0;0;0;0;0;0;0;0;0;0;0;0;""
L,C,1;5468;5455;0.21;37;37;2;0;3;1;0;1000,2;7;0;0;0;0;30;0.42;7;0;0;0;0;153;"Sunnyvale";0;0;0;0;0;0;0;0;0;0;0;0;0;0;0;0;0;0;0;0;0;0;0;0;0;0;0;0;0;0;0;0;0;0;0;0;0;""
L,C,2;5459;5468;0.06;27;27;1;0;3;1;0;1000;2;7;0;0;0;0;30;0.12;7;0;0;0;0;153;"Sunnyvale";0;0;0;0;0;0;0;0;0;0;0;0;0;0;0;0;0;0;0;0;0;0;0;0;0;0;0;0;0;0;0;0;0;0;0;0;0;""
L,C,2;5468;5459;0.06;37;37;2;0;3;1;0;1000,2;7;0;0;0;0;30;0.12;7;0;0;0;0;153;"Sunnyvale";0;0;0;0;0;0;0;0;0;0;0;0;0;0;0;0;0;0;0;0;0;0;0;0;0;0;0;0;0;0;0;0;0;0;0;0;0;""
L,C,0;5467;5468;0.04;54;54;1;0;3;1;0;950,2;4;0;0;0;0;35,0.0686;4;0;0;0;0;153;"Sunnyvale";0;0;0;0;0;0;0;0;0;0;0;0;0;0;0;0;0;0;0;0;0;0;0;0;0;0;0;0;0;0;0;0;0;0;0;0;0;""
L,C,0;5468;5467;0.04;27;27;2;0;3;1;0;1000;2;7;0;0;0;0;30;0.08;7;0;0;0;0;153;"Sunnyvale";0;0;0;0;0;0;0;0;0;0;0;0;0;0;0;0;0;0;0;0;0;0;0;0;0;0;0;0;0;0;0;0;0;0;0;0;0;""
L,C,1;6323;6325;0.68;47;47;2;0;2;1;0;1050,2;7;0;0;0;0;35,1.1657;7;0;0;0;0;135;"San Mateo";0;0;0;0;0;0;0;0;0;0;0;0;0;0;0;0;0;0;0;0;0;0;0;0;0;0;0;0;0;0;0;0;0;0;0;0;0;""
L,C,1;6325;6323;0.23;25;25;1;0;2;1;0;1550;2;5;0;0;0;0;35,0.3943;5;0;0;0;1;135;"San Mateo";0;0;0;0;0;0;0;0;0;0;0;0;0;0;0;0;0;0;0;0;0;0;0;0;0;0;0;0;0;0;0;0;0;0;0;0;0;""
L,C,2;6380;6523,0.7784;34;34;1;0;2;1;0;700,4;4;0;0;0;0;25,1.8681;4;0;0;0;0;147;"South San Francisco";0;0;0;0;0;0;0;0;0;0;0;0;0;0;0;0;0;0;0;0;0;0;0;0;0;0;0;0;0;0;0;0;0;0;0;0;0;""
L,C,2;6523;6380,0.7784;44;44;1;0;2;1;0;900;4;4;0;0;0;0;30,1.5567;4;0;0;0;0;147;"South San Francisco";0;0;0;0;0;0;0;0;0;0;0;0;0;0;0;0;0;0;0;0;0;0;0;0;0;0;0;0;0;0;0;0;0;0;0;0;0;""
L,C,0;6519;6520,0.1786;27;27;2;0;2;1;0;1000;2;7;0;0;0;0;30,0.3573;7;0;0;0;0;127;"San Bruno";0;0;0;0;0;0;0;0;0;0;0;0;0;0;0;0;0;0;0;0;0;0;0;0;0;0;0;0;0;0;0;0;0;0;0;0;0;""
L,C,0;6520;6519,0.1786;37;37;2;0;2;1;0;1000,2;7;0;0;0;0;30,0.3573;7;0;0;0;0;127;"San Bruno";0;0;0;0;0;0;0;0;0;0;0;0;0;0;0;0;0;0;0;0;0;0;0;0;0;0;0;0;0;0;0;0;0;0;0;0;0;""
L,C,1;6626;6628,0.2551;37;37;2;0;2;1;0;1000,2;7;0;0;0;0;30,0.5103;7;0;0;0;0;40;"Daly City";0;0;0;0;0;0;0;0;0;0;0;0;0;0;0;0;0;0;0;0;0;0;0;0;0;0;0;0;0;0;0;0;0;0;0;0;0;""
L,C,1;6628;6626,0.2551;27;27;2;0;2;1;0;1000;2;7;0;0;0;0;30,0.5103;7;0;0;0;0;40;"Daly City";0;0;0;0;0;0;0;0;0;0;0;0;0;0;0;0;0;0;0;0;0;0;0;0;0;0;0;0;0;0;0;0;0;0;0;0;0;""
L,C,2;6904;6905;0.1207;24;24;2;0;1;1;0;700,3;4;0;0;0;0;20;0.3621;4;0;0;0;0;129;"San Francisco";0;0;0;0;0;0;0;0;0;0;0;0;0;0;0;0;0;0;0;0;0;0;0;0;0;0;0;0;0;0;0;0;0;0;0;0;0;""
L,C,2;6905;6904;0.1207;34;34;2;0;1;1;0;700;3;4;0;0;0;0;25,0.2897;4;0;0;0;0;129;"San Francisco";0;0;0;0;0;0;0;0;0;0;0;0;0;0;0;0;0;0;0;0;0;0;0;0;0;0;0;0;0;0;0;0;0;0;0;0;0;""
L,C,0;6904;6906;0.54;24;24;1;0;1;1;0;700,3;4;0;0;0;0;20;1.62;4;0;0;0;0;129;"San Francisco";0;0;0;0;0;0;0;0;0;0;0;0;0;0;0;0;0;0;0;0;0;0;0;0;0;0;0;0;0;0;0;0;0;0;0;0;0;""
L,C,0;6906;6904;0.7;37;37;3;0;1;1;0;1000;3;7;0;0;0;0;30;1.4;7;0;0;0;0;129;"San Francisco";0;0;0;0;0;0;0;0;0;0;0;0;0;0;0;0;0;0;0;0;0;0;0;0;0;0;0;0;0;0;0;0;0;0;0;0;0;""
N,C,1;3265,567533.18824,4177947.30658;0
L,C,1;3252;3265,0.44993;47;47;2;0;4;1;0;1050;4;7;0;0;0;0;35;0.85714;7;61;0;0;1;1;"Alameda";0;0;0;0;0;0;0;0;0;0;0;0;0;0;0;0;0;0;0;0;0;0;0;0;0;0;0;0;0;0;0;0;0;0;0;0;0;"N"
L,C,1;3258;3265,0.34257;47;47;2;0;4;1;0;1050;4;7;0;0;0;0;35;0.54857;7;61;0;0;1;1;"Alameda";0;0;0;0;0;0;0;0;0;0;0;0;0;0;0;0;0;0;0;0;0;0;0;0;0;0;0;0;0;0;0;0;0;0;0;0;0;"S"
L,C,1;3264;3265,0.60528;44;44;2;0;4;1;0;900;4;4;0;0;0;0;30;1.17992;4;0;0;0;0;1;"Alameda";0;0;0;0;0;0;0;0;0;0;0;0;0;0;0;0;0;0;0;0;0;0;0;0;0;0;0;0;0;0;0;0;0;0;0;0;0;""
L,C,1;3265;3252,0.44993;43;43;2;0;4;1;0;1650;4;3;0;0;0;0;50;0.6;3;61;0;0;1;1;"Alameda";0;0;0;0;0;0;0;0;0;0;0;0;0;0;0;0;0;0;0;0;0;0;0;0;0;0;0;0;0;0;0;0;0;0;0;0;0;"S"
L,C,1;3265;3258,0.34257;47;47;2;0;4;1;0;1050;4;7;0;0;0;0;35;0.54857;7;61;0;0;1;1;"Alameda";0;0;0;0;0;0;0;0;0;0;0;0;0;0;0;0;0;0;0;0;0;0;0;0;0;0;0;0;0;0;0;0;0;0;0;0;0;"N"
L,C,1;3265;3264,0.60528;44;44;2;0;4;1;0;900;4;4;0;0;0;0;30;1.17992;4;0;0;0;0;1;"Alameda";0;0;0;0;0;0;0;0;0;0;0;0;0;0;0;0;0;0;0;0;0;0;0;0;0;0;0;0;0;0;0;0;0;0;0;0;0;""
L,C,2;4296;5140;0.38;47;47;1;0;3;1;0;1050;4,4;0;0;0;0;35,0.6514;7;0;0;0;0;131;"San Jose";0;0;0;0;0;0;0;0;0;0;0;0;0;0;0;0;0;0;0;0;0;0;0;0;0;0;0;0;0;0;0;0;0;0;0;0;0;""
L,C,2;5140;4296;0.38;44;44;1;0;3;1;0;900;4;4;0;0;0;0;30;0.76;4;0;0;0;0;131;"San Jose";0;0;0;0;0;0;0;0;0;0;0;0;0;0;0;0;0;0;0;0;0;0;0;0;0;0;0;0;0;0;0;0;0;0;0;0;0;""
L,C,0;4572;4574,0.7235;47;47;2;0;3;1;0;1050;4;7;0;0;0;0;35,1.2402;7;0;0;0;0;131;"San Jose";0;0;0;0;0;0;0;0;0;0;0;0;0;0;0;0;0;0;0;0;0;0;0;0;0;0;0;0;0;0;0;0;0;0;0;0;0;""
L,C,0;4574;4572,0.7235;44;44;1;0;3;1;0;900;4,7;0;0;0;0;30,1.4469;4;0;0;0;0;131;"San Jose";0;0;0;0;0;0;0;0;0;0;0;0;0;0;0;0;0;0;0;0;0;0;0;0;0;0;0;0;0;0;0;0;0;0;0;0;0;""
L,C,1;4955;4956;0.25;17;17;2;0;3;1;0;950;1;7;0;0;0;0;25;0.6;7;0;0;0;0;131;"San Jose";0;0;0;0;0;0;0;0;0;0;0;0;0;0;0;0;0;0;0;0;0;0;0;0;0;0;0;0;0;0;0;0;0;0;0;0;0;""
L,C,1;4956;4955;0.25;14;14;2;0;3;1;0;650;1,7;0;0;0;0;15;1;4;0;0;0;0;131;"San Jose";0;0;0;0;0;0;0;0;0;0;0;0;0;0;0;0;0;0;0;0;0;0;0;0;0;0;0;0;0;0;0;0;0;0;0;0;0;""
L,C,2;5672;12558,0.167;27;27;2;0;3;1;0;1000;2;7;0;0;0;0;30,0.3339;7;0;0;0;0;139;"Santa Clara";0;0;0;0;0;0;0;0;0;0;0;0;0;0;0;0;0;0;0;0;0;0;0;0;0;0;0;0;0;0;0;0;0;0;0;0;0;""
L,C,2;12558;5672,0.167;24;24;1;0;3;1;0;700;2,7;0;0;0;0;20,0.5009;4;0;0;0;0;139;"Santa Clara";0;0;0;0;0;0;0;0;0;0;0;0;0;0;0;0;0;0;0;0;0;0;0;0;0;0;0;0;0;0;0;0;0;0;0;0;0;""
L,C,0;5389;12558,0.2365;27;27;2;0;3;1;0;1000;2;7;0;0;0;0;30,0.4729;7;0;0;0;0;139;"Santa Clara";0;0;0;0;0;0;0;0;0;0;0;0;0;0;0;0;0;0;0;0;0;0;0;0;0;0;0;0;0;0;0;0;0;0;0;0;0;""
L,C,0;12558;5389,0.2365;24;24;1;0;3;1;0;700;2,7;0;0;0;0;20,0.7094;4;0;0;0;0;139;"Santa Clara";0;0;0;0;0;0;0;0;0;0;0;0;0;0;0;0;0;0;0;0;0;0;0;0;0;0;0;0;0;0;0;0;0;0;0;0;0;""
L,C,1;5467;5468;0.04;54;54;1;0;3;1;0;950;2,7;0;0;0;0;35;0.0686;4;0;0;0;0;153;"Sunnyvale";0;0;0;0;0;0;0;0;0;0;0;0;0;0;0;0;0;0;0;0;0;0;0;0;0;0;0;0;0;0;0;0;0;0;0;0;0;""
L,C,1;5468;5467;0.04;27;27;2;0;3;1;0;1000;2;7;0;0;0;0;30;0.08;7;0;0;0;0;153;"Sunnyvale";0;0;0;0;0;0;0;0;0;0;0;0;0;0;0;0;0;0;0;0;0;0;0;0;0;0;0;0;0;0;0;0;0;0;0;0;0;""
L,C,2;6323;6325;0.68;47;47;2;0;2;1;0;1050;2,5;0;0;0;0;35;1.1657;7;0;0;0;0;135;"San Mateo";0;0;0;0;0;0;0;0;0;0;0;0;0;0;0;0;0;0;0;0;0;0;0;0;0;0;0;0;0;0;0;0;0;0;0;0;0;""
L,C,2;6325;6323;0.23;25;25;1;0;2;1;0;1550;2;5;0;0;0;0;35;0.3943;5;0;0;0;1;135;"San Mateo";0;0;0;0;0;0;0;0;0;0;0;0;0;0;0;0;0;0;0;0;0;0;0;0;0;0;0;0;0;0;0;0;0;0;0;0;0;""
L,C,0;6659;6660;0.67;27;27;2;0;2;1;0;1000;2;7;0;0;0;0;30;1.34;7;0;0;0;0;40;"Daly City";0;0;0;0;0;0;0;0;0;0;0;0;0;0;0;0;0;0;0;0;0;0;0;0;0;0;0;0;0;0;0;0;0;0;0;0;0;""
L,C,0;6660;6659;0.67;24;24;2;0;2;1;0;700;2,7;0;0;0;0;20;2.01;4;0;0;0;0;40;"Daly City";0;0;0;0;0;0;0;0;0;0;0;0;0;0;0;0;0;0;0;0;0;0;0;0;0;0;0;0;0;0;0;0;0;0;0;0;0;""
L,C,1;6904;6906;0.54;24;24;1;0;1;1;0;700;3,7;0;0;0;0;20;1.62;4;0;0;0;0;129;"San Francisco";0;0;0;0;0;0;0;0;0;0;0;0;0;0;0;0;0;0;0;0;0;0;0;0;0;0;0;0;0;0;0;0;0;0;0;0;0;""
L,C,1;6906;6904;0.7;37;37;3;0;1;1;0;1000;3;7;0;0;0;0;30;1.4;7;0;0;0;0;129;"San Francisco";0;0;0;0;0;0;0;0;0;0;0;0;0;0;0;0;0;0;0;0;0;0;0;0;0;0;0;0;0;0;0;0;0;0;0;0;0;""
L,C,2;8579;8580;1.1;57;57;1;0;8;1;0;1050;5,4;0;0;0;0;40;1.65;7;0;0;0;0;180;"Sonoma County Remainder";0;0;0;0;0;0;0;0;0;0;0;0;0;0;0;0;0;0;0;0;0;0;0;0;0;0;0;0;0;0;0;0;0;0;0;0;0;""
L,C,2;8580;8579;1.1;54;54;1;0;8;1;0;950;5;4;0;0;0;0;35,1.8857;4;0;0;0;0;180;"Sonoma County Remainder";0;0;0;0;0;0;0;0;0;0;0;0;0;0;0;0;0;0;0;0;0;0;0;0;0;0;0;0;0;0;0;0;0;0;0;0;0;""
L,C,0;3252;3265,0.4499;47;47;2;0;4;1;0;1050;4,3;0;0;0;0;35,0.8571;7;61;0;0;1;1;"Alameda";0;0;0;0;0;0;0;0;0;0;0;0;0;0;0;0;0;0;0;0;0;0;0;0;0;0;0;0;0;0;0;0;0;0;0;0;0;"N"
L,C,0;3265;3252,0.4499;43;43;2;0;4;1;0;1650;4;3;0;0;0;0;50;0.6;3;61;0;0;1;1;"Alameda";0;0;0;0;0;0;0;0;0;0;0;0;0;0;0;0;0;0;0;0;0;0;0;0;0;0;0;0;0;0;0;0;0;0;0;0;0;"S"
