HighwayLayerLogX,"C:\Users\bespin\Documents\GitHub\TM1_2015_Base_Network\hwy\freeflow.net",4,64,2/4/2020 1:56:21 PM
Node,N,X,Y,GGFARE
Link,A,B,DISTANCE,SPDCLASS,CAPCLASS,LANES,TSIN,GL,USE,OT,CAP,AT,FT,SIGCOR,TOS,AUX,YEAR,FFS,FFT,FT2000,ROUTENUM,HOT,TOLLCLASS,STATE,CITYID,CITYNAME[33],REGFREIGHT,BRT,TOLLEA_DA,TOLLEA_S2,TOLLEA_S3,TOLLEA_VSM,TOLLEA_SML,TOLLEA_MED,TOLLEA_LRG,TOLLAM_DA,TOLLAM_S2,TOLLAM_S3,TOLLAM_VSM,TOLLAM_SML,TOLLAM_MED,TOLLAM_LRG,TOLLMD_DA,TOLLMD_S2,TOLLMD_S3,TOLLMD_VSM,TOLLMD_SML,TOLLMD_MED,TOLLMD_LRG,TOLLPM_DA,TOLLPM_S2,TOLLPM_S3,TOLLPM_VSM,TOLLPM_SML,TOLLPM_MED,TOLLPM_LRG,TOLLEV_DA,TOLLEV_S2,TOLLEV_S3,TOLLEV_VSM,TOLLEV_SML,TOLLEV_MED,TOLLEV_LRG,ROUTEDIR[1]
L,C,0;10677;20363,0.1239;29;29,2;0;3;1;0;2200;5;2;0;1;0;0;65,0.1143;2;101;0;0;1;178;"S.C. County Remainder";1;0;0;0;0;0;0;0;0;0;0;0;0;0;0;0;0;0;0;0;0;0;0;0;0;0;0;0;0;0;0;0;0;0;0;0;0;"N"
L,C,0;20363;10677,0.1239;29;29,2;0;3;1;0;2200;5;2;0;1;0;0;65,0.1143;2;101;0;0;1;178;"S.C. County Remainder";1;0;0;0;0;0;0;0;0;0;0;0;0;0;0;0;0;0;0;0;0;0;0;0;0;0;0;0;0;0;0;0;0;0;0;0;0;"S"
L,C,1;4187;20364;0.15;52;52,2;0;3;1;0;2150;5;2;0;0;0;0;65,0.1385;3;101;0;0;1;178;"S.C. County Remainder";1;0;0;0;0;0;0;0;0;0;0;0;0;0;0;0;0;0;0;0;0;0;0;0;0;0;0;0;0;0;0;0;0;0;0;0;0;"S"
L,C,1;20364;4187;0.15;52;52,2;0;3;1;0;2150;5;2;0;0;0;0;65,0.1385;3;101;0;0;1;178;"S.C. County Remainder";1;0;0;0;0;0;0;0;0;0;0;0;0;0;0;0;0;0;0;0;0;0;0;0;0;0;0;0;0;0;0;0;0;0;0;0;0;"N"
L,C,2;4187;10677,0.0261;29;29,2;0;3;1;0;2200;5;2;0;1;0;0;65,0.0241;2;101;0;0;1;178;"S.C. County Remainder";1;0;0;0;0;0;0;0;0;0;0;0;0;0;0;0;0;0;0;0;0;0;0;0;0;0;0;0;0;0;0;0;0;0;0;0;0;"N"
L,C,2;10677;4187,0.0261;29;29,2;0;3;1;0;2200;5;2;0;1;0;0;65,0.0241;2;101;0;0;1;178;"S.C. County Remainder";1;0;0;0;0;0;0;0;0;0;0;0;0;0;0;0;0;0;0;0;0;0;0;0;0;0;0;0;0;0;0;0;0;0;0;0;0;"S"
L,C,0;4465;4406;0.87;19;19,4;0;3;1;0;2150;3;2;0;1;0;0;60;0.87;2;101;0;0;1;131;"San Jose";1;0;0;0;0;0;0;0;0;0;0;0;0;0;0;0;0;0;0;0;0;0;0;0;0;0;0;0;0;0;0;0;0;0;0;0;0;"S"
L,C,1;4994;5001;0.38;19;19,4;0;3;1;0;2150;3;2;0;1;1;0;60;0.38;2;101;0;0;1;131;"San Jose";1;0;0;0;0;0;0;0;0;0;0;0;0;0;0;0;0;0;0;0;0;0;0;0;0;0;0;0;0;0;0;0;0;0;0;0;0;"N"
L,C,2;4491;4465;0.38;19;19,4;0;3;1;0;2150;3;2;0;1;1;0;60;0.38;2;101;0;0;1;131;"San Jose";1;0;0;0;0;0;0;0;0;0;0;0;0;0;0;0;0;0;0;0;0;0;0;0;0;0;0;0;0;0;0;0;0;0;0;0;0;"S"
L,C,0;4498;4491;0.58;19;19,4;0;3;1;0;2150;3;2;0;1;0;0;60;0.58;2;101;0;0;1;131;"San Jose";1;0;0;0;0;0;0;0;0;0;0;0;0;0;0;0;0;0;0;0;0;0;0;0;0;0;0;0;0;0;0;0;0;0;0;0;0;"S"
L,C,1;5016;5027;0.43;19;19,3;0;3;1;0;2150;3;2;0;1;1;0;60;0.43;2;101;0;0;1;131;"San Jose";1;0;0;0;0;0;0;0;0;0;0;0;0;0;0;0;0;0;0;0;0;0;0;0;0;0;0;0;0;0;0;0;0;0;0;0;0;"S"
L,C,2;5041;5043;0.35;19;19,3;0;3;1;0;2150;3;2;0;1;0;0;60;0.35;2;101;0;0;1;131;"San Jose";1;0;0;0;0;0;0;0;0;0;0;0;0;0;0;0;0;0;0;0;0;0;0;0;0;0;0;0;0;0;0;0;0;0;0;0;0;"S"
L,C,0;5040;5041;0.23;19;19,3;0;3;1;0;2150;3;2;0;1;0;0;60;0.23;2;101;0;0;1;131;"San Jose";1;0;0;0;0;0;0;0;0;0;0;0;0;0;0;0;0;0;0;0;0;0;0;0;0;0;0;0;0;0;0;0;0;0;0;0;0;"S"
L,C,1;5718;5716;0.26;19;19,4;0;3;1;0;2150;3;2;0;1;0;0;60;0.26;2;101;0;0;1;131;"San Jose";1;0;0;0;0;0;0;0;0;0;0;0;0;0;0;0;0;0;0;0;0;0;0;0;0;0;0;0;0;0;0;0;0;0;0;0;0;"N"
L,C,2;5716;5690;0.23;19;19,4;0;3;1;0;2150;2;2;0;1;0;0;60;0.23;2;101;0;0;1;131;"San Jose";1;0;0;0;0;0;0;0;0;0;0;0;0;0;0;0;0;0;0;0;0;0;0;0;0;0;0;0;0;0;0;0;0;0;0;0;0;"N"
L,C,0;5270;5040;0.33;19;19,4;0;3;1;0;2150;2;2;0;1;0;0;60;0.33;2;101;0;0;1;131;"San Jose";1;0;0;0;0;0;0;0;0;0;0;0;0;0;0;0;0;0;0;0;0;0;0;0;0;0;0;0;0;0;0;0;0;0;0;0;0;"S"
L,C,1;5263;5264;0.49;19;19,3;0;3;1;0;2150;2;2;0;1;2;0;60;0.49;2;101;0;0;1;131;"San Jose";1;0;0;0;0;0;0;0;0;0;0;0;0;0;0;0;0;0;0;0;0;0;0;0;0;0;0;0;0;0;0;0;0;0;0;0;0;"S"
L,C,2;5695;5696;0.49;19;19,3;0;3;1;0;2150;2;2;0;1;2;0;60;0.49;2;101;0;0;1;131;"San Jose";1;0;0;0;0;0;0;0;0;0;0;0;0;0;0;0;0;0;0;0;0;0;0;0;0;0;0;0;0;0;0;0;0;0;0;0;0;"N"
L,C,0;5701;5601;0.53;19;19,3;0;3;1;0;2150;2;2;0;1;1;0;60;0.53;2;101;0;0;1;139;"Santa Clara";1;0;0;0;0;0;0;0;0;0;0;0;0;0;0;0;0;0;0;0;0;0;0;0;0;0;0;0;0;0;0;0;0;0;0;0;0;"N"
L,C,1;5604;5305;0.53;19;19,3;0;3;1;0;2150;2;2;0;1;1;0;60;0.53;2;101;0;0;1;139;"Santa Clara";1;0;0;0;0;0;0;0;0;0;0;0;0;0;0;0;0;0;0;0;0;0;0;0;0;0;0;0;0;0;0;0;0;0;0;0;0;"S"
L,C,2;5630;5496;0.38;19;19,3;0;3;1;0;2150;2;2;0;1;1;0;60;0.38;2;101;0;0;1;104;"Mountain View";1;0;0;0;0;0;0;0;0;0;0;0;0;0;0;0;0;0;0;0;0;0;0;0;0;0;0;0;0;0;0;0;0;0;0;0;0;"S"
L,C,0;5821;5641;0.29;19;19,3;0;3;1;0;2150;2;2;0;1;0;0;60;0.29;2;101;0;0;1;104;"Mountain View";1;0;0;0;0;0;0;0;0;0;0;0;0;0;0;0;0;0;0;0;0;0;0;0;0;0;0;0;0;0;0;0;0;0;0;0;0;"N"
L,C,1;5641;5819;0.7;22;22,4;0;3;1;0;2100;2;2;0;0;0;0;60;0.7;2;101;0;0;1;104;"Mountain View";1;0;0;0;0;0;0;0;0;0;0;0;0;0;0;0;0;0;0;0;0;0;0;0;0;0;0;0;0;0;0;0;0;0;0;0;0;"N"
L,C,2;5609;5627;0.53;19;19,3;0;3;1;0;2150;2;2;0;1;1;0;60;0.53;2;101;0;0;1;104;"Mountain View";1;0;0;0;0;0;0;0;0;0;0;0;0;0;0;0;0;0;0;0;0;0;0;0;0;0;0;0;0;0;0;0;0;0;0;0;0;"S"
L,C,0;5819;5818;0.5;22;22,3;0;3;1;0;2100;2;2;0;0;0;0;60;0.5;2;101;0;0;1;104;"Mountain View";1;0;0;0;0;0;0;0;0;0;0;0;0;0;0;0;0;0;0;0;0;0;0;0;0;0;0;0;0;0;0;0;0;0;0;0;0;"N"
L,C,1;5817;5816;0.3;22;22,3;0;3;1;0;2100;2;2;0;0;0;0;60;0.3;2;101;0;0;1;104;"Mountain View";1;0;0;0;0;0;0;0;0;0;0;0;0;0;0;0;0;0;0;0;0;0;0;0;0;0;0;0;0;0;0;0;0;0;0;0;0;"N"
L,C,2;20536;5606;0.3;19;19,3;0;3;1;0;2150;2;2;0;1;1;0;60;0.3;2;101;0;0;1;186;"Palo Alto";1;0;0;0;0;0;0;0;0;0;0;0;0;0;0;0;0;0;0;0;0;0;0;0;0;0;0;0;0;0;0;0;0;0;0;0;0;"S"
L,C,0;5596;20536;0.3;19;19,3;0;3;1;0;2150;2;2;0;1;1;0;60;0.3;2;101;0;0;1;186;"Palo Alto";1;0;0;0;0;0;0;0;0;0;0;0;0;0;0;0;0;0;0;0;0;0;0;0;0;0;0;0;0;0;0;0;0;0;0;0;0;"S"
L,C,1;5815;20305;0.625;32;32,3;0;3;1;0;2100;3;2;0;0;0;0;60;0.625;2;101;0;0;1;186;"Palo Alto";1;0;0;0;0;0;0;0;0;0;0;0;0;0;0;0;0;0;0;0;0;0;0;0;0;0;0;0;0;0;0;0;0;0;0;0;0;"N"
L,C,2;20304;5596;0.625;19;19,3;0;3;1;0;2150;3;2;0;1;1;0;60;0.625;2;101;0;0;1;186;"Palo Alto";1;0;0;0;0;0;0;0;0;0;0;0;0;0;0;0;0;0;0;0;0;0;0;0;0;0;0;0;0;0;0;0;0;0;0;0;0;"S"
L,C,0;5859;20304;0.625;19;19,3;0;3;1;0;2150;3;2;0;1;1;0;60;0.625;2;101;0;0;1;186;"Palo Alto";1;0;0;0;0;0;0;0;0;0;0;0;0;0;0;0;0;0;0;0;0;0;0;0;0;0;0;0;0;0;0;0;0;0;0;0;0;"S"
L,C,1;20305;5814;0.625;32;32,3;0;3;1;0;2100;3;2;0;0;0;0;60;0.625;2;101;0;0;1;186;"Palo Alto";1;0;0;0;0;0;0;0;0;0;0;0;0;0;0;0;0;0;0;0;0;0;0;0;0;0;0;0;0;0;0;0;0;0;0;0;0;"N"
L,C,2;9350;9354;0.89;19;19,1;0;3;2;0;2150;3;2;0;1;0;0;60;0.89;2;101;0;0;1;186;"Palo Alto";1;0;0;0;0;0;0;0;0;0;0;0;0;0;0;0;0;0;0;0;0;0;0;0;0;0;0;0;0;0;0;0;0;0;0;0;0;"S"
L,C,0;9355;20087;0.89;19;19,1;0;3;2;0;2150;3;2;0;1;0;0;60;0.89;2;101;0;0;1;186;"Palo Alto";1;0;0;0;0;0;0;0;0;0;0;0;0;0;0;0;0;0;0;0;0;0;0;0;0;0;0;0;0;0;0;0;0;0;0;0;0;"N"
L,C,1;5964;5966;0.64;19;19,3;0;2;1;0;2150;3;2;0;1;1;0;60;0.64;2;101;0;0;1;49;"East Palo Alto";1;0;0;0;0;0;0;0;0;0;0;0;0;0;0;0;0;0;0;0;0;0;0;0;0;0;0;0;0;0;0;0;0;0;0;0;0;"S"
L,C,2;5950;5949;0.51;19;19,3;0;2;1;0;2150;3;2;0;1;1;0;60;0.51;2;101;0;0;1;49;"East Palo Alto";1;0;0;0;0;0;0;0;0;0;0;0;0;0;0;0;0;0;0;0;0;0;0;0;0;0;0;0;0;0;0;0;0;0;0;0;0;"N"
L,C,0;5962;5963;0.51;19;19,3;0;2;1;0;2150;3;2;0;1;1;0;60;0.51;2;101;0;0;1;49;"East Palo Alto";1;0;0;0;0;0;0;0;0;0;0;0;0;0;0;0;0;0;0;0;0;0;0;0;0;0;0;0;0;0;0;0;0;0;0;0;0;"S"
L,C,1;6118;5997;1.33;19;19,3;0;2;1;0;2150;3;2;0;1;1;0;60;1.33;2;101;0;0;1;118;"Redwood City";1;0;0;0;0;0;0;0;0;0;0;0;0;0;0;0;0;0;0;0;0;0;0;0;0;0;0;0;0;0;0;0;0;0;0;0;0;"S"
L,C,2;6151;6150;0.55;19;19,3;0;2;1;0;2150;2;2;0;1;0;0;60;0.55;2;101;0;0;1;118;"Redwood City";1;0;0;0;0;0;0;0;0;0;0;0;0;0;0;0;0;0;0;0;0;0;0;0;0;0;0;0;0;0;0;0;0;0;0;0;0;"N"
L,C,0;6117;6118;0.55;19;19,3;0;2;1;0;2150;2;2;0;1;0;0;60;0.55;2;101;0;0;1;118;"Redwood City";1;0;0;0;0;0;0;0;0;0;0;0;0;0;0;0;0;0;0;0;0;0;0;0;0;0;0;0;0;0;0;0;0;0;0;0;0;"S"
L,C,1;6115;6117;0.87;19;19,3;0;2;1;0;2150;2;2;0;1;1;0;60;0.87;2;101;0;0;1;118;"Redwood City";1;0;0;0;0;0;0;0;0;0;0;0;0;0;0;0;0;0;0;0;0;0;0;0;0;0;0;0;0;0;0;0;0;0;0;0;0;"S"
L,C,2;6150;6149;0.87;19;19,3;0;2;1;0;2150;2;2;0;1;1;0;60;0.87;2;101;0;0;1;118;"Redwood City";1;0;0;0;0;0;0;0;0;0;0;0;0;0;0;0;0;0;0;0;0;0;0;0;0;0;0;0;0;0;0;0;0;0;0;0;0;"N"
L,C,0;6385;6386;0.06;19;19,4;0;2;1;0;2150;3;2;0;1;1;0;60;0.06;2;101;0;0;1;135;"San Mateo";1;0;0;0;0;0;0;0;0;0;0;0;0;0;0;0;0;0;0;0;0;0;0;0;0;0;0;0;0;0;0;0;0;0;0;0;0;"N"
L,C,1;6359;6362;0.06;19;19,4;0;2;1;0;2150;3;2;0;1;1;0;60;0.06;2;101;0;0;1;135;"San Mateo";1;0;0;0;0;0;0;0;0;0;0;0;0;0;0;0;0;0;0;0;0;0;0;0;0;0;0;0;0;0;0;0;0;0;0;0;0;"S"
L,C,2;6323;6343;1.05;19;19,4;0;2;1;0;2150;2;2;0;1;1;0;60;1.05;2;101;0;0;1;135;"San Mateo";1;0;0;0;0;0;0;0;0;0;0;0;0;0;0;0;0;0;0;0;0;0;0;0;0;0;0;0;0;0;0;0;0;0;0;0;0;"S"
L,C,0;6109;6110;0.15;19;19,4;0;2;1;0;2150;2;2;0;1;1;0;60;0.15;2;101;0;0;1;135;"San Mateo";1;0;0;0;0;0;0;0;0;0;0;0;0;0;0;0;0;0;0;0;0;0;0;0;0;0;0;0;0;0;0;0;0;0;0;0;0;"N"
L,C,1;6110;6341;0.5;19;19,4;0;2;1;0;2150;2;2;0;1;1;0;60;0.5;2;101;0;0;1;135;"San Mateo";1;0;0;0;0;0;0;0;0;0;0;0;0;0;0;0;0;0;0;0;0;0;0;0;0;0;0;0;0;0;0;0;0;0;0;0;0;"N"
L,C,2;6318;6321;0.62;19;19,4;0;2;1;0;2150;2;2;0;1;1;0;60;0.62;2;101;0;0;1;135;"San Mateo";1;0;0;0;0;0;0;0;0;0;0;0;0;0;0;0;0;0;0;0;0;0;0;0;0;0;0;0;0;0;0;0;0;0;0;0;0;"S"
L,C,0;6317;6318;0.13;19;19,4;0;2;1;0;2150;2;2;0;1;0;0;60;0.13;2;101;0;0;1;135;"San Mateo";1;0;0;0;0;0;0;0;0;0;0;0;0;0;0;0;0;0;0;0;0;0;0;0;0;0;0;0;0;0;0;0;0;0;0;0;0;"S"
L,C,1;6190;6316;0.67;19;19,4;0;2;1;0;2150;2;2;0;1;1;0;60;0.67;2;101;0;0;1;135;"San Mateo";1;0;0;0;0;0;0;0;0;0;0;0;0;0;0;0;0;0;0;0;0;0;0;0;0;0;0;0;0;0;0;0;0;0;0;0;0;"N"
L,C,2;20533;6317;0.33;19;19,4;0;2;1;0;2150;3;2;0;1;1;0;60;0.33;2;101;0;0;1;27;"Burlingame";1;0;0;0;0;0;0;0;0;0;0;0;0;0;0;0;0;0;0;0;0;0;0;0;0;0;0;0;0;0;0;0;0;0;0;0;0;"S"
L,C,0;6540;6538;0.95;19;19,4;0;2;1;0;2150;2;2;0;1;1;0;60;0.95;2;101;0;0;1;27;"Burlingame";1;0;0;0;0;0;0;0;0;0;0;0;0;0;0;0;0;0;0;0;0;0;0;0;0;0;0;0;0;0;0;0;0;0;0;0;0;"N"
L,C,1;6539;6541;0.97;19;19,4;0;2;1;0;2150;2;2;0;1;1;0;60;0.97;2;101;0;0;1;27;"Burlingame";1;0;0;0;0;0;0;0;0;0;0;0;0;0;0;0;0;0;0;0;0;0;0;0;0;0;0;0;0;0;0;0;0;0;0;0;0;"S"
L,C,2;6559;6562;0.72;19;19,5;0;2;1;0;2150;2;2;0;1;0;0;60;0.72;2;101;0;0;1;177;"San Mateo County Remainder";1;0;0;0;0;0;0;0;0;0;0;0;0;0;0;0;0;0;0;0;0;0;0;0;0;0;0;0;0;0;0;0;0;0;0;0;0;"S"
L,C,0;6557;6554;0.98;19;19,4;0;2;1;0;2150;2;2;0;1;1;0;60;0.98;2;101;0;0;1;177;"San Mateo County Remainder";1;0;0;0;0;0;0;0;0;0;0;0;0;0;0;0;0;0;0;0;0;0;0;0;0;0;0;0;0;0;0;0;0;0;0;0;0;"N"
L,C,1;6567;6551;0.21;19;19,4;0;2;1;0;2150;2;2;0;1;1;0;60;0.21;2;101;0;0;1;177;"San Mateo County Remainder";1;0;0;0;0;0;0;0;0;0;0;0;0;0;0;0;0;0;0;0;0;0;0;0;0;0;0;0;0;0;0;0;0;0;0;0;0;"N"
L,C,2;6552;6569;0.23;19;19,4;0;2;1;0;2150;2;2;0;1;1;0;60;0.23;2;101;0;0;1;127;"San Bruno";1;0;0;0;0;0;0;0;0;0;0;0;0;0;0;0;0;0;0;0;0;0;0;0;0;0;0;0;0;0;0;0;0;0;0;0;0;"S"
L,C,0;6583;6581;0.16;19;19,4;0;2;1;0;2150;3;2;0;1;1;0;60;0.16;2;101;0;0;1;147;"South San Francisco";1;0;0;0;0;0;0;0;0;0;0;0;0;0;0;0;0;0;0;0;0;0;0;0;0;0;0;0;0;0;0;0;0;0;0;0;0;"N"
L,C,1;6576;6572;0.5;19;19,4;0;2;1;0;2150;3;2;0;1;0;0;60;0.5;2;101;0;0;1;147;"South San Francisco";1;0;0;0;0;0;0;0;0;0;0;0;0;0;0;0;0;0;0;0;0;0;0;0;0;0;0;0;0;0;0;0;0;0;0;0;0;"N"
L,C,2;6570;6577;0.17;19;19,4;0;2;1;0;2150;3;2;0;1;0;0;60;0.17;2;101;0;0;1;147;"South San Francisco";1;0;0;0;0;0;0;0;0;0;0;0;0;0;0;0;0;0;0;0;0;0;0;0;0;0;0;0;0;0;0;0;0;0;0;0;0;"S"
L,C,0;6556;6570;0.29;19;19,4;0;2;1;0;2150;3;2;0;1;0;0;60;0.29;2;101;0;0;1;147;"South San Francisco";1;0;0;0;0;0;0;0;0;0;0;0;0;0;0;0;0;0;0;0;0;0;0;0;0;0;0;0;0;0;0;0;0;0;0;0;0;"S"
L,C,1;6730;6803;0.42;19;19,4;0;1;1;0;2150;3;2;0;1;0;0;60;0.42;2;101;0;0;1;129;"San Francisco";1;0;0;0;0;0;0;0;0;0;0;0;0;0;0;0;0;0;0;0;0;0;0;0;0;0;0;0;0;0;0;0;0;0;0;0;0;"N"
L,C,2;6922;6925;0.48;22;22,4;0;1;1;0;2100;2;2;0;0;1;0;60;0.48;2;101;0;0;1;129;"San Francisco";1;0;0;0;0;0;0;0;0;0;0;0;0;0;0;0;0;0;0;0;0;0;0;0;0;0;0;0;0;0;0;0;0;0;0;0;0;"N"
L,C,0;6924;6923;0.42;22;22,3;0;1;1;0;2100;2;2;0;0;1;0;60;0.42;2;101;0;0;1;129;"San Francisco";1;0;0;0;0;0;0;0;0;0;0;0;0;0;0;0;0;0;0;0;0;0;0;0;0;0;0;0;0;0;0;0;0;0;0;0;0;"S"
